2023-10-13 11:30:05,671 [INFO] McuFinderGlobals:63 - Set McuFinder mode to 2 (CubeIDE integrated)
2023-10-13 11:30:18,396 [WARN] ServerAccessManage:1168 - Warning during Server Connection :  timeout Connect timed out
2023-10-13 11:30:19,398 [WARN] ServerAccessManage:1168 - Warning during Server Connection :  timeout Connect timed out
2023-10-13 11:30:19,400 [INFO] MainUpdater:2868 - connection check result : 22
2023-10-13 11:30:37,688 [INFO] MainUpdater:2868 - connection check result : 10
2023-10-13 11:30:39,420 [INFO] ApiDb:581 - Connected to CubeFinder SQLite database (/home/sumit/.stmcufinder/plugins/mcufinder/mcu/cube-finder-db.db)
2023-10-13 11:30:39,642 [INFO] ApiDb:668 - CubeFinder database Data Model version=2.1
2023-10-13 11:30:39,642 [INFO] ApiDb:669 - CubeFinder database Configuration version=3.0.37
2023-10-13 11:30:39,645 [INFO] ApiDb:670 - CubeFinder database generation date=2023-08-09 (1691586011)
2023-10-13 11:30:39,646 [INFO] ApiDb:671 - CubeFinder database FW Pack versions=[FP-ATR-ASTRA1_V2.0.0, FP-SNS-FLIGHT1_V5.0.1, FP-SNS-FLIGHT1_V5.0.2, FP-SNS-MOTENV1_V4.3.1, FP-SNS-MOTENV1_V4.3.2, STM32Cube_FW_C0_V1.1.0, STM32Cube_FW_F4_V1.27.1, STM32Cube_FW_F7_V1.17.0, STM32Cube_FW_G0_V1.6.1, STM32Cube_FW_G4_V1.5.1, STM32Cube_FW_H5_V0.5.1, STM32Cube_FW_H5_V1.1.0, STM32Cube_FW_H7_V1.11.0, STM32Cube_FW_L0_V1.12.2, STM32Cube_FW_L5_V1.5.0, STM32Cube_FW_U5_V1.3.0, STM32Cube_FW_U5_V1.3.0RC4, STM32Cube_FW_WBA_V1.0.0RC1, STM32Cube_FW_WBA_V1.1.0, STM32Cube_FW_WBA_V1.1.0RC1, STM32Cube_FW_WB_V1.15.0RC1, STM32Cube_FW_WB_V1.16.0, STM32Cube_FW_WB_V1.16.0RC2, STM32Cube_FW_WB_V1.17.0, STM32Cube_FW_WL_V1.3.0, X-CUBE-ALGOBUILD_V1.3.0, X-CUBE-ALS_V1.0.1, X-CUBE-AZRTOS-F4_V1.1.0, X-CUBE-AZRTOS-F7_V1.1.0, X-CUBE-AZRTOS-G0_V1.1.0, X-CUBE-AZRTOS-G4_V2.0.0, X-CUBE-AZRTOS-H7_V3.1.0, X-CUBE-AZRTOS-L4_V1.0.0, X-CUBE-AZRTOS-L4_V2.0.0, X-CUBE-AZRTOS-L5_V1.1.0, X-CUBE-AZRTOS-WB_V1.1.0, X-CUBE-AZRTOS-WL_V2.0.0, X-CUBE-BLE1_V7.0.0, X-CUBE-BLE2_V3.3.0, X-CUBE-BLEMGR_V2.0.0, X-CUBE-EEPRMA1_V4.1.0, X-CUBE-FREERTOS_V1.1.0, X-CUBE-GNSS1_V6.0.0, X-CUBE-MEMS1_V9.1.0, X-CUBE-MEMS1_V9.4.0, X-CUBE-MEMS1_V9.6.0, X-CUBE-NFC4_V3.0.0, X-CUBE-NFC7_V1.0.0, X-CUBE-SFXS2LP1_V4.0.0, X-CUBE-SUBG2_V5.0.0, X-CUBE-TOF1_V3.3.1]
2023-10-13 11:30:40,098 [INFO] DbBoardsSqlite:226 - include board P-NUCLEO-WB55-NUCLEO as a kit item of type 'Nucleo-64'
2023-10-13 11:30:40,099 [INFO] DbBoardsSqlite:226 - include board P-NUCLEO-WB55-USBDONGLE as a kit item of type 'Nucleo USB Dongle'
2023-10-13 11:30:40,101 [INFO] DbBoardsSqlite:226 - include board STEVAL-IDP005V1 as a kit item of type 'Evaluation Board'
2023-10-13 11:30:40,101 [INFO] DbBoardsSqlite:226 - include board STEVAL-IDP005V2 as a kit item of type 'Evaluation Board'
2023-10-13 11:30:40,439 [INFO] ApiDb:240 - Found 323 in-development CPN: [B-G473E-ZEST1S, B-WB1M-WPAN1, B-WL5M-SUBG1, NUCLEO-C031C6, NUCLEO-H503RB, NUCLEO-H563ZI, NUCLEO-U545RE-Q, NUCLEO-U5A5ZJ-Q, NUCLEO-WBA52CG, STEVAL-PROTEUS1, STEVAL-SMARTAG2, STEVAL-STWINBX1, STM320518-EVAL, STM32C0116-DK, STM32C011D6Y3TR, STM32C011D6Y6TR, STM32C011F4P3, STM32C011F4P6, STM32C011F4U3, STM32C011F4U6TR, STM32C011F6P3, STM32C011F6P6, STM32C011F6U3, STM32C011F6U6TR, STM32C011J4M3, STM32C011J4M6, STM32C011J6M3, STM32C011J6M6, STM32C0316-DK, STM32C031C4T3, STM32C031C4T6, STM32C031C4U3, STM32C031C4U6, STM32C031C6T3, STM32C031C6T6, STM32C031C6U3, STM32C031C6U6, STM32C031F4P3, STM32C031F4P6, STM32C031F6P3, STM32C031F6P6, STM32C031G4U3, STM32C031G4U6, STM32C031G6U3, STM32C031G6U6, STM32C031K4T3, STM32C031K4T6, STM32C031K4U3, STM32C031K4U6, STM32C031K6T3, STM32C031K6T6, STM32C031K6U3, STM32C031K6U6, STM32G071K8TXN, STM32G071K8UXN, STM32G081GBU6N, STM32G081KBT6N, STM32G081KBUXN, STM32G0B1CCT6N, STM32G0B1KCT6, STM32G0B1NEY6TR, STM32G0B1RCT6N, STM32G0C1CCT6, STM32G0C1CCT6N, STM32G0C1CCU6N, STM32G0C1CET6N, STM32G0C1CEU6N, STM32G0C1KCT6, STM32G0C1NEY6TR, STM32G0C1RCI6N, STM32G0C1RCT6N, STM32G0C1REI6N, STM32G0C1RET6N, STM32G0C1VCI6, STM32G0C1VEI6, STM32G471CCT6, STM32G471CCU6, STM32G471CET3, STM32G471CET6, STM32G471CEU3, STM32G471CEU6, STM32G471MCT6, STM32G471MET3, STM32G471MET6, STM32G471MEY6TR, STM32G471QCT6, STM32G471QET3, STM32G471RCT6, STM32G471RET3, STM32G471RET6, STM32G471VCH6, STM32G471VCI6, STM32G471VCT6, STM32G471VEH3, STM32G471VEH6, STM32G471VEI3, STM32G471VEI6, STM32G471VET3, STM32G471VET6, STM32G474CCT6, STM32H503CBT6, STM32H503CBU6, STM32H503EBY6TR, STM32H503KBU6, STM32H503RBT6, STM32H562AGI6, STM32H562AII6, STM32H562IGK6, STM32H562IGT6, STM32H562IIK6, STM32H562IIT6, STM32H562RGT6, STM32H562RGV6, STM32H562RIT6, STM32H562RIV6, STM32H562VGT6, STM32H562VIT6, STM32H562ZGT6, STM32H562ZIT6, STM32H563AGI6, STM32H563AII3Q, STM32H563AII6, STM32H563IGK6, STM32H563IGT6, STM32H563IIK3Q, STM32H563IIK6, STM32H563IIT3Q, STM32H563IIT6, STM32H563MIY3QTR, STM32H563RGT6, STM32H563RGV6, STM32H563RIT6, STM32H563RIV6, STM32H563VGT6, STM32H563VIT3Q, STM32H563VIT6, STM32H563ZGT6, STM32H563ZIT3Q, STM32H563ZIT6, STM32H573AII3Q, STM32H573AII6, STM32H573I-DK, STM32H573IIK3Q, STM32H573IIK6, STM32H573IIT3Q, STM32H573IIT6, STM32H573MIY3QTR, STM32H573RIT6, STM32H573RIV6, STM32H573VIT3Q, STM32H573VIT6, STM32H573ZIT3Q, STM32H573ZIT6, STM32L4R5QGI6STR, STM32MP131AAE3, STM32MP131AAF3, STM32MP131AAG3, STM32MP131CAE3, STM32MP131CAF3, STM32MP131CAG3, STM32MP131DAE7, STM32MP131DAF7, STM32MP131DAG7, STM32MP131FAE7, STM32MP131FAF7, STM32MP131FAG7, STM32MP133AAE3, STM32MP133AAF3, STM32MP133AAG3, STM32MP133CAE3, STM32MP133CAF3, STM32MP133CAG3, STM32MP133DAE7, STM32MP133DAF7, STM32MP133DAG7, STM32MP133FAE7, STM32MP133FAF7, STM32MP133FAG7, STM32MP135AAE3, STM32MP135AAF3, STM32MP135AAG3, STM32MP135CAE3, STM32MP135CAF3, STM32MP135CAG3, STM32MP135DAE7, STM32MP135DAF7, STM32MP135DAG7, STM32MP135F-DK, STM32MP135FAE7, STM32MP135FAF7, STM32MP135FAF7T, STM32MP135FAF7U, STM32MP135FAG7, STM32U535CBT6, STM32U535CBT6Q, STM32U535CBU6, STM32U535CBU6Q, STM32U535CCT6, STM32U535CCT6Q, STM32U535CCU6, STM32U535CCU6Q, STM32U535CET6, STM32U535CET6Q, STM32U535CEU6, STM32U535CEU6Q, STM32U535JEY6QTR, STM32U535NCY6QTR, STM32U535NEY6QTR, STM32U535RBI6, STM32U535RBI6Q, STM32U535RBT6, STM32U535RBT6Q, STM32U535RCI6, STM32U535RCI6Q, STM32U535RCT6, STM32U535RCT6Q, STM32U535REI6, STM32U535REI6Q, STM32U535RET6, STM32U535RET6Q, STM32U535VCI6, STM32U535VCI6Q, STM32U535VCT6, STM32U535VCT6Q, STM32U535VEI6, STM32U535VEI6Q, STM32U535VET6, STM32U535VET6Q, STM32U545CET6, STM32U545CET6Q, STM32U545CEU6, STM32U545CEU6Q, STM32U545JEY6QTR, STM32U545NEY6QTR, STM32U545REI6, STM32U545REI6Q, STM32U545RET6, STM32U545RET6Q, STM32U545VEI6, STM32U545VEI6Q, STM32U545VET6, STM32U545VET6Q, STM32U595AIH6, STM32U595AIH6Q, STM32U595AJH6, STM32U595AJH6Q, STM32U595QII6, STM32U595QII6Q, STM32U595QJI6, STM32U595QJI6Q, STM32U595RIT6, STM32U595RIT6Q, STM32U595RJT6, STM32U595RJT6Q, STM32U595VIT6, STM32U595VIT6Q, STM32U595VJT6, STM32U595VJT6Q, STM32U595ZIT6, STM32U595ZIT6Q, STM32U595ZIY6QTR, STM32U595ZJT6, STM32U595ZJT6Q, STM32U595ZJY6QTR, STM32U599BJY6QTR, STM32U599NIH6Q, STM32U599NJH6Q, STM32U599VIT6Q, STM32U599VJT6, STM32U599VJT6Q, STM32U599ZIT6Q, STM32U599ZIY6QTR, STM32U599ZJT6Q, STM32U599ZJY6QTR, STM32U5A5AJH6, STM32U5A5AJH6Q, STM32U5A5QJI6, STM32U5A5QJI6Q, STM32U5A5RJT6, STM32U5A5RJT6Q, STM32U5A5VJT6, STM32U5A5VJT6Q, STM32U5A5ZJT6, STM32U5A5ZJT6Q, STM32U5A5ZJY6QTR, STM32U5A9BJY6QTR, STM32U5A9J-DK, STM32U5A9NJH6Q, STM32U5A9VJT6Q, STM32U5A9ZJT6Q, STM32U5A9ZJY6QTR, STM32U5F7VIT6, STM32U5F7VIT6Q, STM32U5F7VJT6, STM32U5F7VJT6Q, STM32U5F9BJY6QTR, STM32U5F9NJH6Q, STM32U5F9VIT6Q, STM32U5F9VJT6Q, STM32U5F9ZIJ6QTR, STM32U5F9ZIT6Q, STM32U5F9ZJJ6QTR, STM32U5F9ZJT6Q, STM32U5G7VJT6, STM32U5G7VJT6Q, STM32U5G9BJY6QTR, STM32U5G9J-DK1, STM32U5G9J-DK2, STM32U5G9NJH6Q, STM32U5G9VJT6Q, STM32U5G9ZJJ6QTR, STM32U5G9ZJT6Q, STM32WB1MMCH6, STM32WBA52CEU6, STM32WBA52CEU6T, STM32WBA52CGU6, STM32WBA52CGU6T, STM32WBA52KEU6, STM32WBA52KEU6T, STM32WBA52KGU6, STM32WBA52KGU6T, STM32WL5MOCH6, STM32WL5MOCH6TR]
2023-10-13 11:30:40,582 [INFO] BoardInfo:880 - No configuration file found for board P-NUCLEO-WB55
2023-10-13 11:30:40,582 [INFO] DbBoards:157 - Kit is not supported: P-NUCLEO-WB55
2023-10-13 11:30:40,586 [INFO] BoardInfo:880 - No configuration file found for board STEVAL-BFA001V1B
2023-10-13 11:30:40,587 [INFO] DbBoards:157 - Kit is not supported: STEVAL-BFA001V1B
2023-10-13 11:30:40,588 [INFO] BoardInfo:880 - No configuration file found for board STEVAL-BFA001V2B
2023-10-13 11:30:40,588 [INFO] DbBoards:157 - Kit is not supported: STEVAL-BFA001V2B
2023-10-13 11:30:40,692 [INFO] DbBoards:161 - Found 190 boards, 187 are supported
2023-10-13 11:30:40,698 [INFO] ApiDb:668 - CubeFinder database Data Model version=2.1
2023-10-13 11:30:40,698 [INFO] ApiDb:669 - CubeFinder database Configuration version=3.0.37
2023-10-13 11:30:40,698 [INFO] ApiDb:670 - CubeFinder database generation date=2023-08-09 (1691586011)
2023-10-13 11:30:40,698 [INFO] ApiDb:671 - CubeFinder database FW Pack versions=[FP-ATR-ASTRA1_V2.0.0, FP-SNS-FLIGHT1_V5.0.1, FP-SNS-FLIGHT1_V5.0.2, FP-SNS-MOTENV1_V4.3.1, FP-SNS-MOTENV1_V4.3.2, STM32Cube_FW_C0_V1.1.0, STM32Cube_FW_F4_V1.27.1, STM32Cube_FW_F7_V1.17.0, STM32Cube_FW_G0_V1.6.1, STM32Cube_FW_G4_V1.5.1, STM32Cube_FW_H5_V0.5.1, STM32Cube_FW_H5_V1.1.0, STM32Cube_FW_H7_V1.11.0, STM32Cube_FW_L0_V1.12.2, STM32Cube_FW_L5_V1.5.0, STM32Cube_FW_U5_V1.3.0, STM32Cube_FW_U5_V1.3.0RC4, STM32Cube_FW_WBA_V1.0.0RC1, STM32Cube_FW_WBA_V1.1.0, STM32Cube_FW_WBA_V1.1.0RC1, STM32Cube_FW_WB_V1.15.0RC1, STM32Cube_FW_WB_V1.16.0, STM32Cube_FW_WB_V1.16.0RC2, STM32Cube_FW_WB_V1.17.0, STM32Cube_FW_WL_V1.3.0, X-CUBE-ALGOBUILD_V1.3.0, X-CUBE-ALS_V1.0.1, X-CUBE-AZRTOS-F4_V1.1.0, X-CUBE-AZRTOS-F7_V1.1.0, X-CUBE-AZRTOS-G0_V1.1.0, X-CUBE-AZRTOS-G4_V2.0.0, X-CUBE-AZRTOS-H7_V3.1.0, X-CUBE-AZRTOS-L4_V1.0.0, X-CUBE-AZRTOS-L4_V2.0.0, X-CUBE-AZRTOS-L5_V1.1.0, X-CUBE-AZRTOS-WB_V1.1.0, X-CUBE-AZRTOS-WL_V2.0.0, X-CUBE-BLE1_V7.0.0, X-CUBE-BLE2_V3.3.0, X-CUBE-BLEMGR_V2.0.0, X-CUBE-EEPRMA1_V4.1.0, X-CUBE-FREERTOS_V1.1.0, X-CUBE-GNSS1_V6.0.0, X-CUBE-MEMS1_V9.1.0, X-CUBE-MEMS1_V9.4.0, X-CUBE-MEMS1_V9.6.0, X-CUBE-NFC4_V3.0.0, X-CUBE-NFC7_V1.0.0, X-CUBE-SFXS2LP1_V4.0.0, X-CUBE-SUBG2_V5.0.0, X-CUBE-TOF1_V3.3.1]
2023-10-13 11:30:43,332 [INFO] ApiDb:240 - Found 323 in-development CPN: [B-G473E-ZEST1S, B-WB1M-WPAN1, B-WL5M-SUBG1, NUCLEO-C031C6, NUCLEO-H503RB, NUCLEO-H563ZI, NUCLEO-U545RE-Q, NUCLEO-U5A5ZJ-Q, NUCLEO-WBA52CG, STEVAL-PROTEUS1, STEVAL-SMARTAG2, STEVAL-STWINBX1, STM320518-EVAL, STM32C0116-DK, STM32C011D6Y3TR, STM32C011D6Y6TR, STM32C011F4P3, STM32C011F4P6, STM32C011F4U3, STM32C011F4U6TR, STM32C011F6P3, STM32C011F6P6, STM32C011F6U3, STM32C011F6U6TR, STM32C011J4M3, STM32C011J4M6, STM32C011J6M3, STM32C011J6M6, STM32C0316-DK, STM32C031C4T3, STM32C031C4T6, STM32C031C4U3, STM32C031C4U6, STM32C031C6T3, STM32C031C6T6, STM32C031C6U3, STM32C031C6U6, STM32C031F4P3, STM32C031F4P6, STM32C031F6P3, STM32C031F6P6, STM32C031G4U3, STM32C031G4U6, STM32C031G6U3, STM32C031G6U6, STM32C031K4T3, STM32C031K4T6, STM32C031K4U3, STM32C031K4U6, STM32C031K6T3, STM32C031K6T6, STM32C031K6U3, STM32C031K6U6, STM32G071K8TXN, STM32G071K8UXN, STM32G081GBU6N, STM32G081KBT6N, STM32G081KBUXN, STM32G0B1CCT6N, STM32G0B1KCT6, STM32G0B1NEY6TR, STM32G0B1RCT6N, STM32G0C1CCT6, STM32G0C1CCT6N, STM32G0C1CCU6N, STM32G0C1CET6N, STM32G0C1CEU6N, STM32G0C1KCT6, STM32G0C1NEY6TR, STM32G0C1RCI6N, STM32G0C1RCT6N, STM32G0C1REI6N, STM32G0C1RET6N, STM32G0C1VCI6, STM32G0C1VEI6, STM32G471CCT6, STM32G471CCU6, STM32G471CET3, STM32G471CET6, STM32G471CEU3, STM32G471CEU6, STM32G471MCT6, STM32G471MET3, STM32G471MET6, STM32G471MEY6TR, STM32G471QCT6, STM32G471QET3, STM32G471RCT6, STM32G471RET3, STM32G471RET6, STM32G471VCH6, STM32G471VCI6, STM32G471VCT6, STM32G471VEH3, STM32G471VEH6, STM32G471VEI3, STM32G471VEI6, STM32G471VET3, STM32G471VET6, STM32G474CCT6, STM32H503CBT6, STM32H503CBU6, STM32H503EBY6TR, STM32H503KBU6, STM32H503RBT6, STM32H562AGI6, STM32H562AII6, STM32H562IGK6, STM32H562IGT6, STM32H562IIK6, STM32H562IIT6, STM32H562RGT6, STM32H562RGV6, STM32H562RIT6, STM32H562RIV6, STM32H562VGT6, STM32H562VIT6, STM32H562ZGT6, STM32H562ZIT6, STM32H563AGI6, STM32H563AII3Q, STM32H563AII6, STM32H563IGK6, STM32H563IGT6, STM32H563IIK3Q, STM32H563IIK6, STM32H563IIT3Q, STM32H563IIT6, STM32H563MIY3QTR, STM32H563RGT6, STM32H563RGV6, STM32H563RIT6, STM32H563RIV6, STM32H563VGT6, STM32H563VIT3Q, STM32H563VIT6, STM32H563ZGT6, STM32H563ZIT3Q, STM32H563ZIT6, STM32H573AII3Q, STM32H573AII6, STM32H573I-DK, STM32H573IIK3Q, STM32H573IIK6, STM32H573IIT3Q, STM32H573IIT6, STM32H573MIY3QTR, STM32H573RIT6, STM32H573RIV6, STM32H573VIT3Q, STM32H573VIT6, STM32H573ZIT3Q, STM32H573ZIT6, STM32L4R5QGI6STR, STM32MP131AAE3, STM32MP131AAF3, STM32MP131AAG3, STM32MP131CAE3, STM32MP131CAF3, STM32MP131CAG3, STM32MP131DAE7, STM32MP131DAF7, STM32MP131DAG7, STM32MP131FAE7, STM32MP131FAF7, STM32MP131FAG7, STM32MP133AAE3, STM32MP133AAF3, STM32MP133AAG3, STM32MP133CAE3, STM32MP133CAF3, STM32MP133CAG3, STM32MP133DAE7, STM32MP133DAF7, STM32MP133DAG7, STM32MP133FAE7, STM32MP133FAF7, STM32MP133FAG7, STM32MP135AAE3, STM32MP135AAF3, STM32MP135AAG3, STM32MP135CAE3, STM32MP135CAF3, STM32MP135CAG3, STM32MP135DAE7, STM32MP135DAF7, STM32MP135DAG7, STM32MP135F-DK, STM32MP135FAE7, STM32MP135FAF7, STM32MP135FAF7T, STM32MP135FAF7U, STM32MP135FAG7, STM32U535CBT6, STM32U535CBT6Q, STM32U535CBU6, STM32U535CBU6Q, STM32U535CCT6, STM32U535CCT6Q, STM32U535CCU6, STM32U535CCU6Q, STM32U535CET6, STM32U535CET6Q, STM32U535CEU6, STM32U535CEU6Q, STM32U535JEY6QTR, STM32U535NCY6QTR, STM32U535NEY6QTR, STM32U535RBI6, STM32U535RBI6Q, STM32U535RBT6, STM32U535RBT6Q, STM32U535RCI6, STM32U535RCI6Q, STM32U535RCT6, STM32U535RCT6Q, STM32U535REI6, STM32U535REI6Q, STM32U535RET6, STM32U535RET6Q, STM32U535VCI6, STM32U535VCI6Q, STM32U535VCT6, STM32U535VCT6Q, STM32U535VEI6, STM32U535VEI6Q, STM32U535VET6, STM32U535VET6Q, STM32U545CET6, STM32U545CET6Q, STM32U545CEU6, STM32U545CEU6Q, STM32U545JEY6QTR, STM32U545NEY6QTR, STM32U545REI6, STM32U545REI6Q, STM32U545RET6, STM32U545RET6Q, STM32U545VEI6, STM32U545VEI6Q, STM32U545VET6, STM32U545VET6Q, STM32U595AIH6, STM32U595AIH6Q, STM32U595AJH6, STM32U595AJH6Q, STM32U595QII6, STM32U595QII6Q, STM32U595QJI6, STM32U595QJI6Q, STM32U595RIT6, STM32U595RIT6Q, STM32U595RJT6, STM32U595RJT6Q, STM32U595VIT6, STM32U595VIT6Q, STM32U595VJT6, STM32U595VJT6Q, STM32U595ZIT6, STM32U595ZIT6Q, STM32U595ZIY6QTR, STM32U595ZJT6, STM32U595ZJT6Q, STM32U595ZJY6QTR, STM32U599BJY6QTR, STM32U599NIH6Q, STM32U599NJH6Q, STM32U599VIT6Q, STM32U599VJT6, STM32U599VJT6Q, STM32U599ZIT6Q, STM32U599ZIY6QTR, STM32U599ZJT6Q, STM32U599ZJY6QTR, STM32U5A5AJH6, STM32U5A5AJH6Q, STM32U5A5QJI6, STM32U5A5QJI6Q, STM32U5A5RJT6, STM32U5A5RJT6Q, STM32U5A5VJT6, STM32U5A5VJT6Q, STM32U5A5ZJT6, STM32U5A5ZJT6Q, STM32U5A5ZJY6QTR, STM32U5A9BJY6QTR, STM32U5A9J-DK, STM32U5A9NJH6Q, STM32U5A9VJT6Q, STM32U5A9ZJT6Q, STM32U5A9ZJY6QTR, STM32U5F7VIT6, STM32U5F7VIT6Q, STM32U5F7VJT6, STM32U5F7VJT6Q, STM32U5F9BJY6QTR, STM32U5F9NJH6Q, STM32U5F9VIT6Q, STM32U5F9VJT6Q, STM32U5F9ZIJ6QTR, STM32U5F9ZIT6Q, STM32U5F9ZJJ6QTR, STM32U5F9ZJT6Q, STM32U5G7VJT6, STM32U5G7VJT6Q, STM32U5G9BJY6QTR, STM32U5G9J-DK1, STM32U5G9J-DK2, STM32U5G9NJH6Q, STM32U5G9VJT6Q, STM32U5G9ZJJ6QTR, STM32U5G9ZJT6Q, STM32WB1MMCH6, STM32WBA52CEU6, STM32WBA52CEU6T, STM32WBA52CGU6, STM32WBA52CGU6T, STM32WBA52KEU6, STM32WBA52KEU6T, STM32WBA52KGU6, STM32WBA52KGU6T, STM32WL5MOCH6, STM32WL5MOCH6TR]
2023-10-13 11:30:43,338 [INFO] DbMcus:217 - Found 3848 MCUs, 3848 are supported
2023-10-13 11:30:43,345 [INFO] ApiDb:423 - Load user favorites file /home/sumit/.stm32cubeide/favorites.mcus.txt: 0 item(s)
2023-10-13 11:30:43,345 [INFO] ApiDb:427 - User favorites MCUs=[]
2023-10-13 11:30:43,346 [INFO] DbMcus:223 - Set 0 / 0 favorites MCUs
2023-10-13 11:30:43,739 [INFO] ApiDb:423 - Load user favorites file /home/sumit/.stm32cubeide/favorites.boards.txt: 0 item(s)
2023-10-13 11:30:43,739 [INFO] ApiDb:427 - User favorites Boards=[]
2023-10-13 11:30:43,739 [INFO] DbBoards:190 - Set 0 / 0 favorites Boards
2023-10-13 11:30:43,739 [INFO] McuFinderGlobals:76 - Set McuFinderConnectedMode to true
2023-10-13 11:30:43,782 [INFO] MultiScanPanel:200 - Auto-refresh data requested => check proxy status ongoing
2023-10-13 11:30:43,786 [INFO] FinderPluginLoader:95 - Searching for filters in installed packs
2023-10-13 11:30:46,777 [INFO] LoadUrlFilesThread:185 - End of LoadServerUrlFiles without Thread
2023-10-13 11:30:46,828 [INFO] DetailPanel:341 - Set advertising image to /home/sumit/STM32Cube/Repository//en.prom-stm32h5-mcu-finder.jpg
2023-10-13 11:31:08,866 [INFO] MultiScanPanel:200 - Auto-refresh data requested => check proxy status ongoing
2023-10-13 11:31:09,243 [INFO] LoadUrlFilesThread:185 - End of LoadServerUrlFiles without Thread
2023-10-13 11:31:09,243 [INFO] DetailPanel:341 - Set advertising image to /home/sumit/STM32Cube/Repository//en.prom-stm32h5-mcu-finder.jpg
2023-10-13 11:31:09,258 [INFO] DbBoards:634 - Loading board mini-images...
2023-10-13 11:31:13,735 [INFO] DbBoards:657 - Loaded 190 board mini-images
2023-10-13 11:31:49,618 [INFO] MainUpdater:2868 - connection check result : 10
2023-10-13 11:31:49,619 [INFO] MainUpdater:2868 - connection check result : 10
2023-10-13 11:31:49,738 [INFO] MicroXplorer:468 - Change Database Path : 
2023-10-13 11:31:49,738 [INFO] MicroXplorer:498 - Change Database Version : DB.6.0.91
2023-10-13 11:31:49,775 [WARN] ThirdParty:871 - waiting for thirdparty lock release [close project]
2023-10-13 11:31:49,775 [INFO] ThirdParty:873 - entering critical section [close project]
2023-10-13 11:31:49,800 [INFO] ThirdParty:883 - exiting critical section [close project]
2023-10-13 11:31:50,107 [INFO] PinOutPanel:1499 - setPackage(No Configuration,No Configuration)
2023-10-13 11:31:50,114 [INFO] UtilMem:75 - Begin LoadConfig() Used Memory: 575524448 Bytes (975175680)
2023-10-13 11:31:50,390 [INFO] OpenFileManager:308 - Change cursor
2023-10-13 11:31:50,706 [INFO] ProjectFactory:402 - No CPN specified for board STM32F3348-DISCO => set CPN to STM32F334C8T6
2023-10-13 11:31:50,707 [INFO] Mcu:1946 - Initializing MCU STM32F334C(4-6-8)Tx STM32F334C8Tx STM32F334C8T6
2023-10-13 11:31:54,363 [INFO] Context:659 - Trying to add GPIOservice into a context  which must be forbidden
2023-10-13 11:31:56,103 [INFO] Rule:228 - rule 117617 - U5Cobra4M][GTZC] default value MPCBB3 and MPCBB5 - Not Secured memory - MPCBB1 is applicable
2023-10-13 11:31:56,103 [INFO] Rule:228 - rule 117617 - U5Cobra4M][GTZC] default value MPCBB3 and MPCBB5 - Not Secured memory - MPCBB1 is applicable
2023-10-13 11:31:56,104 [INFO] Rule:228 - rule 117617 - U5Cobra4M][GTZC] default value MPCBB3 and MPCBB5 - Not Secured memory - MPCBB2 is applicable
2023-10-13 11:31:56,104 [INFO] Rule:228 - rule 117617 - U5Cobra4M][GTZC] default value MPCBB3 and MPCBB5 - Not Secured memory - MPCBB2 is applicable
2023-10-13 11:31:56,104 [INFO] Rule:228 - rule 117617 - U5Cobra4M][GTZC] default value MPCBB3 and MPCBB5 - Not Secured memory - MPCBB3 is applicable
2023-10-13 11:31:56,104 [INFO] Rule:228 - rule 117617 - U5Cobra4M][GTZC] default value MPCBB3 and MPCBB5 - Not Secured memory - MPCBB3 is applicable
2023-10-13 11:31:56,104 [INFO] Rule:228 - rule 117617 - U5Cobra4M][GTZC] default value MPCBB3 and MPCBB5 - Not Secured memory - MPCBB4 is applicable
2023-10-13 11:31:56,104 [INFO] Rule:228 - rule 117617 - U5Cobra4M][GTZC] default value MPCBB3 and MPCBB5 - Not Secured memory - MPCBB4 is applicable
2023-10-13 11:31:56,104 [INFO] Rule:228 - rule 117617 - U5Cobra4M][GTZC] default value MPCBB3 and MPCBB5 - Secured memory - MPCBB1 is applicable
2023-10-13 11:31:56,104 [INFO] Rule:228 - rule 117617 - U5Cobra4M][GTZC] default value MPCBB3 and MPCBB5 - Secured memory - MPCBB2 is applicable
2023-10-13 11:31:56,104 [INFO] Rule:228 - rule 117617 - U5Cobra4M][GTZC] default value MPCBB3 and MPCBB5 - Secured memory - MPCBB3 is applicable
2023-10-13 11:31:56,104 [INFO] Rule:228 - rule 117617 - U5Cobra4M][GTZC] default value MPCBB3 and MPCBB5 - Secured memory - MPCBB4 is applicable
2023-10-13 11:31:56,104 [INFO] Rule:228 - rule 117617 - U5Cobra4M][GTZC] default value MPCBB3 and MPCBB5 - Privileged memory - MPCBB1 is applicable
2023-10-13 11:31:56,105 [INFO] Rule:228 - rule 117617 - U5Cobra4M][GTZC] default value MPCBB3 and MPCBB5 - Privileged memory - MPCBB2 is applicable
2023-10-13 11:31:56,105 [INFO] Rule:228 - rule 117617 - U5Cobra4M][GTZC] default value MPCBB3 and MPCBB5 - Privileged memory - MPCBB3 is applicable
2023-10-13 11:31:56,105 [INFO] Rule:228 - rule 117617 - U5Cobra4M][GTZC] default value MPCBB3 and MPCBB5 - Privileged memory - MPCBB4 is applicable
2023-10-13 11:31:56,105 [INFO] Rule:228 - rule 117617 - U5Cobra4M][GTZC] default value MPCBB3 and MPCBB5 - Not Privileged memory - MPCBB1 is applicable
2023-10-13 11:31:56,105 [INFO] Rule:228 - rule 117617 - U5Cobra4M][GTZC] default value MPCBB3 and MPCBB5 - Not Privileged memory - MPCBB2 is applicable
2023-10-13 11:31:56,105 [INFO] Rule:228 - rule 117617 - U5Cobra4M][GTZC] default value MPCBB3 and MPCBB5 - Not Privileged memory - MPCBB3 is applicable
2023-10-13 11:31:56,105 [INFO] Rule:228 - rule 117617 - U5Cobra4M][GTZC] default value MPCBB3 and MPCBB5 - Not Privileged memory - MPCBB4 is applicable
2023-10-13 11:31:56,105 [INFO] Rule:228 - rule 117617 - U5Cobra4M][GTZC] default value MPCBB3 and MPCBB5 - Privileged memory - MPCBB1 is applicable
2023-10-13 11:31:56,105 [INFO] Rule:228 - rule 117617 - U5Cobra4M][GTZC] default value MPCBB3 and MPCBB5 - Privileged memory - MPCBB2 is applicable
2023-10-13 11:31:56,106 [INFO] Rule:228 - rule 117617 - U5Cobra4M][GTZC] default value MPCBB3 and MPCBB5 - Privileged memory - MPCBB3 is applicable
2023-10-13 11:31:56,106 [INFO] Rule:228 - rule 117617 - U5Cobra4M][GTZC] default value MPCBB3 and MPCBB5 - Privileged memory - MPCBB4 is applicable
2023-10-13 11:31:56,106 [INFO] Rule:228 - rule 117617 - U5Cobra4M][GTZC] default value MPCBB3 and MPCBB5 - Privileged memory - MPCBB1 is applicable
2023-10-13 11:31:56,106 [INFO] Rule:228 - rule 117617 - U5Cobra4M][GTZC] default value MPCBB3 and MPCBB5 - Privileged memory - MPCBB2 is applicable
2023-10-13 11:31:56,106 [INFO] Rule:228 - rule 117617 - U5Cobra4M][GTZC] default value MPCBB3 and MPCBB5 - Privileged memory - MPCBB3 is applicable
2023-10-13 11:31:56,106 [INFO] Rule:228 - rule 117617 - U5Cobra4M][GTZC] default value MPCBB3 and MPCBB5 - Privileged memory - MPCBB4 is applicable
2023-10-13 11:31:56,106 [INFO] Rule:228 - rule 117617 - U5Cobra4M][GTZC] default value MPCBB3 and MPCBB5 - Not Privileged memory - MPCBB1 is applicable
2023-10-13 11:31:56,106 [INFO] Rule:228 - rule 117617 - U5Cobra4M][GTZC] default value MPCBB3 and MPCBB5 - Not Privileged memory - MPCBB2 is applicable
2023-10-13 11:31:56,106 [INFO] Rule:228 - rule 117617 - U5Cobra4M][GTZC] default value MPCBB3 and MPCBB5 - Not Privileged memory - MPCBB3 is applicable
2023-10-13 11:31:56,106 [INFO] Rule:228 - rule 117617 - U5Cobra4M][GTZC] default value MPCBB3 and MPCBB5 - Not Privileged memory - MPCBB4 is applicable
2023-10-13 11:31:56,106 [INFO] Rule:228 - rule 117617 - U5Cobra4M][GTZC] default value MPCBB3 and MPCBB5 - Privileged memory - MPCBB1 is applicable
2023-10-13 11:31:56,106 [INFO] Rule:228 - rule 117617 - U5Cobra4M][GTZC] default value MPCBB3 and MPCBB5 - Privileged memory - MPCBB2 is applicable
2023-10-13 11:31:56,107 [INFO] Rule:228 - rule 117617 - U5Cobra4M][GTZC] default value MPCBB3 and MPCBB5 - Privileged memory - MPCBB3 is applicable
2023-10-13 11:31:56,107 [INFO] Rule:228 - rule 117617 - U5Cobra4M][GTZC] default value MPCBB3 and MPCBB5 - Privileged memory - MPCBB4 is applicable
2023-10-13 11:31:56,107 [INFO] Rule:228 - rule Rename SubGHz_Phy SUBGHZ_APPLICATION SUBGHZ_PINGPONG to SUBGHZ_ADV_APPLICATION is applicable
2023-10-13 11:31:56,107 [INFO] Rule:228 - rule Rename Enabled to IBEACON is applicable
2023-10-13 11:31:56,107 [INFO] Rule:228 - rule GTZC_S instance for project manager is applicable
2023-10-13 11:31:56,107 [INFO] Rule:228 - rule GTZC_S instance for context M33S is applicable
2023-10-13 11:31:56,107 [INFO] Rule:228 - rule GTZC_S instance value for IP GTZC is applicable
2023-10-13 11:31:56,107 [INFO] Rule:228 - rule GTZC_S instance for mcu.IP is applicable
2023-10-13 11:31:56,107 [INFO] Rule:228 - rule GTZC_S instance for VP is applicable
2023-10-13 11:31:56,107 [INFO] Rule:228 - rule GTZC_S instance for signal is applicable
2023-10-13 11:31:56,107 [INFO] Rule:228 - rule GTZC_S instance for mcu.Pin is applicable
2023-10-13 11:31:56,108 [INFO] Rule:228 - rule GTZC_S instance for VP is applicable
2023-10-13 11:31:56,108 [INFO] Rule:228 - rule GTZC_S instance for signal is applicable
2023-10-13 11:31:56,108 [INFO] Rule:228 - rule GTZC_S instance for mcu is applicable
2023-10-13 11:31:56,108 [INFO] Rule:228 - rule GTZC_S instance for mcu.Pin is applicable
2023-10-13 11:31:56,108 [INFO] Rule:228 - rule GTZC_S instance value for IP GTZC is applicable
2023-10-13 11:31:56,108 [INFO] Rule:228 - rule GTZC_S instance for project manager is applicable
2023-10-13 11:31:56,108 [INFO] Rule:228 - rule GTZC_S instance for context M33S is applicable
2023-10-13 11:31:56,108 [INFO] Rule:228 - rule GTZC_S instance for VP is applicable
2023-10-13 11:31:56,108 [INFO] Rule:228 - rule GTZC_S instance for signal is applicable
2023-10-13 11:31:56,108 [INFO] Rule:228 - rule SPDIFRX instance for mcu is applicable
2023-10-13 11:31:56,109 [INFO] Rule:228 - rule Rename Tracer Mode is applicable
2023-10-13 11:31:56,109 [INFO] Rule:228 - rule SPDIFRX instance value for IP SPDIFRX is applicable
2023-10-13 11:31:56,109 [INFO] Rule:228 - rule SPDIFRX instance for signal is applicable
2023-10-13 11:31:56,109 [INFO] Rule:228 - rule SPDIFRX instance for project manager is applicable
2023-10-13 11:31:56,109 [INFO] Rule:228 - rule SPDIFRX instance for project manager is applicable
2023-10-13 11:31:56,109 [INFO] Rule:228 - rule ADC Scan  fix with FW F7 is applicable
2023-10-13 11:31:56,109 [INFO] Rule:228 - rule ADC Scan  fix with FW F7 is applicable
2023-10-13 11:31:56,109 [INFO] Rule:228 - rule WakeUp0 Mode is applicable
2023-10-13 11:31:56,110 [INFO] Rule:228 - rule WakeUp0 SIGNAL is applicable
2023-10-13 11:31:56,110 [INFO] Rule:228 - rule WakeUp1 Mode is applicable
2023-10-13 11:31:56,110 [INFO] Rule:228 - rule WakeUp1 SIGNAL is applicable
2023-10-13 11:31:56,110 [INFO] Rule:228 - rule WakeUp2 Mode is applicable
2023-10-13 11:31:56,110 [INFO] Rule:228 - rule WakeUp2 SIGNAL is applicable
2023-10-13 11:31:56,110 [INFO] Rule:228 - rule WakeUp4 Mode is applicable
2023-10-13 11:31:56,110 [INFO] Rule:228 - rule WakeUp4 SIGNAL is applicable
2023-10-13 11:31:56,110 [INFO] Rule:228 - rule WakeUp5 Mode is applicable
2023-10-13 11:31:56,110 [INFO] Rule:228 - rule WakeUp5 SIGNAL is applicable
2023-10-13 11:31:56,110 [INFO] Rule:228 - rule Add RTC Activate Clock Source is applicable
2023-10-13 11:31:56,111 [INFO] Rule:228 - rule Add RTC Activate Calendar 1 is applicable
2023-10-13 11:31:56,111 [INFO] Rule:228 - rule Add RTC Activate Calendar 2 is applicable
2023-10-13 11:31:56,111 [INFO] Rule:228 - rule Add RTC Activate Calendar 3 is applicable
2023-10-13 11:31:56,111 [INFO] Rule:228 - rule UART/USART TX Mode is applicable
2023-10-13 11:31:56,111 [INFO] Rule:228 - rule UART/USART RX Mode is applicable
2023-10-13 11:31:56,111 [INFO] Rule:228 - rule UART/USART RX TX Mode is applicable
2023-10-13 11:31:56,111 [INFO] Rule:228 - rule UART/USART PARITY NONE is applicable
2023-10-13 11:31:56,111 [INFO] Rule:228 - rule UART/USART PARITY EVEN is applicable
2023-10-13 11:31:56,111 [INFO] Rule:228 - rule UART/USART PARITY ODD is applicable
2023-10-13 11:31:56,111 [INFO] Rule:228 - rule USART StopBits 1 is applicable
2023-10-13 11:31:56,111 [INFO] Rule:228 - rule USART StopBits 2 is applicable
2023-10-13 11:31:56,112 [INFO] Rule:228 - rule USART StopBits 1.5 is applicable
2023-10-13 11:31:56,112 [INFO] Rule:228 - rule USART StopBits 0.5 is applicable
2023-10-13 11:31:56,112 [INFO] Rule:228 - rule UART/USART WORD LENGTH 7 is applicable
2023-10-13 11:31:56,112 [INFO] Rule:228 - rule UART/USART WORD LENGTH 8 is applicable
2023-10-13 11:31:56,112 [INFO] Rule:228 - rule UART/USART WORD LENGTH 9 is applicable
2023-10-13 11:31:56,112 [INFO] Rule:228 - rule Rename FMC NAND NCE signal is applicable
2023-10-13 11:31:56,112 [INFO] Rule:228 - rule Rename FMC NAND INT signal is applicable
2023-10-13 11:31:56,112 [INFO] Rule:228 - rule Change Default Value for LSE Drive Capability for WB family is applicable
2023-10-13 11:31:56,112 [INFO] Rule:228 - rule Change Default Value for ADC Clock Prescaler G0 family is applicable
2023-10-13 11:31:56,112 [INFO] Rule:228 - rule Change Default Value for ADC ExternalTrigConv L4 family is applicable
2023-10-13 11:31:56,112 [INFO] Rule:228 - rule Change Default Value for ADC ExternalTrigInjecConv L4 family is applicable
2023-10-13 11:31:56,112 [INFO] Rule:228 - rule Change Default Value for ADC ExternalTrigConv F3 family is applicable
2023-10-13 11:31:56,113 [INFO] Rule:228 - rule Change Default Value for ADC ExternalTrigInjecConv F3 family is applicable
2023-10-13 11:31:56,113 [INFO] Rule:228 - rule Change Default Value for ADC ExternalTrigConv Goldfish serie is applicable
2023-10-13 11:31:56,113 [INFO] Rule:228 - rule Change Default Value for ADC ExternalTrigInjecConv Goldfish serie is applicable
2023-10-13 11:31:56,113 [INFO] Rule:228 - rule Change Default Value for ADC ExternalTrigConv L0 family is applicable
2023-10-13 11:31:56,113 [INFO] Rule:228 - rule Change Default Value for ADC ExternalTrigConv F0 family is applicable
2023-10-13 11:31:56,113 [INFO] Rule:228 - rule Change Default Value for ADC ExternalTrigConvn L1 family is applicable
2023-10-13 11:31:56,113 [INFO] Rule:228 - rule Change Default Value for ADC ExternalTrigInjecConv L1 family is applicable
2023-10-13 11:31:56,113 [INFO] Rule:228 - rule Change Default Value for ADC ExternalTrigConv F1 family is applicable
2023-10-13 11:31:56,113 [INFO] Rule:228 - rule Change Default Value for ADC ExternalTrigInjecConv F1 family is applicable
2023-10-13 11:31:56,113 [INFO] Rule:228 - rule Change Default Value for ADC ExternalTrigConv F7 family is applicable
2023-10-13 11:31:56,113 [INFO] Rule:228 - rule Change Default Value for ADC ExternalTrigInjecConv F7 family is applicable
2023-10-13 11:31:56,114 [INFO] Rule:228 - rule Change Default Value for ADC ExternalTrigConv F4 and F2 family is applicable
2023-10-13 11:31:56,114 [INFO] Rule:228 - rule Change Default Value for ADC ExternalTrigInjecConv F4 and F2 family is applicable
2023-10-13 11:31:56,114 [INFO] Rule:228 - rule ADC SamplingTime fix with FW L0  is applicable
2023-10-13 11:31:56,114 [INFO] Rule:228 - rule ADC SamplingTime fix with FW L0  is applicable
2023-10-13 11:31:56,114 [INFO] Rule:228 - rule ADC SamplingTime fix with FW L0 is applicable
2023-10-13 11:31:56,114 [INFO] Rule:228 - rule ADC SamplingTime fix with FW L0 is applicable
2023-10-13 11:31:56,114 [INFO] Rule:228 - rule ADC SamplingTime fix with FW L0  is applicable
2023-10-13 11:31:56,114 [INFO] Rule:228 - rule ADC SamplingTime fix with FW L0 is applicable
2023-10-13 11:31:56,114 [INFO] Rule:228 - rule Rename USB_OE Signal is applicable
2023-10-13 11:31:56,114 [INFO] Rule:228 - rule Rename Activate_OE Mode is applicable
2023-10-13 11:31:56,114 [INFO] Rule:228 - rule Rename DIE462/DIE415 pin PC14/OSC32_IN -> PC14-OSC32_IN (PC14) is applicable
2023-10-13 11:31:56,115 [INFO] Rule:228 - rule Rename DIE462/DIE415 pin PC15/OSC32_OUT -> PC15-OSC32_OUT (PC15) is applicable
2023-10-13 11:31:56,115 [INFO] Rule:228 - rule Rename DIE462/DIE415 pin PH0/OSC_IN -> PH0-OSC_IN (PH0) is applicable
2023-10-13 11:31:56,115 [INFO] Rule:228 - rule Rename DIE462/DIE415 pin PH1/OSC_OUT -> PH1-OSC_OUT (PH1) is applicable
2023-10-13 11:31:56,115 [INFO] Rule:228 - rule Rename DIE462 pin PA13 -> PA13 (JTMS/SWDIO) is applicable
2023-10-13 11:31:56,115 [INFO] Rule:228 - rule Rename DIE415 pin PA13 -> PA13 (JTMS/SWDIO) is applicable
2023-10-13 11:31:56,115 [INFO] Rule:228 - rule Rename DIE462 pin PA14 -> PA14 (JTCK/SWCLK) is applicable
2023-10-13 11:31:56,115 [INFO] Rule:228 - rule Rename DIE415 pin PA14 -> PA14 (JTCK/SWCLK) is applicable
2023-10-13 11:31:56,115 [INFO] Rule:228 - rule Rename DIE462/DIE415 pin PA15 -> PA15 (JTDI) is applicable
2023-10-13 11:31:56,115 [INFO] Rule:228 - rule Rename DIE462 pin PB3 -> PB3 (JTD0/TRACESWO) is applicable
2023-10-13 11:31:56,115 [INFO] Rule:228 - rule Rename DIE415 pin PB3 -> PB3 (JTD0-TRACESWO) is applicable
2023-10-13 11:31:56,115 [INFO] Rule:228 - rule Rename DIE462/DIE415 pin PB4 -> PB4 (NJTRST) is applicable
2023-10-13 11:31:56,115 [INFO] Rule:228 - rule Rename DIE462 pin PH3/BOOT0 -> PH3-BOOT0 (BOOT0) is applicable
2023-10-13 11:31:56,116 [INFO] Rule:228 - rule Rename CRYP DataEncryptionTypesList to Algorithm is applicable
2023-10-13 11:31:56,116 [INFO] Rule:228 - rule Rename AES DataEncryptionTypesList to Algorithm is applicable
2023-10-13 11:31:56,116 [INFO] Rule:228 - rule Rename TDESECB to CRYP_TDES_ECB is applicable
2023-10-13 11:31:56,116 [INFO] Rule:228 - rule Rename TDESCBC to CRYP_TDES_CBC is applicable
2023-10-13 11:31:56,116 [INFO] Rule:228 - rule Rename DESECB to CRYP_DES_ECB is applicable
2023-10-13 11:31:56,116 [INFO] Rule:228 - rule Rename DESCBC to CRYP_DES_CBC is applicable
2023-10-13 11:31:56,116 [INFO] Rule:228 - rule Rename AESECB to CRYP_AES_ECB is applicable
2023-10-13 11:31:56,116 [INFO] Rule:228 - rule Rename AESCBC to CRYP_AES_CBC is applicable
2023-10-13 11:31:56,116 [INFO] Rule:228 - rule Rename AESCTR to CRYP_AES_CTR is applicable
2023-10-13 11:31:56,116 [INFO] Rule:228 - rule Rename AESGCM to CRYP_AES_GCM is applicable
2023-10-13 11:31:56,116 [INFO] Rule:228 - rule Rename AESCCM to CRYP_AES_CCM is applicable
2023-10-13 11:31:56,116 [INFO] Rule:228 - rule Rename CAN TimeSeg1 to BS1 is applicable
2023-10-13 11:31:56,117 [INFO] Rule:228 - rule Rename CAN TimeSeg2 to BS2 is applicable
2023-10-13 11:31:56,117 [INFO] Rule:228 - rule Rename CAN SyncJumpWidth to SJW is applicable
2023-10-13 11:31:56,117 [INFO] Rule:228 - rule TimeTriggeredMode to TTCM is applicable
2023-10-13 11:31:56,117 [INFO] Rule:228 - rule Rename CAN AutoBusOff to ABOM is applicable
2023-10-13 11:31:56,117 [INFO] Rule:228 - rule Rename CAN AutoWakeUp to AWUM is applicable
2023-10-13 11:31:56,117 [INFO] Rule:228 - rule Rename CAN AutoRetransmission to NART is applicable
2023-10-13 11:31:56,117 [INFO] Rule:228 - rule Rename CAN ReceiveFifoLocked to RFLM is applicable
2023-10-13 11:31:56,117 [INFO] Rule:228 - rule Rename CAN TransmitFifoPriority to TXFP is applicable
2023-10-13 11:31:56,117 [INFO] Rule:228 - rule Rename HRTIMER HRTIM_OUTPUTFAULTLEVEL_HIGH in HRTIMER HRTIM_OUTPUTFAULTLEVEL_HIGHZ is applicable
2023-10-13 11:31:56,117 [INFO] Rule:228 - rule Rename TIMER TIM_CLEARINPUTSOURCE_OCREFCLR in  TIMER TIM_CLEARINPUTSOURCE_NONE for F7 family is applicable
2023-10-13 11:31:56,117 [INFO] Rule:228 - rule FDCAN_R1 - Rename FDCAN mode Master into Classic is applicable
2023-10-13 11:31:56,118 [INFO] Rule:228 - rule FDCAN_R2 - Rename FDCAN mode Slave into Classic is applicable
2023-10-13 11:31:56,118 [INFO] Rule:228 - rule FDCAN1_R3 - if PA10.Mode=FullDuplex, add Pin PA12 is applicable
2023-10-13 11:31:56,118 [INFO] Rule:228 - rule FDCAN1_R3 - if PA9.Mode=FullDuplex, add Pin PA11 is applicable
2023-10-13 11:31:56,118 [INFO] Rule:228 - rule FDCAN1_R3 - Alternatepin_1 - if PE1.Mode=FullDuplex, add Pin PB9 is applicable
2023-10-13 11:31:56,118 [INFO] Rule:228 - rule FDCAN1_R3 - Alternatepin_1 - if PE0.Mode=FullDuplex, add Pin PB8 is applicable
2023-10-13 11:31:56,118 [INFO] Rule:228 - rule FDCAN1_R3 - Alternatepin_2 - if PD5.Mode=FullDuplex, add Pin PD1 is applicable
2023-10-13 11:31:56,118 [INFO] Rule:228 - rule FDCAN1_R3 - Alternatepin_2 - if PD4.Mode=FullDuplex, add Pin PD0 is applicable
2023-10-13 11:31:56,118 [INFO] Rule:228 - rule FDCAN1_R4 - Rename Mode FullDuplex into Enable FDCAN_TXFD for pin PA10 is applicable
2023-10-13 11:31:56,118 [INFO] Rule:228 - rule FDCAN1_R4 - Rename Mode FullDuplex into Enable FDCAN_TXFD for pin PA9 is applicable
2023-10-13 11:31:56,118 [INFO] Rule:228 - rule FDCAN1_R4 - Alternatepin_1 - Rename Mode FullDuplex into Enable FDCAN_TXFD for pin PE1 is applicable
2023-10-13 11:31:56,118 [INFO] Rule:228 - rule FDCAN1_R4 - Alternatepin_1 - Rename Mode FullDuplex into Enable FDCAN_TXFD for pin PE0 is applicable
2023-10-13 11:31:56,118 [INFO] Rule:228 - rule FDCAN1_R4 - Alternatepin_2 - Rename Mode FullDuplex into Enable FDCAN_TXFD for pin PD5 is applicable
2023-10-13 11:31:56,119 [INFO] Rule:228 - rule FDCAN1_R4 - Alternatepin_2 - Rename Mode FullDuplex into Enable FDCAN_TXFD for pin PD4 is applicable
2023-10-13 11:31:56,119 [INFO] Rule:228 - rule FDCAN2_R3 - if PD10.Mode=FullDuplex, add Pin PB13 is applicable
2023-10-13 11:31:56,119 [INFO] Rule:228 - rule FDCAN2_R3 - if PD9.Mode=FullDuplex, add Pin PB12 is applicable
2023-10-13 11:31:56,119 [INFO] Rule:228 - rule FDCAN2_R3 - Alternatepin_1 - if PB7.Mode=FullDuplex, add Pin PB6 is applicable
2023-10-13 11:31:56,119 [INFO] Rule:228 - rule FDCAN2_R3 - Alternatepin_1 - if PD9.Mode=FullDuplex, add Pin PB12 is applicable
2023-10-13 11:31:56,119 [INFO] Rule:228 - rule FDCAN2_R4 - Rename Mode FullDuplex into Enable FDCAN_TXFD for pin PD10 is applicable
2023-10-13 11:31:56,119 [INFO] Rule:228 - rule FDCAN2_R4 - Rename Mode FullDuplex into Enable FDCAN_TXFD for pin PD9 is applicable
2023-10-13 11:31:56,119 [INFO] Rule:228 - rule FDCAN2_R4 - Alternatepin_1 - Rename Mode FullDuplex into Enable FDCAN_TXFD for pin PB7 is applicable
2023-10-13 11:31:56,119 [INFO] Rule:228 - rule FDCAN2_R4 - Alternatepin_1 - Rename Mode FullDuplex into Enable FDCAN_TXFD for pin PD6 is applicable
2023-10-13 11:31:56,119 [INFO] Rule:228 - rule USART TxPinLevelInvertParam Mode is applicable
2023-10-13 11:31:56,119 [INFO] Rule:228 - rule USART RxPinLevelInvertParam Mode is applicable
2023-10-13 11:31:56,119 [INFO] Rule:228 - rule USART DataInvertParam Mode is applicable
2023-10-13 11:31:56,120 [INFO] Rule:228 - rule USART SwapParam Mode is applicable
2023-10-13 11:31:56,120 [INFO] Rule:228 - rule USART OverrunDisableParam Mode is applicable
2023-10-13 11:31:56,120 [INFO] Rule:228 - rule USART DMADisableonRxErrorParam Mode is applicable
2023-10-13 11:31:56,120 [INFO] Rule:228 - rule USART MSBFirstParam Mode is applicable
2023-10-13 11:31:56,120 [INFO] Rule:228 - rule Update MwName for USB_DEVICE is applicable
2023-10-13 11:31:56,120 [INFO] Rule:228 - rule Change PWR_Regulator_Voltage_Scale Default Value for RCC  H7 family is applicable
2023-10-13 11:31:56,120 [INFO] Rule:228 - rule UART/USART IPParameter rename Prescaler parameter to ClockPrescaler is applicable
2023-10-13 11:31:56,120 [INFO] Rule:228 - rule UART/USART Prescaler rename Prescaler parameter to ClockPrescaler is applicable
2023-10-13 11:31:56,120 [INFO] Rule:228 - rule TIM1CLockSelection is applicable
2023-10-13 11:31:56,120 [INFO] Rule:228 - rule TIM15CLockSelection is applicable
2023-10-13 11:31:56,120 [INFO] Rule:228 - rule align RCC SDMMC3CLockSelection default value on MP1 is applicable
2023-10-13 11:31:56,121 [INFO] Rule:228 - rule align RCC SDMMC12CLockSelection default value on MP1 is applicable
2023-10-13 11:31:56,121 [INFO] Rule:228 - rule align RCC QSPICLockSelection default value on MP1 is applicable
2023-10-13 11:31:56,121 [INFO] Rule:228 - rule align RCC QSPICLockSelection default value on MP1 is applicable
2023-10-13 11:31:56,121 [INFO] Rule:228 - rule align RCC SPI6CLockSelection default value on MP1 is applicable
2023-10-13 11:31:56,121 [INFO] Rule:228 - rule align RCC LPTIM23CLockSelection default value on MP1 is applicable
2023-10-13 11:31:56,121 [INFO] Rule:228 - rule align RCC LPTIM1CLockSelection default value on MP1 is applicable
2023-10-13 11:31:56,121 [INFO] Rule:228 - rule align RCC USART1CLockSelection default value on MP1 is applicable
2023-10-13 11:31:56,121 [INFO] Rule:228 - rule align RCC USART24CLockSelection default value on MP1 is applicable
2023-10-13 11:31:56,121 [INFO] Rule:228 - rule align RCC USART6CLockSelection default value on MP1 is applicable
2023-10-13 11:31:56,121 [INFO] Rule:228 - rule align RCC UART78CLockSelection default value on MP1 is applicable
2023-10-13 11:31:56,121 [INFO] Rule:228 - rule align RCC USART35CLockSelection default value on MP1 is applicable
2023-10-13 11:31:56,122 [INFO] Rule:228 - rule align RCC SPI45CLockSelection default value on MP1 is applicable
2023-10-13 11:31:56,122 [INFO] Rule:228 - rule align RCC I2C46CLockSelection BCLK value on MP1 is applicable
2023-10-13 11:31:56,122 [INFO] Rule:228 - rule align RCC SPI45CLockSelection default value on MP1 is applicable
2023-10-13 11:31:56,123 [INFO] Rule:228 - rule align RCC I2C12CLockSelection default value on MP1 is applicable
2023-10-13 11:31:56,123 [INFO] Rule:228 - rule align RCC I2C35CLockSelection default value on MP1 is applicable
2023-10-13 11:31:56,123 [INFO] Rule:228 - rule align RCC LPTIM45CLockSelection default value on MP1 is applicable
2023-10-13 11:31:56,123 [INFO] Rule:228 - rule Rename DCMI PIXCK signal is applicable
2023-10-13 11:31:56,123 [INFO] Rule:228 - rule Change Default Value for I2C46CLockSelection MP1 family is applicable
2023-10-13 11:31:56,123 [INFO] Rule:228 - rule Change Default Value for UART for G4, G0 and WB families is applicable
2023-10-13 11:31:56,123 [INFO] Rule:228 - rule Change Default Value for USART for G4, G0 and WB families is applicable
2023-10-13 11:31:56,123 [INFO] Rule:228 - rule Change Default Value for USART for G4 family is applicable
2023-10-13 11:31:56,123 [INFO] Rule:228 - rule Change USART1CLockSelection refparam name for MP1 is applicable
2023-10-13 11:31:56,123 [INFO] Rule:228 - rule Change USART2CLockSelection refparam name for MP1 is applicable
2023-10-13 11:31:56,123 [INFO] Rule:228 - rule Change USART3CLockSelection refparam name for MP1 is applicable
2023-10-13 11:31:56,124 [INFO] Rule:228 - rule Change UART4CLockSelection refparam name for MP1 is applicable
2023-10-13 11:31:56,124 [INFO] Rule:228 - rule Change UART5CLockSelection refparam name for MP1 is applicable
2023-10-13 11:31:56,124 [INFO] Rule:228 - rule Change LPUART1CLockSelection refparam name for MP1 is applicable
2023-10-13 11:31:56,124 [INFO] Rule:228 - rule Change LPTIM1CLockSelection refparam name for MP1 is applicable
2023-10-13 11:31:56,124 [INFO] Rule:228 - rule Change LPTIM2CLockSelection refparam name for MP1 is applicable
2023-10-13 11:31:56,124 [INFO] Rule:228 - rule Change RCC_MCO1Source refparam name for MP1 is applicable
2023-10-13 11:31:56,124 [INFO] Rule:228 - rule Change LSCOSource1 refparam name for MP1 is applicable
2023-10-13 11:31:56,124 [INFO] Rule:228 - rule Change SMPSCLockSelection refparam name for MP1 is applicable
2023-10-13 11:31:56,124 [INFO] Rule:228 - rule Change LPTIM3CLockSelection refparam name for MP1 is applicable
2023-10-13 11:31:56,124 [INFO] Rule:228 - rule Change MPCBB* Default Template Mode to Parameters is applicable
2023-10-13 11:31:56,124 [INFO] Rule:228 - rule Change MPCWM* or MPCBB* Secure Mode to Parameters is applicable
2023-10-13 11:31:56,125 [INFO] Rule:228 - rule Change MPCWM* or MPCBB* No Secure Mode to Parameters is applicable
2023-10-13 11:31:56,125 [INFO] Rule:228 - rule Change TZSC IP Secure Mode to Parameters is applicable
2023-10-13 11:31:56,125 [INFO] Rule:228 - rule Change TZSC IP No Secure Mode to Parameters is applicable
2023-10-13 11:31:56,125 [INFO] Rule:228 - rule Change TZSC IP Privilege Mode to Parameters is applicable
2023-10-13 11:31:56,125 [INFO] Rule:228 - rule Change TZSC IP No Privilege Mode to Parameters is applicable
2023-10-13 11:31:56,125 [INFO] Rule:228 - rule Change TZIC IT Secure Mode to Parameters is applicable
2023-10-13 11:31:56,125 [INFO] Rule:228 - rule Change TZIC IT No Secure Mode to Parameters is applicable
2023-10-13 11:31:56,125 [INFO] Rule:228 - rule Add MPCBB1_NonSecureArea_Start_Address value with referenced to MPCBB1_NonSecureArea_Start value is applicable
2023-10-13 11:31:56,125 [INFO] Rule:228 - rule Add MPCBB2_NonSecureArea_Start_Address value with referenced to MPCBB2_NonSecureArea_Start value is applicable
2023-10-13 11:31:56,125 [INFO] Rule:228 - rule Add MPCWM1_NonSecureArea*_Start_Address value with referenced to MPCWM1_NonSecureArea*_Start value is applicable
2023-10-13 11:31:56,125 [INFO] Rule:228 - rule Add MPCWM2_NonSecureArea*_Start_Address value with referenced to MPCWM2_NonSecureArea*_Start value is applicable
2023-10-13 11:31:56,126 [INFO] Rule:228 - rule Add MPCWM3_NonSecureArea_Start_Address value with referenced to MPCWM3_NonSecureArea_Start value is applicable
2023-10-13 11:31:56,126 [INFO] Rule:228 - rule Change Default Value for PLL1UserDefinedConfig is applicable
2023-10-13 11:31:56,126 [INFO] Rule:228 - rule Change GPIO_PuPd Default Value for USART in async mode is applicable
2023-10-13 11:31:56,126 [INFO] Rule:228 - rule Change SMPSDivider Default Value is applicable
2023-10-13 11:31:56,126 [INFO] Rule:228 - rule OPAMP is applicable
2023-10-13 11:31:56,126 [INFO] Rule:228 - rule LPUART IPParameter rename Prescaler parameter to ClockPrescaler for STM32H7 is applicable
2023-10-13 11:31:56,126 [INFO] Rule:228 - rule LPUART IPParameter rename Prescaler parameter to ClockPrescaler for STM32H7 is applicable
2023-10-13 11:31:56,126 [INFO] Rule:228 - rule LPUART IPParameter rename Prescaler parameter to ClockPrescaler for STM32WB is applicable
2023-10-13 11:31:56,126 [INFO] Rule:228 - rule LPUART IPParameter rename Prescaler parameter to ClockPrescaler for STM32WB is applicable
2023-10-13 11:31:56,126 [INFO] Rule:228 - rule LPUART IPParameter rename Prescaler parameter to ClockPrescaler for STM32G4 is applicable
2023-10-13 11:31:56,126 [INFO] Rule:228 - rule LPUART IPParameter rename Prescaler parameter to ClockPrescaler for STM32G4 is applicable
2023-10-13 11:31:56,126 [INFO] Rule:228 - rule LPUART IPParameter rename Prescaler parameter to ClockPrescaler for STM32L5 is applicable
2023-10-13 11:31:56,127 [INFO] Rule:228 - rule LPUART IPParameter rename Prescaler parameter to ClockPrescaler for STM32L5 is applicable
2023-10-13 11:31:56,127 [INFO] Rule:228 - rule LPUART IPParameter rename Prescaler parameter to ClockPrescaler for STM32G4 is applicable
2023-10-13 11:31:56,127 [INFO] Rule:228 - rule LPUART IPParameter rename Prescaler parameter to ClockPrescaler for STM32G4 is applicable
2023-10-13 11:31:56,127 [INFO] Rule:228 - rule USB device lib V2.5.3 for L0 rename USBD_SUPPORT_USER_STRING parameter to USBD_SUPPORT_USER_STRING_DESC4 is applicable
2023-10-13 11:31:56,127 [INFO] Rule:228 - rule I2SCLockSelection clock entry align is applicable
2023-10-13 11:31:56,127 [INFO] Rule:228 - rule Assign TIMx context if used as SYS timebase is applicable
2023-10-13 11:31:56,127 [INFO] Rule:228 - rule Change GPIO_Pu Default Value for I2C is applicable
2023-10-13 11:31:56,127 [INFO] Rule:228 - rule Change GPIO_Pu Default Value for SMBus is applicable
2023-10-13 11:31:56,127 [INFO] Rule:228 - rule change FDCAN default value is applicable
2023-10-13 11:31:56,127 [INFO] Rule:228 - rule Change mode sai is applicable
2023-10-13 11:31:56,127 [INFO] Rule:228 - rule **Change sai mode is applicable
2023-10-13 11:31:56,148 [INFO] DbConfProperties:307 - Apply Compatibility (41/258 Rules)
2023-10-13 11:31:56,197 [INFO] ImportTextPane:194 - (OptionalMessage_ERROR) Unable to find key (Mcu.ThirdPartyNb) in loaded IOC file
2023-10-13 11:31:56,500 [INFO] RtosManager:555 - Registered RTOS mode: class=CMSIS, group=RTOS, mode=CMSIS_V1, owner=FREERTOS
2023-10-13 11:31:56,501 [INFO] RtosManager:555 - Registered RTOS mode: class=CMSIS, group=RTOS2, mode=CMSIS_V2, owner=FREERTOS
2023-10-13 11:31:56,501 [INFO] RtosManager:555 - Registered RTOS mode: class=RTOS, group=Core, mode=CMSIS_V1, owner=FREERTOS
2023-10-13 11:31:56,501 [INFO] RtosManager:555 - Registered RTOS mode: class=RTOS, group=Core, mode=CMSIS_V2, owner=FREERTOS
2023-10-13 11:31:56,501 [WARN] ModelIntegratedComponent:184 - Missing modes for component STMicroelectronics:FreeRTOS:0.0.1:STMicroelectronics:RTOS:FreeRTOS:Core:::10.2.0:
2023-10-13 11:31:56,517 [WARN] ModelIntegratedComponent:63 - No mode defined for component null
2023-10-13 11:31:56,517 [WARN] ModelIntegratedComponent:63 - No mode defined for component null
2023-10-13 11:31:56,517 [WARN] ModelIntegratedComponent:63 - No mode defined for component null
2023-10-13 11:31:56,517 [WARN] ModelIntegratedComponent:63 - No mode defined for component null
2023-10-13 11:31:56,517 [WARN] ModelIntegratedComponent:63 - No mode defined for component null
2023-10-13 11:31:56,517 [WARN] ModelIntegratedComponent:63 - No mode defined for component null
2023-10-13 11:31:56,517 [WARN] ModelIntegratedComponent:63 - No mode defined for component null
2023-10-13 11:31:56,518 [WARN] ModelIntegratedComponent:63 - No mode defined for component null
2023-10-13 11:31:56,518 [WARN] ModelIntegratedComponent:63 - No mode defined for component null
2023-10-13 11:31:56,518 [WARN] ModelIntegratedComponent:63 - No mode defined for component null
2023-10-13 11:31:56,518 [WARN] ModelIntegratedComponent:63 - No mode defined for component null
2023-10-13 11:31:56,518 [WARN] ModelIntegratedComponent:63 - No mode defined for component null
2023-10-13 11:31:56,518 [WARN] ModelIntegratedComponent:63 - No mode defined for component null
2023-10-13 11:31:56,518 [WARN] ModelIntegratedComponent:63 - No mode defined for component null
2023-10-13 11:31:56,518 [WARN] ModelIntegratedComponent:63 - No mode defined for component null
2023-10-13 11:31:56,518 [WARN] ModelIntegratedComponent:63 - No mode defined for component null
2023-10-13 11:31:56,518 [WARN] ModelIntegratedComponent:63 - No mode defined for component null
2023-10-13 11:31:56,518 [WARN] ModelIntegratedComponent:63 - No mode defined for component null
2023-10-13 11:31:56,518 [WARN] ModelIntegratedComponent:63 - No mode defined for component null
2023-10-13 11:31:56,518 [WARN] ModelIntegratedComponent:63 - No mode defined for component null
2023-10-13 11:31:56,518 [WARN] ModelIntegratedComponent:63 - No mode defined for component null
2023-10-13 11:31:56,518 [WARN] ModelIntegratedComponent:63 - No mode defined for component null
2023-10-13 11:31:56,519 [WARN] ModelIntegratedComponent:63 - No mode defined for component null
2023-10-13 11:31:56,519 [WARN] ModelIntegratedComponent:63 - No mode defined for component null
2023-10-13 11:31:56,519 [WARN] ModelIntegratedComponent:63 - No mode defined for component null
2023-10-13 11:31:56,519 [WARN] ModelIntegratedComponent:63 - No mode defined for component null
2023-10-13 11:31:56,519 [WARN] ModelIntegratedComponent:63 - No mode defined for component null
2023-10-13 11:31:56,519 [WARN] ModelIntegratedComponent:63 - No mode defined for component null
2023-10-13 11:31:56,519 [WARN] ModelIntegratedComponent:63 - No mode defined for component null
2023-10-13 11:31:56,519 [WARN] ModelIntegratedComponent:63 - No mode defined for component null
2023-10-13 11:31:56,519 [WARN] ModelIntegratedComponent:63 - No mode defined for component null
2023-10-13 11:31:56,519 [WARN] ModelIntegratedComponent:63 - No mode defined for component null
2023-10-13 11:31:56,519 [WARN] ModelIntegratedComponent:63 - No mode defined for component null
2023-10-13 11:31:56,547 [INFO] ThirdPartyModel:298 - Start build external matchings
2023-10-13 11:31:57,132 [INFO] ThirdPartyModel:316 - End build external matchings
2023-10-13 11:31:57,451 [INFO] UtilMem:75 - End LoadConfig() Used Memory: 478748688 Bytes (975175680)
2023-10-13 11:31:57,685 [WARN] ThirdParty:833 - waiting for thirdparty lock release [change project]
2023-10-13 11:31:57,685 [INFO] ThirdParty:835 - entering critical section [change project]
2023-10-13 11:31:57,686 [INFO] ThirdParty:1030 - CMSIS Pack Vendor :STMicroelectronics X-CUBE-ISPU 1.1.0
2023-10-13 11:31:57,686 [INFO] ThirdParty:1030 - CMSIS Pack Vendor :STMicroelectronics USBPD 4.1
2023-10-13 11:31:57,686 [INFO] ThirdParty:1030 - CMSIS Pack Vendor :STMicroelectronics X-CUBE-GNSS1 6.0.0
2023-10-13 11:31:57,686 [INFO] ThirdParty:1030 - CMSIS Pack Vendor :STMicroelectronics USB_HOST 2.0.0
2023-10-13 11:31:57,686 [INFO] ThirdParty:1030 - CMSIS Pack Vendor :STMicroelectronics X-CUBE-AZRTOS-F4 1.1.0
2023-10-13 11:31:57,686 [INFO] ThirdParty:1030 - CMSIS Pack Vendor :STMicroelectronics LIBJPEG 8.0.0
2023-10-13 11:31:57,686 [INFO] ThirdParty:1030 - CMSIS Pack Vendor :wolfSSL I-CUBE-wolfSSL 5.6.3
2023-10-13 11:31:57,686 [INFO] ThirdParty:1030 - CMSIS Pack Vendor :STMicroelectronics X-CUBE-SMBUS 2.1.0
2023-10-13 11:31:57,686 [INFO] ThirdParty:1030 - CMSIS Pack Vendor :STMicroelectronics USB_DEVICE 3.0.0
2023-10-13 11:31:57,687 [INFO] ThirdParty:1030 - CMSIS Pack Vendor :STMicroelectronics X-CUBE-AZRTOS-WB 2.0.0
2023-10-13 11:31:57,687 [INFO] ThirdParty:1030 - CMSIS Pack Vendor :STMicroelectronics X-CUBE-AZRTOS-F7 1.1.0
2023-10-13 11:31:57,687 [INFO] ThirdParty:1030 - CMSIS Pack Vendor :STMicroelectronics X-CUBE-AZRTOS-L5 2.0.0
2023-10-13 11:31:57,687 [INFO] ThirdParty:1030 - CMSIS Pack Vendor :STMicroelectronics USB_DEVICE 2.0.0
2023-10-13 11:31:57,687 [INFO] ThirdParty:1030 - CMSIS Pack Vendor :STMicroelectronics X-CUBE-MEMS1 9.6.0
2023-10-13 11:31:57,687 [INFO] ThirdParty:1030 - CMSIS Pack Vendor :ITTIA_DB I-CUBE-ITTIADB 8.8.0
2023-10-13 11:31:57,687 [INFO] ThirdParty:1030 - CMSIS Pack Vendor :STMicroelectronics FP-SNS-MOTENV1 4.3.2
2023-10-13 11:31:57,687 [INFO] ThirdParty:1030 - CMSIS Pack Vendor :STMicroelectronics X-CUBE-ALGOBUILD 1.3.0
2023-10-13 11:31:57,687 [INFO] ThirdParty:1030 - CMSIS Pack Vendor :STMicroelectronics FreeRTOS 0.0.1
2023-10-13 11:31:57,687 [INFO] ThirdParty:1030 - CMSIS Pack Vendor :STMicroelectronics X-CUBE-AZRTOS-G0 1.1.0
2023-10-13 11:31:57,688 [INFO] ThirdParty:1030 - CMSIS Pack Vendor :STMicroelectronics X-CUBE-BLEMGR 2.0.0
2023-10-13 11:31:57,688 [INFO] ThirdParty:1030 - CMSIS Pack Vendor :STMicroelectronics X-CUBE-NFC4 3.0.0
2023-10-13 11:31:57,688 [INFO] ThirdParty:1030 - CMSIS Pack Vendor :STMicroelectronics X-CUBE-SUBG2 5.0.0
2023-10-13 11:31:57,688 [INFO] ThirdParty:1030 - CMSIS Pack Vendor :STMicroelectronics STM32_WPAN 1.0.0
2023-10-13 11:31:57,688 [INFO] ThirdParty:1030 - CMSIS Pack Vendor :STMicroelectronics lwIP 2.0.3
2023-10-13 11:31:57,688 [INFO] ThirdParty:1030 - CMSIS Pack Vendor :STMicroelectronics FP-SNS-FLIGHT1 5.0.2
2023-10-13 11:31:57,688 [INFO] ThirdParty:1030 - CMSIS Pack Vendor :STMicroelectronics USB_HOST 1.0.0
2023-10-13 11:31:57,688 [INFO] ThirdParty:1030 - CMSIS Pack Vendor :STMicroelectronics X-CUBE-TOF1 3.3.1
2023-10-13 11:31:57,689 [INFO] ThirdParty:1030 - CMSIS Pack Vendor :STMicroelectronics X-CUBE-AZRTOS-G4 2.0.0
2023-10-13 11:31:57,689 [INFO] ThirdParty:1030 - CMSIS Pack Vendor :STMicroelectronics PDM2PCM 3.1.0
2023-10-13 11:31:57,689 [INFO] ThirdParty:1030 - CMSIS Pack Vendor :STMicroelectronics X-CUBE-AZRTOS-H7 3.1.0
2023-10-13 11:31:57,689 [INFO] ThirdParty:1030 - CMSIS Pack Vendor :Infineon AIROC-Wi-Fi-Bluetooth-STM32 1.5.1
2023-10-13 11:31:57,689 [INFO] ThirdParty:1030 - CMSIS Pack Vendor :STMicroelectronics PDM2PCM 3.3.0
2023-10-13 11:31:57,689 [INFO] ThirdParty:1030 - CMSIS Pack Vendor :STMicroelectronics X-CUBE-DISPLAY 3.0.0
2023-10-13 11:31:57,690 [INFO] ThirdParty:1030 - CMSIS Pack Vendor :STMicroelectronics X-CUBE-BLE1 7.0.0
2023-10-13 11:31:57,690 [INFO] ThirdParty:1030 - CMSIS Pack Vendor :STMicroelectronics FP-ATR-SIGFOX1 3.2.0
2023-10-13 11:31:57,690 [INFO] ThirdParty:1030 - CMSIS Pack Vendor :STMicroelectronics HAL Drivers 0.0.0
2023-10-13 11:31:57,690 [INFO] ThirdParty:1030 - CMSIS Pack Vendor :STMicroelectronics MBEDTLS 2.16.2
2023-10-13 11:31:57,690 [INFO] ThirdParty:1030 - CMSIS Pack Vendor :emotas I-CUBE-CANOPEN 1.3.0
2023-10-13 11:31:57,690 [INFO] ThirdParty:1030 - CMSIS Pack Vendor :STMicroelectronics X-CUBE-FREERTOS 1.1.0
2023-10-13 11:31:57,690 [INFO] ThirdParty:1030 - CMSIS Pack Vendor :STMicroelectronics X-CUBE-TOUCHGFX 4.22.0
2023-10-13 11:31:57,690 [INFO] ThirdParty:1030 - CMSIS Pack Vendor :STMicroelectronics X-CUBE-NFC7 1.0.1
2023-10-13 11:31:57,690 [INFO] ThirdParty:1030 - CMSIS Pack Vendor :STMicroelectronics MBEDTLS 2.14.1
2023-10-13 11:31:57,691 [INFO] ThirdParty:1030 - CMSIS Pack Vendor :STMicroelectronics X-CUBE-TOUCHGFX 4.22.1
2023-10-13 11:31:57,691 [INFO] ThirdParty:1030 - CMSIS Pack Vendor :STMicroelectronics X-CUBE-NFC6 3.0.0
2023-10-13 11:31:57,691 [INFO] ThirdParty:1030 - CMSIS Pack Vendor :STMicroelectronics X-CUBE-EEPRMA1 4.1.0
2023-10-13 11:31:57,691 [INFO] ThirdParty:1030 - CMSIS Pack Vendor :portGmbH I-Cube-SoM-uGOAL 1.1.0
2023-10-13 11:31:57,691 [INFO] ThirdParty:1030 - CMSIS Pack Vendor :STMicroelectronics X-CUBE-ALS 1.0.1
2023-10-13 11:31:57,691 [INFO] ThirdParty:1030 - CMSIS Pack Vendor :STMicroelectronics ThreadX 1.0.0
2023-10-13 11:31:57,691 [INFO] ThirdParty:1030 - CMSIS Pack Vendor :STMicroelectronics FP-SNS-SMARTAG2 1.2.0
2023-10-13 11:31:57,691 [INFO] ThirdParty:1030 - CMSIS Pack Vendor :STMicroelectronics X-CUBE-AZRTOS-WL 2.0.0
2023-10-13 11:31:57,691 [INFO] ThirdParty:1030 - CMSIS Pack Vendor :SEGGER I-CUBE-embOS 1.3.1
2023-10-13 11:31:57,692 [INFO] ThirdParty:1030 - CMSIS Pack Vendor :STMicroelectronics USB_DEVICE 1.0.0
2023-10-13 11:31:57,692 [INFO] ThirdParty:1030 - CMSIS Pack Vendor :STMicroelectronics X-CUBE-AI 8.1.0
2023-10-13 11:31:57,692 [INFO] ThirdParty:1030 - CMSIS Pack Vendor :STMicroelectronics X-CUBE-AZRTOS-L4 2.0.0
2023-10-13 11:31:57,692 [INFO] ThirdParty:1030 - CMSIS Pack Vendor :STMicroelectronics ThreadX 0.0.2
2023-10-13 11:31:57,692 [INFO] ThirdParty:1030 - CMSIS Pack Vendor :WES I-CUBE-Cesium 1.3.0
2023-10-13 11:31:57,692 [INFO] ThirdParty:1030 - CMSIS Pack Vendor :STMicroelectronics FP-ATR-ASTRA1 2.0.0
2023-10-13 11:31:57,692 [INFO] ThirdParty:1030 - CMSIS Pack Vendor :STMicroelectronics lwIP 2.1.2
2023-10-13 11:31:57,692 [INFO] ThirdParty:1030 - CMSIS Pack Vendor :STMicroelectronics X-CUBE-SFXS2LP1 4.0.0
2023-10-13 11:31:57,692 [INFO] ThirdParty:1030 - CMSIS Pack Vendor :STMicroelectronics X-CUBE-BLE2 3.3.0
2023-10-13 11:31:57,693 [INFO] ThirdParty:1030 - CMSIS Pack Vendor :STMicroelectronics PDM2PCM 3.2.0
2023-10-13 11:31:57,693 [INFO] ThirdParty:841 - exiting critical section [change project]
2023-10-13 11:31:58,273 [INFO] PinOutPanel:1499 - setPackage(No Configuration,No Configuration)
2023-10-13 11:31:58,275 [INFO] PinOutPanel:1499 - setPackage(STM32F334C8Tx,LQFP48)
2023-10-13 11:31:59,418 [INFO] UtilMem:75 - Before build in PCC Used Memory: 441447600 Bytes (975175680)
2023-10-13 11:32:01,161 [INFO] UtilMem:75 - After build in PCC Used Memory: 588248240 Bytes (975175680)
2023-10-13 11:32:01,210 [INFO] IPUIPlugin:80 - create IPUIPlugin
2023-10-13 11:32:01,210 [INFO] IPUIPlugin:80 - create IPUIPlugin
2023-10-13 11:32:01,210 [INFO] IPUIPlugin:80 - create IPUIPlugin
2023-10-13 11:32:01,210 [INFO] IPUIPlugin:80 - create IPUIPlugin
2023-10-13 11:32:01,211 [INFO] IPUIPlugin:80 - create IPUIPlugin
2023-10-13 11:32:01,211 [INFO] IPUIPlugin:80 - create IPUIPlugin
2023-10-13 11:32:01,211 [INFO] IPUIPlugin:80 - create IPUIPlugin
2023-10-13 11:32:01,211 [INFO] IPUIPlugin:80 - create IPUIPlugin
2023-10-13 11:32:01,211 [INFO] IPUIPlugin:80 - create IPUIPlugin
2023-10-13 11:32:01,211 [INFO] IPUIPlugin:80 - create IPUIPlugin
2023-10-13 11:32:01,212 [INFO] IPUIPlugin:80 - create IPUIPlugin
2023-10-13 11:32:01,212 [INFO] IPUIPlugin:80 - create IPUIPlugin
2023-10-13 11:32:01,212 [INFO] IPUIPlugin:80 - create IPUIPlugin
2023-10-13 11:32:01,212 [INFO] IPUIPlugin:80 - create IPUIPlugin
2023-10-13 11:32:01,212 [INFO] IPUIPlugin:80 - create IPUIPlugin
2023-10-13 11:32:01,212 [INFO] IPUIPlugin:80 - create IPUIPlugin
2023-10-13 11:32:01,213 [INFO] IPUIPlugin:80 - create IPUIPlugin
2023-10-13 11:32:01,213 [INFO] IPUIPlugin:80 - create IPUIPlugin
2023-10-13 11:32:01,213 [INFO] IPUIPlugin:80 - create IPUIPlugin
2023-10-13 11:32:01,213 [INFO] IPUIPlugin:80 - create IPUIPlugin
2023-10-13 11:32:01,214 [INFO] IPUIPlugin:80 - create IPUIPlugin
2023-10-13 11:32:01,214 [INFO] IPUIPlugin:80 - create IPUIPlugin
2023-10-13 11:32:01,214 [INFO] IPUIPlugin:80 - create IPUIPlugin
2023-10-13 11:32:01,214 [INFO] IPUIPlugin:80 - create IPUIPlugin
2023-10-13 11:32:01,214 [INFO] IPUIPlugin:80 - create IPUIPlugin
2023-10-13 11:32:01,215 [INFO] IPUIPlugin:80 - create IPUIPlugin
2023-10-13 11:32:01,215 [INFO] IPUIPlugin:80 - create IPUIPlugin
2023-10-13 11:32:01,215 [INFO] IPUIPlugin:80 - create IPUIPlugin
2023-10-13 11:32:01,215 [INFO] IPUIPlugin:80 - create IPUIPlugin
2023-10-13 11:32:01,216 [INFO] IPUIPlugin:80 - create IPUIPlugin
2023-10-13 11:32:01,216 [INFO] IPUIPlugin:80 - create IPUIPlugin
2023-10-13 11:32:01,216 [INFO] IPUIPlugin:80 - create IPUIPlugin
2023-10-13 11:32:01,216 [INFO] IPUIPlugin:80 - create IPUIPlugin
2023-10-13 11:32:01,216 [INFO] IPUIPlugin:80 - create IPUIPlugin
2023-10-13 11:32:01,217 [INFO] IPUIPlugin:80 - create IPUIPlugin
2023-10-13 11:32:01,217 [INFO] IPUIPlugin:80 - create IPUIPlugin
2023-10-13 11:32:01,217 [INFO] IPUIPlugin:80 - create IPUIPlugin
2023-10-13 11:32:01,571 [INFO] CADModel:165 - CPN selected for project levelSTM32F334C8T6
2023-10-13 11:32:01,571 [INFO] CADModel:114 - Register for checkConnection events
2023-10-13 11:32:01,612 [INFO] OpenFileManager:328 - Restore cursor
2023-10-13 11:32:02,241 [INFO] UtilMem:75 - End SaveConfig() Used Memory: 694680752 Bytes (975175680)
2023-10-13 11:32:02,304 [INFO] UtilMem:75 - End SaveConfig() Used Memory: 707785904 Bytes (975175680)
2023-10-13 11:32:02,985 [INFO] BlockDiagram:2759 - set Specific Code input for plugin: NVIC
2023-10-13 11:32:02,986 [INFO] BlockDiagram:2759 - set Specific Code input for plugin: SYS
2023-10-13 11:32:02,987 [INFO] BlockDiagram:2759 - set Specific Code input for plugin: GPIO
2023-10-13 11:32:02,987 [INFO] BlockDiagram:2759 - set Specific Code input for plugin: RCC
2023-10-13 11:32:02,988 [INFO] CodeGenerator:799 - code generatio: config db path: /opt/st/stm32cubeide_1.13.1/plugins/com.st.stm32cube.common.mx_6.9.1.202307191849//db/
2023-10-13 11:32:03,562 [INFO] CodeEngine:255 - oldGeneratedFile, /home/sumit/Desktop/GitHub/STM32/workspace/07_DAC/MXTmpFiles/license.tmp_save
2023-10-13 11:32:04,371 [INFO] CodeEngine:279 - Generated code: /home/sumit/Desktop/GitHub/STM32/workspace/07_DAC/MXTmpFiles/license.tmp
2023-10-13 11:32:04,695 [INFO] CodeEngine:255 - oldGeneratedFile, /home/sumit/Desktop/GitHub/STM32/workspace/07_DAC/MXTmpFiles/gpio.tmp_save
2023-10-13 11:32:04,832 [INFO] CodeEngine:279 - Generated code: /home/sumit/Desktop/GitHub/STM32/workspace/07_DAC/MXTmpFiles/gpio.tmp
2023-10-13 11:32:04,934 [INFO] CodeEngine:255 - oldGeneratedFile, /home/sumit/Desktop/GitHub/STM32/workspace/07_DAC/Core/Src/stm32f3xx_it.c_save
2023-10-13 11:32:05,071 [INFO] CodeEngine:279 - Generated code: /home/sumit/Desktop/GitHub/STM32/workspace/07_DAC/Core/Src/stm32f3xx_it.c
2023-10-13 11:32:05,075 [INFO] CodeEngine:255 - oldGeneratedFile, /home/sumit/Desktop/GitHub/STM32/workspace/07_DAC/Core/Inc/stm32f3xx_it.h_save
2023-10-13 11:32:05,166 [INFO] CodeEngine:279 - Generated code: /home/sumit/Desktop/GitHub/STM32/workspace/07_DAC/Core/Inc/stm32f3xx_it.h
2023-10-13 11:32:05,188 [INFO] CodeEngine:255 - oldGeneratedFile, /home/sumit/Desktop/GitHub/STM32/workspace/07_DAC/Core/Src/stm32f3xx_hal_msp.c_save
2023-10-13 11:32:05,321 [INFO] CodeEngine:279 - Generated code: /home/sumit/Desktop/GitHub/STM32/workspace/07_DAC/Core/Src/stm32f3xx_hal_msp.c
2023-10-13 11:32:05,324 [INFO] CodeEngine:255 - oldGeneratedFile, /home/sumit/Desktop/GitHub/STM32/workspace/07_DAC/MXTmpFiles/system.tmp_save
2023-10-13 11:32:05,412 [INFO] CodeEngine:279 - Generated code: /home/sumit/Desktop/GitHub/STM32/workspace/07_DAC/MXTmpFiles/system.tmp
2023-10-13 11:32:05,421 [INFO] CodeEngine:311 - oldGeneratedFile, /home/sumit/Desktop/GitHub/STM32/workspace/07_DAC/Core/Inc/stm32f3xx_hal_conf.h_save
2023-10-13 11:32:05,516 [INFO] CodeEngine:335 - Generated code: /home/sumit/Desktop/GitHub/STM32/workspace/07_DAC/Core/Inc/stm32f3xx_hal_conf.h
2023-10-13 11:32:05,622 [INFO] CodeEngine:255 - oldGeneratedFile, /home/sumit/Desktop/GitHub/STM32/workspace/07_DAC/Core/Inc/main.h_save
2023-10-13 11:32:05,738 [INFO] CodeEngine:279 - Generated code: /home/sumit/Desktop/GitHub/STM32/workspace/07_DAC/Core/Inc/main.h
2023-10-13 11:32:05,741 [INFO] CodeEngine:255 - oldGeneratedFile, /home/sumit/Desktop/GitHub/STM32/workspace/07_DAC/Core/Src/main.c_save
2023-10-13 11:32:05,878 [INFO] CodeEngine:279 - Generated code: /home/sumit/Desktop/GitHub/STM32/workspace/07_DAC/Core/Src/main.c
2023-10-13 11:32:07,074 [INFO] ProjectBuilder:3064 - Time for Copy HAL[1] : 560mS.
2023-10-13 11:32:07,080 [INFO] ProjectBuilder:4404 - Project Generator version: 4.1.0
2023-10-13 11:32:07,413 [INFO] ConfigFileManager:1457 - The Die is : DIE438
2023-10-13 11:32:07,469 [INFO] ApiDbMcu:507 - Load IP Config File for FATFS
2023-10-13 11:32:07,487 [INFO] ApiDbMcu:507 - Load IP Config File for FREERTOS
2023-10-13 11:32:07,536 [INFO] ApiDbMcu:507 - Load IP Config File for TOUCHSENSING
2023-10-13 11:32:14,466 [INFO] ProjectBuilder:4626 - Time for Generating toolchain IDE Files: 7384mS.
2023-10-13 11:32:14,468 [INFO] ProjectBuilder:2935 - Time for Copy CMSIS : 0mS.
2023-10-13 11:32:14,469 [INFO] ProjectBuilder:2935 - Time for Copy CMSIS : 0mS.
2023-10-13 11:32:16,067 [INFO] McuFinderGlobals:76 - Set McuFinderConnectedMode to true
2023-10-13 11:32:16,073 [INFO] ApiDb:448 - Save user favorites file /home/sumit/.stm32cubeide/favorites.mcus.txt: 0 item(s)
2023-10-13 11:32:16,073 [INFO] ApiDb:452 - User favorites MCUs=[]
2023-10-13 11:32:16,075 [INFO] ApiDb:448 - Save user favorites file /home/sumit/.stm32cubeide/favorites.boards.txt: 0 item(s)
2023-10-13 11:32:16,075 [INFO] ApiDb:452 - User favorites Boards=[]
2023-10-13 11:35:55,880 [INFO] UtilMem:75 - End SaveConfig() Used Memory: 581596928 Bytes (1073741824)
2023-10-13 11:35:56,000 [INFO] UtilMem:75 - End SaveConfig() Used Memory: 599949056 Bytes (1073741824)
2023-10-13 11:35:57,890 [INFO] UtilMem:75 - End SaveConfig() Used Memory: 685405952 Bytes (1073741824)
2023-10-13 11:35:58,063 [INFO] BlockDiagram:2759 - set Specific Code input for plugin: NVIC
2023-10-13 11:35:58,064 [INFO] BlockDiagram:2759 - set Specific Code input for plugin: DAC
2023-10-13 11:35:58,064 [INFO] BlockDiagram:2759 - set Specific Code input for plugin: SYS
2023-10-13 11:35:58,064 [INFO] BlockDiagram:2759 - set Specific Code input for plugin: GPIO
2023-10-13 11:35:58,064 [INFO] BlockDiagram:2759 - set Specific Code input for plugin: RCC
2023-10-13 11:35:58,064 [INFO] CodeGenerator:799 - code generatio: config db path: /opt/st/stm32cubeide_1.13.1/plugins/com.st.stm32cube.common.mx_6.9.1.202307191849//db/
2023-10-13 11:35:58,241 [INFO] CodeEngine:255 - oldGeneratedFile, /home/sumit/Desktop/GitHub/STM32/workspace/07_DAC/MXTmpFiles/license.tmp_save
2023-10-13 11:35:58,356 [INFO] CodeEngine:279 - Generated code: /home/sumit/Desktop/GitHub/STM32/workspace/07_DAC/MXTmpFiles/license.tmp
2023-10-13 11:35:58,367 [INFO] CodeEngine:255 - oldGeneratedFile, /home/sumit/Desktop/GitHub/STM32/workspace/07_DAC/MXTmpFiles/gpio.tmp_save
2023-10-13 11:35:58,470 [INFO] CodeEngine:279 - Generated code: /home/sumit/Desktop/GitHub/STM32/workspace/07_DAC/MXTmpFiles/gpio.tmp
2023-10-13 11:35:58,656 [INFO] CodeEngine:255 - oldGeneratedFile, /home/sumit/Desktop/GitHub/STM32/workspace/07_DAC/Core/Src/stm32f3xx_it.c_save
2023-10-13 11:35:58,762 [INFO] CodeEngine:279 - Generated code: /home/sumit/Desktop/GitHub/STM32/workspace/07_DAC/Core/Src/stm32f3xx_it.c
2023-10-13 11:35:58,765 [INFO] CodeEngine:255 - oldGeneratedFile, /home/sumit/Desktop/GitHub/STM32/workspace/07_DAC/Core/Inc/stm32f3xx_it.h_save
2023-10-13 11:35:58,851 [INFO] CodeEngine:279 - Generated code: /home/sumit/Desktop/GitHub/STM32/workspace/07_DAC/Core/Inc/stm32f3xx_it.h
2023-10-13 11:35:58,855 [INFO] CodeEngine:255 - oldGeneratedFile, /home/sumit/Desktop/GitHub/STM32/workspace/07_DAC/Core/Src/stm32f3xx_hal_msp.c_save
2023-10-13 11:35:58,986 [INFO] CodeEngine:279 - Generated code: /home/sumit/Desktop/GitHub/STM32/workspace/07_DAC/Core/Src/stm32f3xx_hal_msp.c
2023-10-13 11:35:58,987 [INFO] CodeEngine:255 - oldGeneratedFile, /home/sumit/Desktop/GitHub/STM32/workspace/07_DAC/MXTmpFiles/system.tmp_save
2023-10-13 11:35:59,068 [INFO] CodeEngine:279 - Generated code: /home/sumit/Desktop/GitHub/STM32/workspace/07_DAC/MXTmpFiles/system.tmp
2023-10-13 11:35:59,070 [INFO] CodeEngine:311 - oldGeneratedFile, /home/sumit/Desktop/GitHub/STM32/workspace/07_DAC/Core/Inc/stm32f3xx_hal_conf.h_save
2023-10-13 11:35:59,216 [INFO] CodeEngine:335 - Generated code: /home/sumit/Desktop/GitHub/STM32/workspace/07_DAC/Core/Inc/stm32f3xx_hal_conf.h
2023-10-13 11:35:59,238 [INFO] CodeEngine:255 - oldGeneratedFile, /home/sumit/Desktop/GitHub/STM32/workspace/07_DAC/Core/Inc/main.h_save
2023-10-13 11:35:59,433 [INFO] CodeEngine:279 - Generated code: /home/sumit/Desktop/GitHub/STM32/workspace/07_DAC/Core/Inc/main.h
2023-10-13 11:35:59,435 [INFO] CodeEngine:255 - oldGeneratedFile, /home/sumit/Desktop/GitHub/STM32/workspace/07_DAC/Core/Src/main.c_save
2023-10-13 11:35:59,579 [INFO] CodeEngine:279 - Generated code: /home/sumit/Desktop/GitHub/STM32/workspace/07_DAC/Core/Src/main.c
2023-10-13 11:36:00,305 [INFO] ProjectBuilder:3064 - Time for Copy HAL[1] : 117mS.
2023-10-13 11:36:00,307 [INFO] ProjectBuilder:4404 - Project Generator version: 4.1.0
2023-10-13 11:36:00,519 [INFO] ConfigFileManager:1457 - The Die is : DIE438
2023-10-13 11:36:02,185 [INFO] ProjectBuilder:4626 - Time for Generating toolchain IDE Files: 1878mS.
2023-10-13 11:36:02,186 [INFO] ProjectBuilder:2935 - Time for Copy CMSIS : 0mS.
2023-10-13 11:36:02,186 [INFO] ProjectBuilder:2935 - Time for Copy CMSIS : 0mS.
2023-10-13 11:54:20,784 [INFO] UtilMem:75 - End SaveConfig() Used Memory: 685694896 Bytes (895483904)
2023-10-13 11:54:20,922 [INFO] UtilMem:75 - End SaveConfig() Used Memory: 703520688 Bytes (895483904)
2023-10-13 11:54:21,489 [INFO] UtilMem:75 - End SaveConfig() Used Memory: 731310000 Bytes (895483904)
2023-10-13 11:54:21,731 [INFO] BlockDiagram:2759 - set Specific Code input for plugin: NVIC
2023-10-13 11:54:21,731 [INFO] BlockDiagram:2759 - set Specific Code input for plugin: DAC
2023-10-13 11:54:21,731 [INFO] BlockDiagram:2759 - set Specific Code input for plugin: SYS
2023-10-13 11:54:21,731 [INFO] BlockDiagram:2759 - set Specific Code input for plugin: GPIO
2023-10-13 11:54:21,731 [INFO] BlockDiagram:2759 - set Specific Code input for plugin: RCC
2023-10-13 11:54:21,732 [INFO] CodeGenerator:799 - code generatio: config db path: /opt/st/stm32cubeide_1.13.1/plugins/com.st.stm32cube.common.mx_6.9.1.202307191849//db/
2023-10-13 11:54:21,934 [INFO] CodeEngine:255 - oldGeneratedFile, /home/sumit/Desktop/GitHub/STM32/workspace/07_DAC/MXTmpFiles/license.tmp_save
2023-10-13 11:54:22,088 [INFO] CodeEngine:279 - Generated code: /home/sumit/Desktop/GitHub/STM32/workspace/07_DAC/MXTmpFiles/license.tmp
2023-10-13 11:54:22,098 [INFO] CodeEngine:255 - oldGeneratedFile, /home/sumit/Desktop/GitHub/STM32/workspace/07_DAC/MXTmpFiles/gpio.tmp_save
2023-10-13 11:54:22,191 [INFO] CodeEngine:279 - Generated code: /home/sumit/Desktop/GitHub/STM32/workspace/07_DAC/MXTmpFiles/gpio.tmp
2023-10-13 11:54:22,214 [INFO] CodeEngine:255 - oldGeneratedFile, /home/sumit/Desktop/GitHub/STM32/workspace/07_DAC/Core/Src/stm32f3xx_it.c_save
2023-10-13 11:54:22,486 [INFO] CodeEngine:279 - Generated code: /home/sumit/Desktop/GitHub/STM32/workspace/07_DAC/Core/Src/stm32f3xx_it.c
2023-10-13 11:54:22,488 [INFO] CodeEngine:255 - oldGeneratedFile, /home/sumit/Desktop/GitHub/STM32/workspace/07_DAC/Core/Inc/stm32f3xx_it.h_save
2023-10-13 11:54:22,557 [INFO] CodeEngine:279 - Generated code: /home/sumit/Desktop/GitHub/STM32/workspace/07_DAC/Core/Inc/stm32f3xx_it.h
2023-10-13 11:54:22,560 [INFO] CodeEngine:255 - oldGeneratedFile, /home/sumit/Desktop/GitHub/STM32/workspace/07_DAC/Core/Src/stm32f3xx_hal_msp.c_save
2023-10-13 11:54:22,701 [INFO] CodeEngine:279 - Generated code: /home/sumit/Desktop/GitHub/STM32/workspace/07_DAC/Core/Src/stm32f3xx_hal_msp.c
2023-10-13 11:54:22,702 [INFO] CodeEngine:255 - oldGeneratedFile, /home/sumit/Desktop/GitHub/STM32/workspace/07_DAC/MXTmpFiles/system.tmp_save
2023-10-13 11:54:22,776 [INFO] CodeEngine:279 - Generated code: /home/sumit/Desktop/GitHub/STM32/workspace/07_DAC/MXTmpFiles/system.tmp
2023-10-13 11:54:22,779 [INFO] CodeEngine:311 - oldGeneratedFile, /home/sumit/Desktop/GitHub/STM32/workspace/07_DAC/Core/Inc/stm32f3xx_hal_conf.h_save
2023-10-13 11:54:22,860 [INFO] CodeEngine:335 - Generated code: /home/sumit/Desktop/GitHub/STM32/workspace/07_DAC/Core/Inc/stm32f3xx_hal_conf.h
2023-10-13 11:54:22,875 [INFO] CodeEngine:255 - oldGeneratedFile, /home/sumit/Desktop/GitHub/STM32/workspace/07_DAC/Core/Inc/main.h_save
2023-10-13 11:54:22,981 [INFO] CodeEngine:279 - Generated code: /home/sumit/Desktop/GitHub/STM32/workspace/07_DAC/Core/Inc/main.h
2023-10-13 11:54:22,983 [INFO] CodeEngine:255 - oldGeneratedFile, /home/sumit/Desktop/GitHub/STM32/workspace/07_DAC/Core/Src/main.c_save
2023-10-13 11:54:23,097 [INFO] CodeEngine:279 - Generated code: /home/sumit/Desktop/GitHub/STM32/workspace/07_DAC/Core/Src/main.c
2023-10-13 11:54:23,845 [INFO] ProjectBuilder:3064 - Time for Copy HAL[1] : 31mS.
2023-10-13 11:54:23,847 [INFO] ProjectBuilder:4404 - Project Generator version: 4.1.0
2023-10-13 11:54:24,108 [INFO] ConfigFileManager:1457 - The Die is : DIE438
2023-10-13 11:54:25,532 [INFO] ProjectBuilder:4626 - Time for Generating toolchain IDE Files: 1685mS.
2023-10-13 11:54:25,533 [INFO] ProjectBuilder:2935 - Time for Copy CMSIS : 0mS.
2023-10-13 11:54:25,534 [INFO] ProjectBuilder:2935 - Time for Copy CMSIS : 0mS.
