2023-10-14 23:30:00,168 [INFO] Activator:176 - 


2023-10-14 23:30:00,190 [INFO] Activator:177 - !SESSION log4j initialized
2023-10-14 23:30:06,781 [INFO] LogOutputStream:77 - [STDOUT_REDIRECT] 
2023-10-14 23:30:10,102 [INFO] ApplicationProperties:184 - Using Application install path: /opt/st/stm32cubeide_1.13.1/plugins/com.st.stm32cube.common.mx_6.9.1.202307191849
2023-10-14 23:30:10,159 [INFO] DbMcusXml:78 - Set database path to: /opt/st/stm32cubeide_1.13.1/plugins/com.st.stm32cube.common.mx_6.9.1.202307191849//db//mcu/
2023-10-14 23:30:10,160 [INFO] ApiDb:274 - Set plugin database path to: /opt/st/stm32cubeide_1.13.1/plugins/com.st.stm32cube.common.mx_6.9.1.202307191849//db//plugins/boardmanager/
2023-10-14 23:30:10,160 [WARN] ApiDb:259 - Overriding images path with different value:  => /opt/st/stm32cubeide_1.13.1/plugins/com.st.stm32cube.common.mx_6.9.1.202307191849//db//plugins/mcufinder/images/
2023-10-14 23:30:10,230 [INFO] ApiDb:250 - Set database path to: /home/sumit/.stmcufinder/plugins/mcufinder//mcu/
2023-10-14 23:30:10,232 [INFO] DbMcusAds:125 - Set database path to: /home/sumit/.stmcufinder/plugins/mcufinder//mcu/
2023-10-14 23:30:10,237 [INFO] CrossReferenceDbSqlite:203 - Set database path to: /home/sumit/.stmcufinder/plugins/mcufinder//mcu/cs/
2023-10-14 23:30:10,440 [INFO] RulesReader:64 - Compatibility file has been processed (293 Rules)
2023-10-14 23:30:10,636 [INFO] DbMcusXml:78 - Set database path to: /opt/st/stm32cubeide_1.13.1/plugins/com.st.stm32cube.common.mx_6.9.1.202307191849//db//mcu/
2023-10-14 23:30:10,637 [INFO] ApiDb:274 - Set plugin database path to: /opt/st/stm32cubeide_1.13.1/plugins/com.st.stm32cube.common.mx_6.9.1.202307191849//db//plugins/boardmanager/
2023-10-14 23:30:10,637 [INFO] ApiDb:261 - Set plugin images path to: /opt/st/stm32cubeide_1.13.1/plugins/com.st.stm32cube.common.mx_6.9.1.202307191849//db//plugins/mcufinder/images/
2023-10-14 23:30:10,638 [WARN] DbFile:41 - Overriding database path with different value: /home/sumit/.stmcufinder/plugins/mcufinder/ => /home/sumit/.stmcufinder/plugins/mcufinder
2023-10-14 23:30:10,638 [INFO] ApiDb:250 - Set database path to: /home/sumit/.stmcufinder/plugins/mcufinder//mcu/
2023-10-14 23:30:10,638 [WARN] DbFile:41 - Overriding database path with different value: /home/sumit/.stmcufinder/plugins/mcufinder/ => /home/sumit/.stmcufinder/plugins/mcufinder
2023-10-14 23:30:10,639 [INFO] DbMcusAds:125 - Set database path to: /home/sumit/.stmcufinder/plugins/mcufinder//mcu/
2023-10-14 23:30:10,639 [WARN] DbFile:41 - Overriding database path with different value: /home/sumit/.stmcufinder/plugins/mcufinder/ => /home/sumit/.stmcufinder/plugins/mcufinder
2023-10-14 23:30:10,639 [WARN] DbFile:41 - Overriding database path with different value: /home/sumit/.stmcufinder/plugins/mcufinder/ => /home/sumit/.stmcufinder/plugins/mcufinder
2023-10-14 23:30:10,640 [INFO] CrossReferenceDbSqlite:203 - Set database path to: /home/sumit/.stmcufinder/plugins/mcufinder//mcu/cs/
2023-10-14 23:30:10,934 [INFO] MainPanel:262 - HeapMemory: 268435456
2023-10-14 23:30:11,224 [ERROR] ConfigurationRetriever:142 - IOException on connection: Read timed out
2023-10-14 23:30:11,237 [INFO] DbMcusXml:78 - Set database path to: /opt/st/stm32cubeide_1.13.1/plugins/com.st.stm32cube.common.mx_6.9.1.202307191849//db//mcu/
2023-10-14 23:30:11,237 [INFO] ApiDb:274 - Set plugin database path to: /opt/st/stm32cubeide_1.13.1/plugins/com.st.stm32cube.common.mx_6.9.1.202307191849//db//plugins/boardmanager/
2023-10-14 23:30:11,237 [INFO] ApiDb:261 - Set plugin images path to: /opt/st/stm32cubeide_1.13.1/plugins/com.st.stm32cube.common.mx_6.9.1.202307191849//db//plugins/mcufinder/images/
2023-10-14 23:30:11,238 [WARN] DbFile:41 - Overriding database path with different value: /home/sumit/.stmcufinder/plugins/mcufinder/ => /home/sumit/.stmcufinder/plugins/mcufinder
2023-10-14 23:30:11,238 [INFO] ApiDb:250 - Set database path to: /home/sumit/.stmcufinder/plugins/mcufinder//mcu/
2023-10-14 23:30:11,238 [WARN] DbFile:41 - Overriding database path with different value: /home/sumit/.stmcufinder/plugins/mcufinder/ => /home/sumit/.stmcufinder/plugins/mcufinder
2023-10-14 23:30:11,238 [INFO] DbMcusAds:125 - Set database path to: /home/sumit/.stmcufinder/plugins/mcufinder//mcu/
2023-10-14 23:30:11,238 [WARN] DbFile:41 - Overriding database path with different value: /home/sumit/.stmcufinder/plugins/mcufinder/ => /home/sumit/.stmcufinder/plugins/mcufinder
2023-10-14 23:30:11,239 [WARN] DbFile:41 - Overriding database path with different value: /home/sumit/.stmcufinder/plugins/mcufinder/ => /home/sumit/.stmcufinder/plugins/mcufinder
2023-10-14 23:30:11,239 [INFO] CrossReferenceDbSqlite:203 - Set database path to: /home/sumit/.stmcufinder/plugins/mcufinder//mcu/cs/
2023-10-14 23:30:11,263 [INFO] ApplicationProperties:184 - Using Application install path: /opt/st/stm32cubeide_1.13.1/plugins/com.st.stm32cube.common.mx_6.9.1.202307191849
2023-10-14 23:30:11,265 [INFO] PluginManage:196 - Search for loadable plugins [exclusion list=, ]
2023-10-14 23:30:11,267 [INFO] PluginManage:310 - Check plugin analytics
2023-10-14 23:30:11,581 [INFO] AnalyticsPlugin:253 - Accepted Software Licenses: 
2023-10-14 23:30:11,581 [INFO] AnalyticsPlugin:255 - Accepted CMSIS Pack Licenses: 
2023-10-14 23:30:11,581 [INFO] AnalyticsPlugin:257 - Accepted Firmware Licenses: 
2023-10-14 23:30:11,585 [INFO] PluginManage:359 - Loaded plugin analytics (category:tool,tabindex:-1)
2023-10-14 23:30:11,585 [INFO] PluginManage:310 - Check plugin cadmodel
2023-10-14 23:30:12,190 [INFO] CADModel:105 - Init CAD model plugin
2023-10-14 23:30:12,190 [INFO] PluginManage:359 - Loaded plugin cadmodel (category:power,tabindex:5)
2023-10-14 23:30:12,190 [INFO] PluginManage:310 - Check plugin clock
2023-10-14 23:30:12,237 [INFO] PluginManage:359 - Loaded plugin clock (category:base,tabindex:2)
2023-10-14 23:30:12,237 [INFO] PluginManage:310 - Check plugin ddr
2023-10-14 23:30:12,255 [INFO] PluginManage:359 - Loaded plugin ddr (category:tool,tabindex:6)
2023-10-14 23:30:12,255 [INFO] PluginManage:310 - Check plugin filemanager
2023-10-14 23:30:12,512 [INFO] PluginManage:359 - Loaded plugin filemanager (category:base,tabindex:10)
2023-10-14 23:30:12,513 [INFO] PluginManage:310 - Check plugin ipmanager
2023-10-14 23:30:12,520 [INFO] PluginManage:359 - Loaded plugin ipmanager (category:base,tabindex:5)
2023-10-14 23:30:12,521 [INFO] PluginManage:310 - Check plugin lpbam
2023-10-14 23:30:12,535 [INFO] PluginManage:359 - Loaded plugin lpbam (category:base,tabindex:0)
2023-10-14 23:30:12,535 [INFO] PluginManage:310 - Check plugin memorymap
2023-10-14 23:30:12,564 [INFO] PluginManage:359 - Loaded plugin memorymap (category:base,tabindex:4)
2023-10-14 23:30:12,565 [INFO] PluginManage:310 - Check plugin pinoutandconfiguration
2023-10-14 23:30:12,576 [INFO] PluginManage:359 - Loaded plugin pinoutandconfiguration (category:base,tabindex:1)
2023-10-14 23:30:12,576 [INFO] PluginManage:310 - Check plugin pinoutconfig
2023-10-14 23:30:12,739 [WARN] SupportedApi:132 - Cannot load RTOS API schema: s4s-elt-must-match.1: The content of 'definitions' must match (annotation?, (simpleType | complexType)?, (unique | key | keyref)*)). A problem was found starting at: attribute.
2023-10-14 23:30:12,956 [INFO] PluginManage:359 - Loaded plugin pinoutconfig (category:base,tabindex:0)
2023-10-14 23:30:12,957 [INFO] PluginManage:310 - Check plugin power
2023-10-14 23:30:13,021 [INFO] PluginManage:359 - Loaded plugin power (category:power,tabindex:4)
2023-10-14 23:30:13,022 [INFO] PluginManage:310 - Check plugin projectmanager
2023-10-14 23:30:13,043 [INFO] PluginManage:359 - Loaded plugin projectmanager (category:projectmanager,tabindex:3)
2023-10-14 23:30:13,043 [INFO] PluginManage:310 - Check plugin thirdparty
2023-10-14 23:30:13,322 [ERROR] ConfigurationRetriever:142 - IOException on connection: Read timed out
2023-10-14 23:30:13,424 [INFO] PluginManage:359 - Loaded plugin thirdparty (category:base,tabindex:-1)
2023-10-14 23:30:13,424 [WARN] IntegrityCheckThread:84 - waiting for thirdparty lock release [integrity check]
2023-10-14 23:30:13,425 [INFO] PluginManage:310 - Check plugin tools
2023-10-14 23:30:13,425 [INFO] IntegrityCheckThread:86 - entering critical section [integrity check]
2023-10-14 23:30:13,425 [INFO] ThirdPartyUpdaterWithRetryManager:70 - Updater plugin not ready yet. [1/15]
2023-10-14 23:30:13,433 [INFO] PluginManage:359 - Loaded plugin tools (category:base,tabindex:7)
2023-10-14 23:30:13,433 [INFO] PluginManage:310 - Check plugin tutovideos
2023-10-14 23:30:13,779 [INFO] PluginManage:359 - Loaded plugin tutovideos (category:base,tabindex:-1)
2023-10-14 23:30:13,779 [INFO] PluginManage:310 - Check plugin updater
2023-10-14 23:30:13,851 [INFO] PluginManage:359 - Loaded plugin updater (category:base,tabindex:12)
2023-10-14 23:30:13,852 [INFO] PluginManage:310 - Check plugin userauth
2023-10-14 23:30:13,888 [INFO] UserAuth:113 - Init User Auth plugin
2023-10-14 23:30:13,888 [INFO] PluginManage:359 - Loaded plugin userauth (category:base,tabindex:14)
2023-10-14 23:30:13,889 [INFO] PluginManage:283 - PluginManage : Loaded plugins [17]
2023-10-14 23:30:15,272 [INFO] PinOutPanel:1499 - setPackage(No Configuration,No Configuration)
2023-10-14 23:30:15,480 [INFO] CADModel:165 - CPN selected for project level
2023-10-14 23:30:15,480 [INFO] CADModel:114 - Register for checkConnection events
2023-10-14 23:30:15,537 [INFO] IPUIPlugin:80 - create IPUIPlugin
2023-10-14 23:30:15,556 [INFO] PluginManager:220 - loadIPPluginJar : add nvic
2023-10-14 23:30:15,598 [INFO] IPUIPlugin:80 - create IPUIPlugin
2023-10-14 23:30:15,598 [INFO] PluginManager:220 - loadIPPluginJar : add stm32_wpan
2023-10-14 23:30:15,620 [INFO] IPUIPlugin:80 - create IPUIPlugin
2023-10-14 23:30:15,621 [INFO] PluginManager:220 - loadIPPluginJar : add i2c
2023-10-14 23:30:15,625 [INFO] IPUIPlugin:80 - create IPUIPlugin
2023-10-14 23:30:15,625 [INFO] PluginManager:220 - loadIPPluginJar : add hash
2023-10-14 23:30:15,628 [INFO] IPUIPlugin:80 - create IPUIPlugin
2023-10-14 23:30:15,628 [INFO] PluginManager:220 - loadIPPluginJar : add tsc
2023-10-14 23:30:15,634 [INFO] IPUIPlugin:80 - create IPUIPlugin
2023-10-14 23:30:15,635 [INFO] PluginManager:220 - loadIPPluginJar : add can
2023-10-14 23:30:15,640 [INFO] IPUIPlugin:80 - create IPUIPlugin
2023-10-14 23:30:15,641 [INFO] PluginManager:220 - loadIPPluginJar : add pdm2pcm
2023-10-14 23:30:15,689 [INFO] IPUIPlugin:80 - create IPUIPlugin
2023-10-14 23:30:15,689 [INFO] PluginManager:220 - loadIPPluginJar : add dma
2023-10-14 23:30:15,694 [INFO] IPUIPlugin:80 - create IPUIPlugin
2023-10-14 23:30:15,694 [INFO] PluginManager:220 - loadIPPluginJar : add sai
2023-10-14 23:30:15,699 [INFO] IPUIPlugin:80 - create IPUIPlugin
2023-10-14 23:30:15,700 [INFO] PluginManager:220 - loadIPPluginJar : add spi
2023-10-14 23:30:15,706 [INFO] IPUIPlugin:80 - create IPUIPlugin
2023-10-14 23:30:15,706 [INFO] PluginManager:220 - loadIPPluginJar : add usart
2023-10-14 23:30:15,715 [INFO] IPUIPlugin:80 - create IPUIPlugin
2023-10-14 23:30:15,716 [INFO] PluginManager:220 - loadIPPluginJar : add fmc
2023-10-14 23:30:15,722 [INFO] IPUIPlugin:80 - create IPUIPlugin
2023-10-14 23:30:15,722 [INFO] PluginManager:220 - loadIPPluginJar : add resmgrutility
2023-10-14 23:30:15,725 [INFO] IPUIPlugin:80 - create IPUIPlugin
2023-10-14 23:30:15,726 [INFO] PluginManager:220 - loadIPPluginJar : add quadspi
2023-10-14 23:30:15,729 [INFO] IPUIPlugin:80 - create IPUIPlugin
2023-10-14 23:30:15,729 [INFO] PluginManager:220 - loadIPPluginJar : add comp
2023-10-14 23:30:15,733 [INFO] IPUIPlugin:80 - create IPUIPlugin
2023-10-14 23:30:15,734 [INFO] PluginManager:220 - loadIPPluginJar : add gfxmmu
2023-10-14 23:30:15,738 [INFO] IPUIPlugin:80 - create IPUIPlugin
2023-10-14 23:30:15,738 [INFO] PluginManager:220 - loadIPPluginJar : add dma3
2023-10-14 23:30:15,766 [INFO] IPUIPlugin:80 - create IPUIPlugin
2023-10-14 23:30:15,766 [INFO] PluginManager:220 - loadIPPluginJar : add freertos
2023-10-14 23:30:15,769 [INFO] IPUIPlugin:80 - create IPUIPlugin
2023-10-14 23:30:15,770 [INFO] PluginManager:220 - loadIPPluginJar : add ltdc
2023-10-14 23:30:15,774 [INFO] IPUIPlugin:80 - create IPUIPlugin
2023-10-14 23:30:15,774 [INFO] PluginManager:220 - loadIPPluginJar : add dfsdm
2023-10-14 23:30:15,777 [INFO] IPUIPlugin:80 - create IPUIPlugin
2023-10-14 23:30:15,777 [INFO] PluginManager:220 - loadIPPluginJar : add genericplugin
2023-10-14 23:30:15,782 [INFO] IPUIPlugin:80 - create IPUIPlugin
2023-10-14 23:30:15,783 [INFO] PluginManager:220 - loadIPPluginJar : add openamp
2023-10-14 23:30:15,787 [INFO] IPUIPlugin:80 - create IPUIPlugin
2023-10-14 23:30:15,787 [INFO] PluginManager:220 - loadIPPluginJar : add cryp
2023-10-14 23:30:15,792 [INFO] IPUIPlugin:80 - create IPUIPlugin
2023-10-14 23:30:15,793 [INFO] PluginManager:220 - loadIPPluginJar : add gtzc
2023-10-14 23:30:15,809 [INFO] IPUIPlugin:80 - create IPUIPlugin
2023-10-14 23:30:15,810 [INFO] PluginManager:220 - loadIPPluginJar : add adc
2023-10-14 23:30:15,816 [INFO] IPUIPlugin:80 - create IPUIPlugin
2023-10-14 23:30:15,816 [INFO] PluginManager:220 - loadIPPluginJar : add touchsensing
2023-10-14 23:30:15,823 [INFO] IPUIPlugin:80 - create IPUIPlugin
2023-10-14 23:30:15,823 [INFO] PluginManager:220 - loadIPPluginJar : add usbx
2023-10-14 23:30:15,832 [INFO] IPUIPlugin:80 - create IPUIPlugin
2023-10-14 23:30:15,832 [INFO] PluginManager:220 - loadIPPluginJar : add ipddr
2023-10-14 23:30:15,844 [INFO] IPUIPlugin:80 - create IPUIPlugin
2023-10-14 23:30:15,844 [INFO] PluginManager:220 - loadIPPluginJar : add gpio
2023-10-14 23:30:15,851 [INFO] IPUIPlugin:80 - create IPUIPlugin
2023-10-14 23:30:15,851 [INFO] PluginManager:220 - loadIPPluginJar : add lorawan
2023-10-14 23:30:15,861 [INFO] IPUIPlugin:80 - create IPUIPlugin
2023-10-14 23:30:15,862 [INFO] PluginManager:220 - loadIPPluginJar : add gic
2023-10-14 23:30:15,865 [INFO] IPUIPlugin:80 - create IPUIPlugin
2023-10-14 23:30:15,865 [INFO] PluginManager:220 - loadIPPluginJar : add tim
2023-10-14 23:30:15,871 [INFO] IPUIPlugin:80 - create IPUIPlugin
2023-10-14 23:30:15,871 [INFO] PluginManager:220 - loadIPPluginJar : add i3c
2023-10-14 23:30:15,894 [INFO] IPUIPlugin:80 - create IPUIPlugin
2023-10-14 23:30:15,899 [INFO] PluginManager:220 - loadIPPluginJar : add plateformsettings
2023-10-14 23:30:15,910 [INFO] IPUIPlugin:80 - create IPUIPlugin
2023-10-14 23:30:15,910 [INFO] PluginManager:220 - loadIPPluginJar : add linkedlist
2023-10-14 23:30:15,914 [INFO] IPUIPlugin:80 - create IPUIPlugin
2023-10-14 23:30:15,914 [INFO] PluginManager:220 - loadIPPluginJar : add tracer_emb
2023-10-14 23:30:15,917 [INFO] IPUIPlugin:80 - create IPUIPlugin
2023-10-14 23:30:15,918 [INFO] PluginManager:220 - loadIPPluginJar : add ts
2023-10-14 23:30:15,921 [INFO] IPUIPlugin:80 - create IPUIPlugin
2023-10-14 23:30:15,921 [INFO] PluginManager:220 - loadIPPluginJar : add ucpd
2023-10-14 23:30:15,926 [INFO] IPUIPlugin:80 - create IPUIPlugin
2023-10-14 23:30:15,926 [INFO] PluginManager:220 - loadIPPluginJar : add i2s
2023-10-14 23:30:15,936 [INFO] IPUIPlugin:80 - create IPUIPlugin
2023-10-14 23:30:15,936 [INFO] PluginManager:220 - loadIPPluginJar : add mdma
2023-10-14 23:30:15,941 [INFO] IPUIPlugin:80 - create IPUIPlugin
2023-10-14 23:30:15,941 [INFO] PluginManager:220 - loadIPPluginJar : add opamp
2023-10-14 23:30:15,943 [INFO] IPUIPlugin:80 - create IPUIPlugin
2023-10-14 23:30:15,944 [INFO] PluginManager:220 - loadIPPluginJar : add fatfs
2023-10-14 23:30:15,948 [INFO] IPUIPlugin:80 - create IPUIPlugin
2023-10-14 23:30:15,948 [INFO] PluginManager:220 - loadIPPluginJar : add aes
2023-10-14 23:30:16,075 [INFO] CADModel:165 - CPN selected for project level
2023-10-14 23:30:16,075 [INFO] CADModel:114 - Register for checkConnection events
2023-10-14 23:30:16,076 [FATAL] Updater:308 - Updater called before beeing initialized
2023-10-14 23:30:16,076 [ERROR] CADModel:125 - Updater not yet initialized, retry later 
2023-10-14 23:30:16,426 [INFO] ThirdPartyUpdaterWithRetryManager:70 - Updater plugin not ready yet. [2/15]
2023-10-14 23:30:16,565 [INFO] CADModel:165 - CPN selected for project level
2023-10-14 23:30:16,565 [INFO] CADModel:114 - Register for checkConnection events
2023-10-14 23:30:16,565 [FATAL] Updater:308 - Updater called before beeing initialized
2023-10-14 23:30:16,565 [ERROR] CADModel:125 - Updater not yet initialized, retry later 
2023-10-14 23:30:16,569 [FATAL] Updater:308 - Updater called before beeing initialized
2023-10-14 23:30:16,679 [FATAL] Updater:308 - Updater called before beeing initialized
2023-10-14 23:30:16,704 [INFO] DbMcusAds:53 - JSON generation date=Tue Mar 07 14:20:55 IST 2023 (1678179055114)
2023-10-14 23:30:16,704 [FATAL] Updater:308 - Updater called before beeing initialized
2023-10-14 23:30:16,845 [WARN] DetailPanel:346 - Failed to get advertising image, set to default
2023-10-14 23:30:16,940 [FATAL] Updater:308 - Updater called before beeing initialized
2023-10-14 23:30:16,954 [FATAL] Updater:308 - Updater called before beeing initialized
2023-10-14 23:30:16,954 [FATAL] Updater:308 - Updater called before beeing initialized
2023-10-14 23:30:16,954 [WARN] DetailPanel:346 - Failed to get advertising image, set to default
2023-10-14 23:30:16,956 [FATAL] Updater:308 - Updater called before beeing initialized
2023-10-14 23:30:17,026 [ERROR] Updater:1120 - MainUpdater not yet initialized. External WinMGr cannot be set.
2023-10-14 23:30:17,041 [INFO] Updater:1056 - Updater Version found : 6.9.1
2023-10-14 23:30:17,067 [INFO] ApplicationProperties:184 - Using Application install path: /opt/st/stm32cubeide_1.13.1/plugins/com.st.stm32cube.common.mx_6.9.1.202307191849
2023-10-14 23:30:18,134 [ERROR] ConfigurationRetriever:142 - IOException on connection: Read timed out
2023-10-14 23:30:18,754 [INFO] MainUpdater:2868 - connection check result : 10
2023-10-14 23:30:18,755 [INFO] MainUpdater:285 - Updater Check For Update Now.
2023-10-14 23:30:18,755 [INFO] MicroXplorer:498 - Change Database Version : DB.6.0.91
2023-10-14 23:30:18,763 [INFO] McuFinderGlobals:63 - Set McuFinder mode to 2 (CubeIDE integrated)
2023-10-14 23:30:19,064 [INFO] CheckServerUpdateThread:120 - End of CheckServer Thread
2023-10-14 23:30:19,823 [WARN] PackLoader:240 - Cannot read IP mode file for STMicroelectronics.X-CUBE-SMBUS.2.1.0
2023-10-14 23:30:19,873 [WARN] PackLoader:240 - Cannot read IP mode file for STMicroelectronics.X-CUBE-AZRTOS-F7.1.1.0
2023-10-14 23:30:19,898 [WARN] PackLoader:240 - Cannot read IP mode file for STMicroelectronics.FP-SNS-MOTENV1.4.3.2
2023-10-14 23:30:19,922 [WARN] PackLoader:240 - Cannot read IP mode file for STMicroelectronics.FP-SNS-FLIGHT1.5.0.2
2023-10-14 23:30:19,934 [WARN] PackLoader:240 - Cannot read IP mode file for STMicroelectronics.X-CUBE-DISPLAY.3.0.0
2023-10-14 23:30:19,958 [WARN] PackLoader:240 - Cannot read IP mode file for STMicroelectronics.X-CUBE-BLE1.7.0.0
2023-10-14 23:30:19,964 [WARN] PackLoader:240 - Cannot read IP mode file for emotas.I-CUBE-CANOPEN.1.3.0
2023-10-14 23:30:19,969 [WARN] PackLoader:240 - Cannot read IP mode file for STMicroelectronics.X-CUBE-TOUCHGFX.4.22.0
2023-10-14 23:30:19,980 [WARN] PackLoader:240 - Cannot read IP mode file for STMicroelectronics.X-CUBE-TOUCHGFX.4.22.1
2023-10-14 23:30:19,989 [WARN] PackLoader:240 - Cannot read IP mode file for STMicroelectronics.FP-SNS-SMARTAG2.1.2.0
2023-10-14 23:30:20,018 [INFO] LogOutputStream:77 - [STDOUT_REDIRECT] 1 : Invalid condition id : UX_CORESTACK_Condition cause : null
2023-10-14 23:30:20,019 [INFO] LogOutputStream:77 - [STDOUT_REDIRECT] 1 : Invalid condition id : UX_CORESTACK_Condition cause : null
2023-10-14 23:30:20,019 [INFO] LogOutputStream:77 - [STDOUT_REDIRECT] 1 : Invalid condition id : UX_CORESTACK_Condition cause : null
2023-10-14 23:30:20,019 [INFO] LogOutputStream:77 - [STDOUT_REDIRECT] 1 : Invalid condition id : UX_CORESTACK_Condition cause : null
2023-10-14 23:30:20,019 [INFO] LogOutputStream:77 - [STDOUT_REDIRECT] 1 : Invalid condition id : UX_CORESTACK_Condition cause : null
2023-10-14 23:30:20,025 [WARN] PackLoader:240 - Cannot read IP mode file for STMicroelectronics.X-CUBE-AZRTOS-WL.2.0.0
2023-10-14 23:30:20,054 [WARN] PackLoader:240 - Cannot read IP mode file for WES.I-CUBE-Cesium.1.3.0
2023-10-14 23:30:20,074 [WARN] PackLoader:240 - Cannot read IP mode file for STMicroelectronics.X-CUBE-BLE2.3.3.0
2023-10-14 23:30:20,093 [WARN] PackLoader:240 - Cannot read IP mode file for STMicroelectronics.X-CUBE-ALGOBUILD.1.3.0
2023-10-14 23:30:20,229 [WARN] PackLoader:240 - Cannot read IP mode file for STMicroelectronics.X-CUBE-AZRTOS-G0.1.1.0
2023-10-14 23:30:20,345 [WARN] PackLoader:240 - Cannot read IP mode file for STMicroelectronics.X-CUBE-NFC4.3.0.0
2023-10-14 23:30:20,355 [WARN] PackLoader:240 - Cannot read IP mode file for STMicroelectronics.FP-ATR-SIGFOX1.3.2.0
2023-10-14 23:30:20,473 [WARN] PackLoader:240 - Cannot read IP mode file for SEGGER.I-CUBE-embOS.1.3.1
2023-10-14 23:30:20,602 [WARN] PackLoader:240 - Cannot read IP mode file for STMicroelectronics.X-CUBE-GNSS1.6.0.0
2023-10-14 23:30:20,635 [WARN] PackLoader:240 - Cannot read IP mode file for STMicroelectronics.X-CUBE-AZRTOS-F4.1.1.0
2023-10-14 23:30:20,646 [WARN] PackLoader:240 - Cannot read IP mode file for wolfSSL.I-CUBE-wolfSSL.5.6.3
2023-10-14 23:30:20,683 [WARN] PackLoader:240 - Cannot read IP mode file for STMicroelectronics.X-CUBE-AZRTOS-L5.2.0.0
2023-10-14 23:30:20,767 [WARN] PackLoader:240 - Cannot read IP mode file for STMicroelectronics.X-CUBE-MEMS1.9.6.0
2023-10-14 23:30:21,010 [WARN] PackLoader:240 - Cannot read IP mode file for ITTIA_DB.I-CUBE-ITTIADB.8.8.0
2023-10-14 23:30:21,017 [WARN] PackLoader:240 - Cannot read IP mode file for STMicroelectronics.X-CUBE-BLEMGR.2.0.0
2023-10-14 23:30:21,055 [WARN] ConditionMgr:438 - getConditionDescription Invalid condition id : UX DEVICE CLASS RTOS Condition cause : null
2023-10-14 23:30:21,056 [WARN] ConditionMgr:438 - getConditionDescription Invalid condition id : UX DEVICE CLASS RTOS Condition cause : null
2023-10-14 23:30:21,060 [WARN] PackLoader:240 - Cannot read IP mode file for STMicroelectronics.X-CUBE-AZRTOS-H7.3.1.0
2023-10-14 23:30:21,061 [WARN] ConditionMgr:1039 - genDependencies : Invalid condition id : UX DEVICE CLASS RTOS Condition cause : null
2023-10-14 23:30:21,062 [WARN] ConditionMgr:1039 - genDependencies : Invalid condition id : UX DEVICE CLASS RTOS Condition cause : null
2023-10-14 23:30:21,064 [WARN] ConditionMgr:1039 - genDependencies : Invalid condition id : UX DEVICE CLASS RTOS Condition cause : null
2023-10-14 23:30:21,064 [WARN] ConditionMgr:1039 - genDependencies : Invalid condition id : UX DEVICE CLASS RTOS Condition cause : null
2023-10-14 23:30:21,065 [WARN] ConditionMgr:1039 - genDependencies : Invalid condition id : UX DEVICE CLASS RTOS Condition cause : null
2023-10-14 23:30:21,085 [WARN] PackLoader:240 - Cannot read IP mode file for STMicroelectronics.X-CUBE-NFC7.1.0.1
2023-10-14 23:30:21,095 [WARN] PackLoader:240 - Cannot read IP mode file for STMicroelectronics.X-CUBE-NFC6.3.0.0
2023-10-14 23:30:21,118 [WARN] PackLoader:240 - Cannot read IP mode file for STMicroelectronics.X-CUBE-EEPRMA1.4.1.0
2023-10-14 23:30:21,137 [WARN] PackLoader:240 - Cannot read IP mode file for STMicroelectronics.X-CUBE-AI.8.1.0
2023-10-14 23:30:21,176 [WARN] ConditionMgr:438 - getConditionDescription Invalid condition id : LAN8742 Phy interface Condition cause : null
2023-10-14 23:30:21,176 [WARN] PackLoader:240 - Cannot read IP mode file for STMicroelectronics.X-CUBE-AZRTOS-L4.2.0.0
2023-10-14 23:30:21,178 [WARN] ConditionMgr:1039 - genDependencies : Invalid condition id : LAN8742 Phy interface Condition cause : null
2023-10-14 23:30:21,178 [WARN] ConditionMgr:1039 - genDependencies : Invalid condition id : LAN8742 Phy interface Condition cause : null
2023-10-14 23:30:21,179 [WARN] ConditionMgr:1039 - genDependencies : Invalid condition id : LAN8742 Phy interface Condition cause : null
2023-10-14 23:30:21,187 [WARN] PackLoader:240 - Cannot read IP mode file for STMicroelectronics.X-CUBE-SFXS2LP1.4.0.0
2023-10-14 23:30:21,193 [WARN] PackLoader:240 - Cannot read IP mode file for STMicroelectronics.X-CUBE-ISPU.1.1.0
2023-10-14 23:30:21,221 [WARN] ConditionMgr:438 - getConditionDescription Invalid condition id : UX DEVICE CLASS RTOS Condition cause : null
2023-10-14 23:30:21,221 [WARN] ConditionMgr:438 - getConditionDescription Invalid condition id : UX DEVICE CLASS RTOS Condition cause : null
2023-10-14 23:30:21,223 [WARN] PackLoader:240 - Cannot read IP mode file for STMicroelectronics.X-CUBE-AZRTOS-WB.2.0.0
2023-10-14 23:30:21,224 [WARN] ConditionMgr:1039 - genDependencies : Invalid condition id : UX DEVICE CLASS RTOS Condition cause : null
2023-10-14 23:30:21,225 [WARN] ConditionMgr:1039 - genDependencies : Invalid condition id : UX DEVICE CLASS RTOS Condition cause : null
2023-10-14 23:30:21,225 [WARN] ConditionMgr:1039 - genDependencies : Invalid condition id : UX DEVICE CLASS RTOS Condition cause : null
2023-10-14 23:30:21,226 [WARN] ConditionMgr:1039 - genDependencies : Invalid condition id : UX DEVICE CLASS RTOS Condition cause : null
2023-10-14 23:30:21,226 [WARN] ConditionMgr:1039 - genDependencies : Invalid condition id : UX DEVICE CLASS RTOS Condition cause : null
2023-10-14 23:30:21,254 [WARN] PackLoader:240 - Cannot read IP mode file for STMicroelectronics.X-CUBE-SUBG2.5.0.0
2023-10-14 23:30:21,398 [WARN] PackLoader:240 - Cannot read IP mode file for STMicroelectronics.X-CUBE-TOF1.3.3.1
2023-10-14 23:30:21,593 [WARN] PackLoader:240 - Cannot read IP mode file for STMicroelectronics.X-CUBE-AZRTOS-G4.2.0.0
2023-10-14 23:30:21,779 [WARN] PackLoader:240 - Cannot read IP mode file for Infineon.AIROC-Wi-Fi-Bluetooth-STM32.1.5.1
2023-10-14 23:30:21,818 [WARN] PackLoader:240 - Cannot read IP mode file for STMicroelectronics.X-CUBE-FREERTOS.1.1.0
2023-10-14 23:30:21,865 [WARN] PackLoader:240 - Cannot read IP mode file for portGmbH.I-Cube-SoM-uGOAL.1.1.0
2023-10-14 23:30:21,884 [WARN] PackLoader:240 - Cannot read IP mode file for STMicroelectronics.X-CUBE-ALS.1.0.1
2023-10-14 23:30:21,906 [WARN] PackLoader:240 - Cannot read IP mode file for STMicroelectronics.FP-ATR-ASTRA1.2.0.0
2023-10-14 23:30:21,907 [INFO] ThirdParty:978 - Integrity check success = true
2023-10-14 23:30:21,907 [INFO] IntegrityCheckThread:100 - exiting critical section [integrity check]
2023-10-14 23:30:21,908 [INFO] IntegrityCheckThread:103 - End integrity checks thread
2023-10-14 23:30:39,761 [ERROR] LogOutputStream:75 - [STDERR_REDIRECT] SLF4J: Failed to load class "org.slf4j.impl.StaticLoggerBinder".
2023-10-14 23:30:39,762 [ERROR] LogOutputStream:75 - [STDERR_REDIRECT] SLF4J: Defaulting to no-operation (NOP) logger implementation
2023-10-14 23:30:39,762 [ERROR] LogOutputStream:75 - [STDERR_REDIRECT] SLF4J: See http://www.slf4j.org/codes.html#StaticLoggerBinder for further details.
2023-10-14 23:31:06,122 [INFO] LogOutputStream:77 - [STDOUT_REDIRECT] Exception in update check thread
2023-10-14 23:31:06,123 [ERROR] LogOutputStream:75 - [STDERR_REDIRECT] java.lang.IllegalStateException: bundle org.eclipse.equinox.p2.repositoryis not started
2023-10-14 23:31:06,123 [ERROR] LogOutputStream:75 - [STDERR_REDIRECT] 	at org.eclipse.equinox.internal.p2.repository.Activator.getContext(Activator.java:65)
2023-10-14 23:31:06,123 [ERROR] LogOutputStream:75 - [STDERR_REDIRECT] 	at org.eclipse.equinox.internal.p2.repository.helpers.AbstractRepositoryManager.restoreFromSystemProperty(AbstractRepositoryManager.java:1013)
2023-10-14 23:31:06,124 [ERROR] LogOutputStream:75 - [STDERR_REDIRECT] 	at org.eclipse.equinox.internal.p2.repository.helpers.AbstractRepositoryManager.restoreRepositories(AbstractRepositoryManager.java:1033)
2023-10-14 23:31:06,124 [ERROR] LogOutputStream:75 - [STDERR_REDIRECT] 	at org.eclipse.equinox.internal.p2.repository.helpers.AbstractRepositoryManager.getRepositoryProperty(AbstractRepositoryManager.java:571)
2023-10-14 23:31:06,124 [ERROR] LogOutputStream:75 - [STDERR_REDIRECT] 	at org.eclipse.equinox.internal.p2.repository.helpers.AbstractRepositoryManager.loadRepository(AbstractRepositoryManager.java:703)
2023-10-14 23:31:06,124 [ERROR] LogOutputStream:75 - [STDERR_REDIRECT] 	at org.eclipse.equinox.internal.p2.metadata.repository.MetadataRepositoryManager.loadRepository(MetadataRepositoryManager.java:110)
2023-10-14 23:31:06,124 [ERROR] LogOutputStream:75 - [STDERR_REDIRECT] 	at org.eclipse.equinox.internal.p2.metadata.repository.MetadataRepositoryManager.loadRepository(MetadataRepositoryManager.java:105)
2023-10-14 23:31:06,125 [ERROR] LogOutputStream:75 - [STDERR_REDIRECT] 	at org.eclipse.equinox.internal.p2.updatechecker.UpdateChecker.getAvailableRepositories(UpdateChecker.java:152)
2023-10-14 23:31:06,125 [ERROR] LogOutputStream:75 - [STDERR_REDIRECT] 	at org.eclipse.equinox.internal.p2.updatechecker.UpdateChecker.checkForUpdates(UpdateChecker.java:130)
2023-10-14 23:31:06,125 [ERROR] LogOutputStream:75 - [STDERR_REDIRECT] 	at org.eclipse.equinox.internal.p2.updatechecker.UpdateChecker$UpdateCheckThread.run(UpdateChecker.java:78)
