2023-10-11 15:44:37,972 [INFO] Activator:176 - 


2023-10-11 15:44:37,986 [INFO] Activator:177 - !SESSION log4j initialized
2023-10-11 15:44:54,488 [INFO] LogOutputStream:77 - [STDOUT_REDIRECT] 
2023-10-11 15:44:57,119 [INFO] ApplicationProperties:184 - Using Application install path: /opt/st/stm32cubeide_1.13.1/plugins/com.st.stm32cube.common.mx_6.9.1.202307191849
2023-10-11 15:44:57,158 [INFO] DbMcusXml:78 - Set database path to: /opt/st/stm32cubeide_1.13.1/plugins/com.st.stm32cube.common.mx_6.9.1.202307191849//db//mcu/
2023-10-11 15:44:57,158 [INFO] ApiDb:274 - Set plugin database path to: /opt/st/stm32cubeide_1.13.1/plugins/com.st.stm32cube.common.mx_6.9.1.202307191849//db//plugins/boardmanager/
2023-10-11 15:44:57,159 [WARN] ApiDb:259 - Overriding images path with different value:  => /opt/st/stm32cubeide_1.13.1/plugins/com.st.stm32cube.common.mx_6.9.1.202307191849//db//plugins/mcufinder/images/
2023-10-11 15:44:57,177 [INFO] ApiDb:250 - Set database path to: /home/sumit/.stmcufinder/plugins/mcufinder//mcu/
2023-10-11 15:44:57,179 [INFO] DbMcusAds:125 - Set database path to: /home/sumit/.stmcufinder/plugins/mcufinder//mcu/
2023-10-11 15:44:57,183 [INFO] CrossReferenceDbSqlite:203 - Set database path to: /home/sumit/.stmcufinder/plugins/mcufinder//mcu/cs/
2023-10-11 15:44:57,354 [INFO] RulesReader:64 - Compatibility file has been processed (293 Rules)
2023-10-11 15:44:57,450 [INFO] DbMcusXml:78 - Set database path to: /opt/st/stm32cubeide_1.13.1/plugins/com.st.stm32cube.common.mx_6.9.1.202307191849//db//mcu/
2023-10-11 15:44:57,450 [INFO] ApiDb:274 - Set plugin database path to: /opt/st/stm32cubeide_1.13.1/plugins/com.st.stm32cube.common.mx_6.9.1.202307191849//db//plugins/boardmanager/
2023-10-11 15:44:57,450 [INFO] ApiDb:261 - Set plugin images path to: /opt/st/stm32cubeide_1.13.1/plugins/com.st.stm32cube.common.mx_6.9.1.202307191849//db//plugins/mcufinder/images/
2023-10-11 15:44:57,450 [WARN] DbFile:41 - Overriding database path with different value: /home/sumit/.stmcufinder/plugins/mcufinder/ => /home/sumit/.stmcufinder/plugins/mcufinder
2023-10-11 15:44:57,451 [INFO] ApiDb:250 - Set database path to: /home/sumit/.stmcufinder/plugins/mcufinder//mcu/
2023-10-11 15:44:57,451 [WARN] DbFile:41 - Overriding database path with different value: /home/sumit/.stmcufinder/plugins/mcufinder/ => /home/sumit/.stmcufinder/plugins/mcufinder
2023-10-11 15:44:57,451 [INFO] DbMcusAds:125 - Set database path to: /home/sumit/.stmcufinder/plugins/mcufinder//mcu/
2023-10-11 15:44:57,451 [WARN] DbFile:41 - Overriding database path with different value: /home/sumit/.stmcufinder/plugins/mcufinder/ => /home/sumit/.stmcufinder/plugins/mcufinder
2023-10-11 15:44:57,452 [WARN] DbFile:41 - Overriding database path with different value: /home/sumit/.stmcufinder/plugins/mcufinder/ => /home/sumit/.stmcufinder/plugins/mcufinder
2023-10-11 15:44:57,452 [INFO] CrossReferenceDbSqlite:203 - Set database path to: /home/sumit/.stmcufinder/plugins/mcufinder//mcu/cs/
2023-10-11 15:44:57,560 [INFO] MainPanel:262 - HeapMemory: 268435456
2023-10-11 15:44:57,673 [INFO] DbMcusXml:78 - Set database path to: /opt/st/stm32cubeide_1.13.1/plugins/com.st.stm32cube.common.mx_6.9.1.202307191849//db//mcu/
2023-10-11 15:44:57,674 [INFO] ApiDb:274 - Set plugin database path to: /opt/st/stm32cubeide_1.13.1/plugins/com.st.stm32cube.common.mx_6.9.1.202307191849//db//plugins/boardmanager/
2023-10-11 15:44:57,674 [INFO] ApiDb:261 - Set plugin images path to: /opt/st/stm32cubeide_1.13.1/plugins/com.st.stm32cube.common.mx_6.9.1.202307191849//db//plugins/mcufinder/images/
2023-10-11 15:44:57,675 [WARN] DbFile:41 - Overriding database path with different value: /home/sumit/.stmcufinder/plugins/mcufinder/ => /home/sumit/.stmcufinder/plugins/mcufinder
2023-10-11 15:44:57,675 [INFO] ApiDb:250 - Set database path to: /home/sumit/.stmcufinder/plugins/mcufinder//mcu/
2023-10-11 15:44:57,675 [WARN] DbFile:41 - Overriding database path with different value: /home/sumit/.stmcufinder/plugins/mcufinder/ => /home/sumit/.stmcufinder/plugins/mcufinder
2023-10-11 15:44:57,675 [INFO] DbMcusAds:125 - Set database path to: /home/sumit/.stmcufinder/plugins/mcufinder//mcu/
2023-10-11 15:44:57,675 [WARN] DbFile:41 - Overriding database path with different value: /home/sumit/.stmcufinder/plugins/mcufinder/ => /home/sumit/.stmcufinder/plugins/mcufinder
2023-10-11 15:44:57,676 [WARN] DbFile:41 - Overriding database path with different value: /home/sumit/.stmcufinder/plugins/mcufinder/ => /home/sumit/.stmcufinder/plugins/mcufinder
2023-10-11 15:44:57,676 [INFO] CrossReferenceDbSqlite:203 - Set database path to: /home/sumit/.stmcufinder/plugins/mcufinder//mcu/cs/
2023-10-11 15:44:57,697 [INFO] ApplicationProperties:184 - Using Application install path: /opt/st/stm32cubeide_1.13.1/plugins/com.st.stm32cube.common.mx_6.9.1.202307191849
2023-10-11 15:44:57,699 [INFO] PluginManage:196 - Search for loadable plugins [exclusion list=, ]
2023-10-11 15:44:57,700 [INFO] PluginManage:310 - Check plugin analytics
2023-10-11 15:44:57,970 [INFO] AnalyticsPlugin:253 - Accepted Software Licenses: 
2023-10-11 15:44:57,971 [INFO] AnalyticsPlugin:255 - Accepted CMSIS Pack Licenses: 
2023-10-11 15:44:57,971 [INFO] AnalyticsPlugin:257 - Accepted Firmware Licenses: 
2023-10-11 15:44:57,978 [INFO] PluginManage:359 - Loaded plugin analytics (category:tool,tabindex:-1)
2023-10-11 15:44:57,979 [INFO] PluginManage:310 - Check plugin cadmodel
2023-10-11 15:44:58,021 [INFO] CADModel:105 - Init CAD model plugin
2023-10-11 15:44:58,021 [INFO] PluginManage:359 - Loaded plugin cadmodel (category:power,tabindex:5)
2023-10-11 15:44:58,022 [INFO] PluginManage:310 - Check plugin clock
2023-10-11 15:44:58,034 [INFO] PluginManage:359 - Loaded plugin clock (category:base,tabindex:2)
2023-10-11 15:44:58,034 [INFO] PluginManage:310 - Check plugin ddr
2023-10-11 15:44:58,037 [INFO] PluginManage:359 - Loaded plugin ddr (category:tool,tabindex:6)
2023-10-11 15:44:58,037 [INFO] PluginManage:310 - Check plugin filemanager
2023-10-11 15:44:58,196 [INFO] PluginManage:359 - Loaded plugin filemanager (category:base,tabindex:10)
2023-10-11 15:44:58,196 [INFO] PluginManage:310 - Check plugin ipmanager
2023-10-11 15:44:58,204 [INFO] PluginManage:359 - Loaded plugin ipmanager (category:base,tabindex:5)
2023-10-11 15:44:58,204 [INFO] PluginManage:310 - Check plugin lpbam
2023-10-11 15:44:58,217 [INFO] PluginManage:359 - Loaded plugin lpbam (category:base,tabindex:0)
2023-10-11 15:44:58,217 [INFO] PluginManage:310 - Check plugin memorymap
2023-10-11 15:44:58,232 [INFO] PluginManage:359 - Loaded plugin memorymap (category:base,tabindex:4)
2023-10-11 15:44:58,232 [INFO] PluginManage:310 - Check plugin pinoutandconfiguration
2023-10-11 15:44:58,242 [INFO] PluginManage:359 - Loaded plugin pinoutandconfiguration (category:base,tabindex:1)
2023-10-11 15:44:58,242 [INFO] PluginManage:310 - Check plugin pinoutconfig
2023-10-11 15:44:58,374 [WARN] SupportedApi:132 - Cannot load RTOS API schema: s4s-elt-must-match.1: The content of 'definitions' must match (annotation?, (simpleType | complexType)?, (unique | key | keyref)*)). A problem was found starting at: attribute.
2023-10-11 15:44:58,567 [INFO] PluginManage:359 - Loaded plugin pinoutconfig (category:base,tabindex:0)
2023-10-11 15:44:58,568 [INFO] PluginManage:310 - Check plugin power
2023-10-11 15:44:58,584 [INFO] PluginManage:359 - Loaded plugin power (category:power,tabindex:4)
2023-10-11 15:44:58,584 [INFO] PluginManage:310 - Check plugin projectmanager
2023-10-11 15:44:58,610 [INFO] PluginManage:359 - Loaded plugin projectmanager (category:projectmanager,tabindex:3)
2023-10-11 15:44:58,611 [INFO] PluginManage:310 - Check plugin thirdparty
2023-10-11 15:44:58,808 [WARN] IntegrityCheckThread:84 - waiting for thirdparty lock release [integrity check]
2023-10-11 15:44:58,809 [INFO] PluginManage:359 - Loaded plugin thirdparty (category:base,tabindex:-1)
2023-10-11 15:44:58,809 [INFO] IntegrityCheckThread:86 - entering critical section [integrity check]
2023-10-11 15:44:58,809 [INFO] PluginManage:310 - Check plugin tools
2023-10-11 15:44:58,809 [INFO] ThirdPartyUpdaterWithRetryManager:70 - Updater plugin not ready yet. [1/15]
2023-10-11 15:44:58,812 [INFO] PluginManage:359 - Loaded plugin tools (category:base,tabindex:7)
2023-10-11 15:44:58,813 [INFO] PluginManage:310 - Check plugin tutovideos
2023-10-11 15:44:59,108 [INFO] PluginManage:359 - Loaded plugin tutovideos (category:base,tabindex:-1)
2023-10-11 15:44:59,108 [INFO] PluginManage:310 - Check plugin updater
2023-10-11 15:44:59,124 [INFO] PluginManage:359 - Loaded plugin updater (category:base,tabindex:12)
2023-10-11 15:44:59,125 [INFO] PluginManage:310 - Check plugin userauth
2023-10-11 15:44:59,132 [INFO] UserAuth:113 - Init User Auth plugin
2023-10-11 15:44:59,132 [INFO] PluginManage:359 - Loaded plugin userauth (category:base,tabindex:14)
2023-10-11 15:44:59,133 [INFO] PluginManage:283 - PluginManage : Loaded plugins [17]
2023-10-11 15:44:59,401 [INFO] PinOutPanel:1499 - setPackage(No Configuration,No Configuration)
2023-10-11 15:44:59,513 [INFO] CADModel:165 - CPN selected for project level
2023-10-11 15:44:59,514 [INFO] CADModel:114 - Register for checkConnection events
2023-10-11 15:44:59,527 [INFO] IPUIPlugin:80 - create IPUIPlugin
2023-10-11 15:44:59,528 [INFO] PluginManager:220 - loadIPPluginJar : add nvic
2023-10-11 15:44:59,540 [INFO] IPUIPlugin:80 - create IPUIPlugin
2023-10-11 15:44:59,540 [INFO] PluginManager:220 - loadIPPluginJar : add stm32_wpan
2023-10-11 15:44:59,543 [INFO] IPUIPlugin:80 - create IPUIPlugin
2023-10-11 15:44:59,543 [INFO] PluginManager:220 - loadIPPluginJar : add i2c
2023-10-11 15:44:59,546 [INFO] IPUIPlugin:80 - create IPUIPlugin
2023-10-11 15:44:59,547 [INFO] PluginManager:220 - loadIPPluginJar : add hash
2023-10-11 15:44:59,548 [INFO] IPUIPlugin:80 - create IPUIPlugin
2023-10-11 15:44:59,549 [INFO] PluginManager:220 - loadIPPluginJar : add tsc
2023-10-11 15:44:59,552 [INFO] IPUIPlugin:80 - create IPUIPlugin
2023-10-11 15:44:59,552 [INFO] PluginManager:220 - loadIPPluginJar : add can
2023-10-11 15:44:59,555 [INFO] IPUIPlugin:80 - create IPUIPlugin
2023-10-11 15:44:59,556 [INFO] PluginManager:220 - loadIPPluginJar : add pdm2pcm
2023-10-11 15:44:59,564 [INFO] IPUIPlugin:80 - create IPUIPlugin
2023-10-11 15:44:59,564 [INFO] PluginManager:220 - loadIPPluginJar : add dma
2023-10-11 15:44:59,568 [INFO] IPUIPlugin:80 - create IPUIPlugin
2023-10-11 15:44:59,569 [INFO] PluginManager:220 - loadIPPluginJar : add sai
2023-10-11 15:44:59,573 [INFO] IPUIPlugin:80 - create IPUIPlugin
2023-10-11 15:44:59,573 [INFO] PluginManager:220 - loadIPPluginJar : add spi
2023-10-11 15:44:59,577 [INFO] IPUIPlugin:80 - create IPUIPlugin
2023-10-11 15:44:59,578 [INFO] PluginManager:220 - loadIPPluginJar : add usart
2023-10-11 15:44:59,584 [INFO] IPUIPlugin:80 - create IPUIPlugin
2023-10-11 15:44:59,584 [INFO] PluginManager:220 - loadIPPluginJar : add fmc
2023-10-11 15:44:59,588 [INFO] IPUIPlugin:80 - create IPUIPlugin
2023-10-11 15:44:59,588 [INFO] PluginManager:220 - loadIPPluginJar : add resmgrutility
2023-10-11 15:44:59,590 [INFO] IPUIPlugin:80 - create IPUIPlugin
2023-10-11 15:44:59,590 [INFO] PluginManager:220 - loadIPPluginJar : add quadspi
2023-10-11 15:44:59,592 [INFO] IPUIPlugin:80 - create IPUIPlugin
2023-10-11 15:44:59,592 [INFO] PluginManager:220 - loadIPPluginJar : add comp
2023-10-11 15:44:59,595 [INFO] IPUIPlugin:80 - create IPUIPlugin
2023-10-11 15:44:59,595 [INFO] PluginManager:220 - loadIPPluginJar : add gfxmmu
2023-10-11 15:44:59,599 [INFO] IPUIPlugin:80 - create IPUIPlugin
2023-10-11 15:44:59,599 [INFO] PluginManager:220 - loadIPPluginJar : add dma3
2023-10-11 15:44:59,605 [INFO] IPUIPlugin:80 - create IPUIPlugin
2023-10-11 15:44:59,605 [INFO] PluginManager:220 - loadIPPluginJar : add freertos
2023-10-11 15:44:59,607 [INFO] IPUIPlugin:80 - create IPUIPlugin
2023-10-11 15:44:59,607 [INFO] PluginManager:220 - loadIPPluginJar : add ltdc
2023-10-11 15:44:59,610 [INFO] IPUIPlugin:80 - create IPUIPlugin
2023-10-11 15:44:59,610 [INFO] PluginManager:220 - loadIPPluginJar : add dfsdm
2023-10-11 15:44:59,612 [INFO] IPUIPlugin:80 - create IPUIPlugin
2023-10-11 15:44:59,612 [INFO] PluginManager:220 - loadIPPluginJar : add genericplugin
2023-10-11 15:44:59,617 [INFO] IPUIPlugin:80 - create IPUIPlugin
2023-10-11 15:44:59,618 [INFO] PluginManager:220 - loadIPPluginJar : add openamp
2023-10-11 15:44:59,621 [INFO] IPUIPlugin:80 - create IPUIPlugin
2023-10-11 15:44:59,621 [INFO] PluginManager:220 - loadIPPluginJar : add cryp
2023-10-11 15:44:59,625 [INFO] IPUIPlugin:80 - create IPUIPlugin
2023-10-11 15:44:59,625 [INFO] PluginManager:220 - loadIPPluginJar : add gtzc
2023-10-11 15:44:59,633 [INFO] IPUIPlugin:80 - create IPUIPlugin
2023-10-11 15:44:59,634 [INFO] PluginManager:220 - loadIPPluginJar : add adc
2023-10-11 15:44:59,638 [INFO] IPUIPlugin:80 - create IPUIPlugin
2023-10-11 15:44:59,638 [INFO] PluginManager:220 - loadIPPluginJar : add touchsensing
2023-10-11 15:44:59,642 [INFO] IPUIPlugin:80 - create IPUIPlugin
2023-10-11 15:44:59,642 [INFO] PluginManager:220 - loadIPPluginJar : add usbx
2023-10-11 15:44:59,646 [INFO] IPUIPlugin:80 - create IPUIPlugin
2023-10-11 15:44:59,646 [INFO] PluginManager:220 - loadIPPluginJar : add ipddr
2023-10-11 15:44:59,652 [INFO] IPUIPlugin:80 - create IPUIPlugin
2023-10-11 15:44:59,652 [INFO] PluginManager:220 - loadIPPluginJar : add gpio
2023-10-11 15:44:59,655 [INFO] IPUIPlugin:80 - create IPUIPlugin
2023-10-11 15:44:59,655 [INFO] PluginManager:220 - loadIPPluginJar : add lorawan
2023-10-11 15:44:59,662 [INFO] IPUIPlugin:80 - create IPUIPlugin
2023-10-11 15:44:59,662 [INFO] PluginManager:220 - loadIPPluginJar : add gic
2023-10-11 15:44:59,664 [INFO] IPUIPlugin:80 - create IPUIPlugin
2023-10-11 15:44:59,665 [INFO] PluginManager:220 - loadIPPluginJar : add tim
2023-10-11 15:44:59,668 [INFO] IPUIPlugin:80 - create IPUIPlugin
2023-10-11 15:44:59,668 [INFO] PluginManager:220 - loadIPPluginJar : add i3c
2023-10-11 15:44:59,675 [INFO] IPUIPlugin:80 - create IPUIPlugin
2023-10-11 15:44:59,680 [INFO] PluginManager:220 - loadIPPluginJar : add plateformsettings
2023-10-11 15:44:59,687 [INFO] IPUIPlugin:80 - create IPUIPlugin
2023-10-11 15:44:59,687 [INFO] PluginManager:220 - loadIPPluginJar : add linkedlist
2023-10-11 15:44:59,689 [INFO] IPUIPlugin:80 - create IPUIPlugin
2023-10-11 15:44:59,689 [INFO] PluginManager:220 - loadIPPluginJar : add tracer_emb
2023-10-11 15:44:59,691 [INFO] IPUIPlugin:80 - create IPUIPlugin
2023-10-11 15:44:59,691 [INFO] PluginManager:220 - loadIPPluginJar : add ts
2023-10-11 15:44:59,693 [INFO] IPUIPlugin:80 - create IPUIPlugin
2023-10-11 15:44:59,693 [INFO] PluginManager:220 - loadIPPluginJar : add ucpd
2023-10-11 15:44:59,695 [INFO] IPUIPlugin:80 - create IPUIPlugin
2023-10-11 15:44:59,696 [INFO] PluginManager:220 - loadIPPluginJar : add i2s
2023-10-11 15:44:59,704 [INFO] IPUIPlugin:80 - create IPUIPlugin
2023-10-11 15:44:59,705 [INFO] PluginManager:220 - loadIPPluginJar : add mdma
2023-10-11 15:44:59,708 [INFO] IPUIPlugin:80 - create IPUIPlugin
2023-10-11 15:44:59,708 [INFO] PluginManager:220 - loadIPPluginJar : add opamp
2023-10-11 15:44:59,710 [INFO] IPUIPlugin:80 - create IPUIPlugin
2023-10-11 15:44:59,710 [INFO] PluginManager:220 - loadIPPluginJar : add fatfs
2023-10-11 15:44:59,713 [INFO] IPUIPlugin:80 - create IPUIPlugin
2023-10-11 15:44:59,713 [INFO] PluginManager:220 - loadIPPluginJar : add aes
2023-10-11 15:44:59,818 [INFO] CADModel:165 - CPN selected for project level
2023-10-11 15:44:59,818 [INFO] CADModel:114 - Register for checkConnection events
2023-10-11 15:44:59,818 [FATAL] Updater:308 - Updater called before beeing initialized
2023-10-11 15:44:59,818 [ERROR] CADModel:125 - Updater not yet initialized, retry later 
2023-10-11 15:44:59,982 [INFO] CADModel:165 - CPN selected for project level
2023-10-11 15:44:59,982 [INFO] CADModel:114 - Register for checkConnection events
2023-10-11 15:44:59,982 [FATAL] Updater:308 - Updater called before beeing initialized
2023-10-11 15:44:59,982 [ERROR] CADModel:125 - Updater not yet initialized, retry later 
2023-10-11 15:44:59,986 [FATAL] Updater:308 - Updater called before beeing initialized
2023-10-11 15:45:00,114 [FATAL] Updater:308 - Updater called before beeing initialized
2023-10-11 15:45:00,123 [INFO] DbMcusAds:53 - JSON generation date=Tue Mar 07 14:20:55 IST 2023 (1678179055114)
2023-10-11 15:45:00,124 [FATAL] Updater:308 - Updater called before beeing initialized
2023-10-11 15:45:00,161 [WARN] DetailPanel:346 - Failed to get advertising image, set to default
2023-10-11 15:45:00,285 [FATAL] Updater:308 - Updater called before beeing initialized
2023-10-11 15:45:00,287 [FATAL] Updater:308 - Updater called before beeing initialized
2023-10-11 15:45:00,287 [FATAL] Updater:308 - Updater called before beeing initialized
2023-10-11 15:45:00,287 [WARN] DetailPanel:346 - Failed to get advertising image, set to default
2023-10-11 15:45:00,288 [FATAL] Updater:308 - Updater called before beeing initialized
2023-10-11 15:45:00,330 [ERROR] Updater:1120 - MainUpdater not yet initialized. External WinMGr cannot be set.
2023-10-11 15:45:00,332 [INFO] Updater:1056 - Updater Version found : 6.9.1
2023-10-11 15:45:00,356 [INFO] ApplicationProperties:184 - Using Application install path: /opt/st/stm32cubeide_1.13.1/plugins/com.st.stm32cube.common.mx_6.9.1.202307191849
2023-10-11 15:45:00,542 [INFO] MainUpdater:2868 - connection check result : 10
2023-10-11 15:45:00,543 [INFO] MainUpdater:285 - Updater Check For Update Now.
2023-10-11 15:45:00,544 [INFO] MicroXplorer:498 - Change Database Version : DB.6.0.91
2023-10-11 15:45:00,552 [INFO] McuFinderGlobals:63 - Set McuFinder mode to 2 (CubeIDE integrated)
2023-10-11 15:45:00,803 [INFO] CheckServerUpdateThread:120 - End of CheckServer Thread
2023-10-11 15:45:01,918 [WARN] PackLoader:240 - Cannot read IP mode file for STMicroelectronics.X-CUBE-SMBUS.2.1.0
2023-10-11 15:45:01,971 [WARN] PackLoader:240 - Cannot read IP mode file for STMicroelectronics.X-CUBE-AZRTOS-F7.1.1.0
2023-10-11 15:45:01,989 [WARN] PackLoader:240 - Cannot read IP mode file for STMicroelectronics.FP-SNS-MOTENV1.4.3.2
2023-10-11 15:45:02,001 [WARN] PackLoader:240 - Cannot read IP mode file for STMicroelectronics.FP-SNS-FLIGHT1.5.0.2
2023-10-11 15:45:02,015 [WARN] PackLoader:240 - Cannot read IP mode file for STMicroelectronics.X-CUBE-DISPLAY.3.0.0
2023-10-11 15:45:02,035 [WARN] PackLoader:240 - Cannot read IP mode file for STMicroelectronics.X-CUBE-BLE1.7.0.0
2023-10-11 15:45:02,042 [WARN] PackLoader:240 - Cannot read IP mode file for emotas.I-CUBE-CANOPEN.1.3.0
2023-10-11 15:45:02,049 [WARN] PackLoader:240 - Cannot read IP mode file for STMicroelectronics.X-CUBE-TOUCHGFX.4.22.0
2023-10-11 15:45:02,052 [WARN] PackLoader:240 - Cannot read IP mode file for STMicroelectronics.X-CUBE-TOUCHGFX.4.22.1
2023-10-11 15:45:02,057 [WARN] PackLoader:240 - Cannot read IP mode file for STMicroelectronics.FP-SNS-SMARTAG2.1.2.0
2023-10-11 15:45:02,072 [INFO] LogOutputStream:77 - [STDOUT_REDIRECT] 1 : Invalid condition id : UX_CORESTACK_Condition cause : null
2023-10-11 15:45:02,073 [INFO] LogOutputStream:77 - [STDOUT_REDIRECT] 1 : Invalid condition id : UX_CORESTACK_Condition cause : null
2023-10-11 15:45:02,073 [INFO] LogOutputStream:77 - [STDOUT_REDIRECT] 1 : Invalid condition id : UX_CORESTACK_Condition cause : null
2023-10-11 15:45:02,074 [INFO] LogOutputStream:77 - [STDOUT_REDIRECT] 1 : Invalid condition id : UX_CORESTACK_Condition cause : null
2023-10-11 15:45:02,075 [INFO] LogOutputStream:77 - [STDOUT_REDIRECT] 1 : Invalid condition id : UX_CORESTACK_Condition cause : null
2023-10-11 15:45:02,081 [WARN] PackLoader:240 - Cannot read IP mode file for STMicroelectronics.X-CUBE-AZRTOS-WL.2.0.0
2023-10-11 15:45:02,094 [WARN] PackLoader:240 - Cannot read IP mode file for WES.I-CUBE-Cesium.1.3.0
2023-10-11 15:45:02,101 [WARN] PackLoader:240 - Cannot read IP mode file for STMicroelectronics.X-CUBE-BLE2.3.3.0
2023-10-11 15:45:02,109 [WARN] PackLoader:240 - Cannot read IP mode file for STMicroelectronics.X-CUBE-ALGOBUILD.1.3.0
2023-10-11 15:45:02,135 [WARN] PackLoader:240 - Cannot read IP mode file for STMicroelectronics.X-CUBE-AZRTOS-G0.1.1.0
2023-10-11 15:45:02,146 [WARN] PackLoader:240 - Cannot read IP mode file for STMicroelectronics.X-CUBE-NFC4.3.0.0
2023-10-11 15:45:02,153 [WARN] PackLoader:240 - Cannot read IP mode file for STMicroelectronics.FP-ATR-SIGFOX1.3.2.0
2023-10-11 15:45:02,196 [WARN] PackLoader:240 - Cannot read IP mode file for SEGGER.I-CUBE-embOS.1.3.1
2023-10-11 15:45:02,343 [WARN] PackLoader:240 - Cannot read IP mode file for STMicroelectronics.X-CUBE-GNSS1.6.0.0
2023-10-11 15:45:02,394 [WARN] PackLoader:240 - Cannot read IP mode file for STMicroelectronics.X-CUBE-AZRTOS-F4.1.1.0
2023-10-11 15:45:02,406 [WARN] PackLoader:240 - Cannot read IP mode file for wolfSSL.I-CUBE-wolfSSL.5.6.3
2023-10-11 15:45:02,436 [WARN] PackLoader:240 - Cannot read IP mode file for STMicroelectronics.X-CUBE-AZRTOS-L5.2.0.0
2023-10-11 15:45:02,488 [WARN] PackLoader:240 - Cannot read IP mode file for STMicroelectronics.X-CUBE-MEMS1.9.6.0
2023-10-11 15:45:02,880 [WARN] PackLoader:240 - Cannot read IP mode file for ITTIA_DB.I-CUBE-ITTIADB.8.8.0
2023-10-11 15:45:02,891 [WARN] PackLoader:240 - Cannot read IP mode file for STMicroelectronics.X-CUBE-BLEMGR.2.0.0
2023-10-11 15:45:02,921 [WARN] ConditionMgr:438 - getConditionDescription Invalid condition id : UX DEVICE CLASS RTOS Condition cause : null
2023-10-11 15:45:02,921 [WARN] ConditionMgr:438 - getConditionDescription Invalid condition id : UX DEVICE CLASS RTOS Condition cause : null
2023-10-11 15:45:02,928 [WARN] PackLoader:240 - Cannot read IP mode file for STMicroelectronics.X-CUBE-AZRTOS-H7.3.1.0
2023-10-11 15:45:02,930 [WARN] ConditionMgr:1039 - genDependencies : Invalid condition id : UX DEVICE CLASS RTOS Condition cause : null
2023-10-11 15:45:02,931 [WARN] ConditionMgr:1039 - genDependencies : Invalid condition id : UX DEVICE CLASS RTOS Condition cause : null
2023-10-11 15:45:02,933 [WARN] ConditionMgr:1039 - genDependencies : Invalid condition id : UX DEVICE CLASS RTOS Condition cause : null
2023-10-11 15:45:02,934 [WARN] ConditionMgr:1039 - genDependencies : Invalid condition id : UX DEVICE CLASS RTOS Condition cause : null
2023-10-11 15:45:02,934 [WARN] ConditionMgr:1039 - genDependencies : Invalid condition id : UX DEVICE CLASS RTOS Condition cause : null
2023-10-11 15:45:02,945 [WARN] PackLoader:240 - Cannot read IP mode file for STMicroelectronics.X-CUBE-NFC7.1.0.1
2023-10-11 15:45:02,958 [WARN] PackLoader:240 - Cannot read IP mode file for STMicroelectronics.X-CUBE-NFC6.3.0.0
2023-10-11 15:45:02,971 [WARN] PackLoader:240 - Cannot read IP mode file for STMicroelectronics.X-CUBE-EEPRMA1.4.1.0
2023-10-11 15:45:02,979 [WARN] PackLoader:240 - Cannot read IP mode file for STMicroelectronics.X-CUBE-AI.8.1.0
2023-10-11 15:45:03,010 [WARN] ConditionMgr:438 - getConditionDescription Invalid condition id : LAN8742 Phy interface Condition cause : null
2023-10-11 15:45:03,011 [WARN] PackLoader:240 - Cannot read IP mode file for STMicroelectronics.X-CUBE-AZRTOS-L4.2.0.0
2023-10-11 15:45:03,015 [WARN] ConditionMgr:1039 - genDependencies : Invalid condition id : LAN8742 Phy interface Condition cause : null
2023-10-11 15:45:03,016 [WARN] ConditionMgr:1039 - genDependencies : Invalid condition id : LAN8742 Phy interface Condition cause : null
2023-10-11 15:45:03,018 [WARN] ConditionMgr:1039 - genDependencies : Invalid condition id : LAN8742 Phy interface Condition cause : null
2023-10-11 15:45:03,031 [WARN] PackLoader:240 - Cannot read IP mode file for STMicroelectronics.X-CUBE-SFXS2LP1.4.0.0
2023-10-11 15:45:03,040 [WARN] PackLoader:240 - Cannot read IP mode file for STMicroelectronics.X-CUBE-ISPU.1.1.0
2023-10-11 15:45:03,062 [WARN] ConditionMgr:438 - getConditionDescription Invalid condition id : UX DEVICE CLASS RTOS Condition cause : null
2023-10-11 15:45:03,062 [WARN] ConditionMgr:438 - getConditionDescription Invalid condition id : UX DEVICE CLASS RTOS Condition cause : null
2023-10-11 15:45:03,066 [WARN] PackLoader:240 - Cannot read IP mode file for STMicroelectronics.X-CUBE-AZRTOS-WB.2.0.0
2023-10-11 15:45:03,067 [WARN] ConditionMgr:1039 - genDependencies : Invalid condition id : UX DEVICE CLASS RTOS Condition cause : null
2023-10-11 15:45:03,067 [WARN] ConditionMgr:1039 - genDependencies : Invalid condition id : UX DEVICE CLASS RTOS Condition cause : null
2023-10-11 15:45:03,069 [WARN] ConditionMgr:1039 - genDependencies : Invalid condition id : UX DEVICE CLASS RTOS Condition cause : null
2023-10-11 15:45:03,070 [WARN] ConditionMgr:1039 - genDependencies : Invalid condition id : UX DEVICE CLASS RTOS Condition cause : null
2023-10-11 15:45:03,070 [WARN] ConditionMgr:1039 - genDependencies : Invalid condition id : UX DEVICE CLASS RTOS Condition cause : null
2023-10-11 15:45:03,097 [WARN] PackLoader:240 - Cannot read IP mode file for STMicroelectronics.X-CUBE-SUBG2.5.0.0
2023-10-11 15:45:03,139 [WARN] PackLoader:240 - Cannot read IP mode file for STMicroelectronics.X-CUBE-TOF1.3.3.1
2023-10-11 15:45:03,204 [WARN] PackLoader:240 - Cannot read IP mode file for STMicroelectronics.X-CUBE-AZRTOS-G4.2.0.0
2023-10-11 15:45:03,229 [WARN] PackLoader:240 - Cannot read IP mode file for Infineon.AIROC-Wi-Fi-Bluetooth-STM32.1.5.1
2023-10-11 15:45:03,260 [WARN] PackLoader:240 - Cannot read IP mode file for STMicroelectronics.X-CUBE-FREERTOS.1.1.0
2023-10-11 15:45:03,269 [WARN] PackLoader:240 - Cannot read IP mode file for portGmbH.I-Cube-SoM-uGOAL.1.1.0
2023-10-11 15:45:03,284 [WARN] PackLoader:240 - Cannot read IP mode file for STMicroelectronics.X-CUBE-ALS.1.0.1
2023-10-11 15:45:03,293 [WARN] PackLoader:240 - Cannot read IP mode file for STMicroelectronics.FP-ATR-ASTRA1.2.0.0
2023-10-11 15:45:03,295 [INFO] ThirdParty:978 - Integrity check success = true
2023-10-11 15:45:03,295 [INFO] IntegrityCheckThread:100 - exiting critical section [integrity check]
2023-10-11 15:45:03,295 [INFO] IntegrityCheckThread:103 - End integrity checks thread
2023-10-11 15:45:21,752 [ERROR] LogOutputStream:75 - [STDERR_REDIRECT] SLF4J: Failed to load class "org.slf4j.impl.StaticLoggerBinder".
2023-10-11 15:45:21,752 [ERROR] LogOutputStream:75 - [STDERR_REDIRECT] SLF4J: Defaulting to no-operation (NOP) logger implementation
2023-10-11 15:45:21,753 [ERROR] LogOutputStream:75 - [STDERR_REDIRECT] SLF4J: See http://www.slf4j.org/codes.html#StaticLoggerBinder for further details.
2023-10-11 15:45:37,753 [INFO] LogOutputStream:77 - [STDOUT_REDIRECT] Unexpected error loading extension: org.eclipse.equinox.p2.metadata.repository.compositeRepository
2023-10-11 15:45:37,754 [ERROR] LogOutputStream:75 - [STDERR_REDIRECT] java.lang.IllegalStateException: Attempt to access stopped agent: org.eclipse.equinox.internal.p2.core.ProvisioningAgent@70342f4b
2023-10-11 15:45:37,754 [ERROR] LogOutputStream:75 - [STDERR_REDIRECT] 	at org.eclipse.equinox.internal.p2.core.ProvisioningAgent.checkRunning(ProvisioningAgent.java:86)
2023-10-11 15:45:37,754 [ERROR] LogOutputStream:75 - [STDERR_REDIRECT] 	at org.eclipse.equinox.internal.p2.core.ProvisioningAgent.getService(ProvisioningAgent.java:50)
2023-10-11 15:45:37,755 [ERROR] LogOutputStream:75 - [STDERR_REDIRECT] 	at org.eclipse.equinox.p2.core.IProvisioningAgent.getService(IProvisioningAgent.java:86)
2023-10-11 15:45:37,755 [ERROR] LogOutputStream:75 - [STDERR_REDIRECT] 	at org.eclipse.equinox.internal.p2.repository.helpers.AbstractRepositoryManager.getTransport(AbstractRepositoryManager.java:1201)
2023-10-11 15:45:37,755 [ERROR] LogOutputStream:75 - [STDERR_REDIRECT] 	at org.eclipse.equinox.internal.p2.repository.helpers.AbstractRepositoryManager.handleRemoteIndexFile(AbstractRepositoryManager.java:738)
2023-10-11 15:45:37,755 [ERROR] LogOutputStream:75 - [STDERR_REDIRECT] 	at org.eclipse.equinox.internal.p2.repository.helpers.AbstractRepositoryManager.loadIndexFile(AbstractRepositoryManager.java:732)
2023-10-11 15:45:37,755 [ERROR] LogOutputStream:75 - [STDERR_REDIRECT] 	at org.eclipse.equinox.internal.p2.repository.helpers.AbstractRepositoryManager.loadRepository(AbstractRepositoryManager.java:674)
2023-10-11 15:45:37,755 [ERROR] LogOutputStream:75 - [STDERR_REDIRECT] 	at org.eclipse.equinox.internal.p2.metadata.repository.MetadataRepositoryManager.loadRepository(MetadataRepositoryManager.java:110)
2023-10-11 15:45:37,756 [ERROR] LogOutputStream:75 - [STDERR_REDIRECT] 	at org.eclipse.equinox.internal.p2.metadata.repository.MetadataRepositoryManager.loadRepository(MetadataRepositoryManager.java:105)
2023-10-11 15:45:37,756 [ERROR] LogOutputStream:75 - [STDERR_REDIRECT] 	at org.eclipse.equinox.internal.p2.metadata.repository.CompositeMetadataRepository.addChild(CompositeMetadataRepository.java:171)
2023-10-11 15:45:37,756 [ERROR] LogOutputStream:75 - [STDERR_REDIRECT] 	at org.eclipse.equinox.internal.p2.metadata.repository.CompositeMetadataRepository.<init>(CompositeMetadataRepository.java:113)
2023-10-11 15:45:37,756 [ERROR] LogOutputStream:75 - [STDERR_REDIRECT] 	at org.eclipse.equinox.internal.p2.metadata.repository.CompositeMetadataRepositoryFactory.load(CompositeMetadataRepositoryFactory.java:124)
2023-10-11 15:45:37,756 [ERROR] LogOutputStream:75 - [STDERR_REDIRECT] 	at org.eclipse.equinox.internal.p2.metadata.repository.MetadataRepositoryManager.factoryLoad(MetadataRepositoryManager.java:63)
2023-10-11 15:45:37,756 [ERROR] LogOutputStream:75 - [STDERR_REDIRECT] 	at org.eclipse.equinox.internal.p2.repository.helpers.AbstractRepositoryManager.loadRepository(AbstractRepositoryManager.java:787)
2023-10-11 15:45:37,757 [ERROR] LogOutputStream:75 - [STDERR_REDIRECT] 	at org.eclipse.equinox.internal.p2.repository.helpers.AbstractRepositoryManager.loadRepository(AbstractRepositoryManager.java:685)
2023-10-11 15:45:37,757 [ERROR] LogOutputStream:75 - [STDERR_REDIRECT] 	at org.eclipse.equinox.internal.p2.metadata.repository.MetadataRepositoryManager.loadRepository(MetadataRepositoryManager.java:110)
2023-10-11 15:45:37,757 [ERROR] LogOutputStream:75 - [STDERR_REDIRECT] 	at org.eclipse.equinox.internal.p2.metadata.repository.MetadataRepositoryManager.loadRepository(MetadataRepositoryManager.java:105)
2023-10-11 15:45:37,757 [ERROR] LogOutputStream:75 - [STDERR_REDIRECT] 	at org.eclipse.equinox.internal.p2.metadata.repository.CompositeMetadataRepository.addChild(CompositeMetadataRepository.java:171)
2023-10-11 15:45:37,757 [ERROR] LogOutputStream:75 - [STDERR_REDIRECT] 	at org.eclipse.equinox.internal.p2.metadata.repository.CompositeMetadataRepository.<init>(CompositeMetadataRepository.java:113)
2023-10-11 15:45:37,757 [ERROR] LogOutputStream:75 - [STDERR_REDIRECT] 	at org.eclipse.equinox.internal.p2.metadata.repository.CompositeMetadataRepositoryFactory.load(CompositeMetadataRepositoryFactory.java:124)
2023-10-11 15:45:37,758 [ERROR] LogOutputStream:75 - [STDERR_REDIRECT] 	at org.eclipse.equinox.internal.p2.metadata.repository.MetadataRepositoryManager.factoryLoad(MetadataRepositoryManager.java:63)
2023-10-11 15:45:37,758 [ERROR] LogOutputStream:75 - [STDERR_REDIRECT] 	at org.eclipse.equinox.internal.p2.repository.helpers.AbstractRepositoryManager.loadRepository(AbstractRepositoryManager.java:787)
2023-10-11 15:45:37,758 [ERROR] LogOutputStream:75 - [STDERR_REDIRECT] 	at org.eclipse.equinox.internal.p2.repository.helpers.AbstractRepositoryManager.loadRepository(AbstractRepositoryManager.java:685)
2023-10-11 15:45:37,758 [ERROR] LogOutputStream:75 - [STDERR_REDIRECT] 	at org.eclipse.equinox.internal.p2.metadata.repository.MetadataRepositoryManager.loadRepository(MetadataRepositoryManager.java:110)
2023-10-11 15:45:37,758 [ERROR] LogOutputStream:75 - [STDERR_REDIRECT] 	at org.eclipse.equinox.internal.p2.metadata.repository.MetadataRepositoryManager.loadRepository(MetadataRepositoryManager.java:105)
2023-10-11 15:45:37,758 [ERROR] LogOutputStream:75 - [STDERR_REDIRECT] 	at org.eclipse.equinox.internal.p2.updatechecker.UpdateChecker.getAvailableRepositories(UpdateChecker.java:152)
2023-10-11 15:45:37,759 [ERROR] LogOutputStream:75 - [STDERR_REDIRECT] 	at org.eclipse.equinox.internal.p2.updatechecker.UpdateChecker.checkForUpdates(UpdateChecker.java:130)
2023-10-11 15:45:37,759 [ERROR] LogOutputStream:75 - [STDERR_REDIRECT] 	at org.eclipse.equinox.internal.p2.updatechecker.UpdateChecker$UpdateCheckThread.run(UpdateChecker.java:78)
2023-10-11 15:45:37,759 [INFO] LogOutputStream:77 - [STDOUT_REDIRECT] Unexpected error loading extension: org.eclipse.equinox.p2.metadata.repository.compositeRepository
2023-10-11 15:45:37,759 [ERROR] LogOutputStream:75 - [STDERR_REDIRECT] java.lang.IllegalStateException: bundle org.eclipse.equinox.p2.repositoryis not started
2023-10-11 15:45:37,760 [ERROR] LogOutputStream:75 - [STDERR_REDIRECT] 	at org.eclipse.equinox.internal.p2.repository.Activator.getContext(Activator.java:65)
2023-10-11 15:45:37,760 [ERROR] LogOutputStream:75 - [STDERR_REDIRECT] 	at org.eclipse.equinox.internal.p2.repository.helpers.AbstractRepositoryManager.getPreferences(AbstractRepositoryManager.java:506)
2023-10-11 15:45:37,760 [ERROR] LogOutputStream:75 - [STDERR_REDIRECT] 	at org.eclipse.equinox.internal.p2.repository.helpers.AbstractRepositoryManager.removeRepository(AbstractRepositoryManager.java:957)
2023-10-11 15:45:37,760 [ERROR] LogOutputStream:75 - [STDERR_REDIRECT] 	at org.eclipse.equinox.internal.p2.repository.helpers.AbstractRepositoryManager.removeRepository(AbstractRepositoryManager.java:938)
2023-10-11 15:45:37,760 [ERROR] LogOutputStream:75 - [STDERR_REDIRECT] 	at org.eclipse.equinox.internal.p2.repository.helpers.AbstractRepositoryManager.loadRepository(AbstractRepositoryManager.java:704)
2023-10-11 15:45:37,760 [ERROR] LogOutputStream:75 - [STDERR_REDIRECT] 	at org.eclipse.equinox.internal.p2.metadata.repository.MetadataRepositoryManager.loadRepository(MetadataRepositoryManager.java:110)
2023-10-11 15:45:37,761 [ERROR] LogOutputStream:75 - [STDERR_REDIRECT] 	at org.eclipse.equinox.internal.p2.metadata.repository.MetadataRepositoryManager.loadRepository(MetadataRepositoryManager.java:105)
2023-10-11 15:45:37,761 [ERROR] LogOutputStream:75 - [STDERR_REDIRECT] 	at org.eclipse.equinox.internal.p2.metadata.repository.CompositeMetadataRepository.addChild(CompositeMetadataRepository.java:171)
2023-10-11 15:45:37,761 [ERROR] LogOutputStream:75 - [STDERR_REDIRECT] 	at org.eclipse.equinox.internal.p2.metadata.repository.CompositeMetadataRepository.<init>(CompositeMetadataRepository.java:113)
2023-10-11 15:45:37,761 [ERROR] LogOutputStream:75 - [STDERR_REDIRECT] 	at org.eclipse.equinox.internal.p2.metadata.repository.CompositeMetadataRepositoryFactory.load(CompositeMetadataRepositoryFactory.java:124)
2023-10-11 15:45:37,761 [ERROR] LogOutputStream:75 - [STDERR_REDIRECT] 	at org.eclipse.equinox.internal.p2.metadata.repository.MetadataRepositoryManager.factoryLoad(MetadataRepositoryManager.java:63)
2023-10-11 15:45:37,761 [ERROR] LogOutputStream:75 - [STDERR_REDIRECT] 	at org.eclipse.equinox.internal.p2.repository.helpers.AbstractRepositoryManager.loadRepository(AbstractRepositoryManager.java:787)
2023-10-11 15:45:37,762 [ERROR] LogOutputStream:75 - [STDERR_REDIRECT] 	at org.eclipse.equinox.internal.p2.repository.helpers.AbstractRepositoryManager.loadRepository(AbstractRepositoryManager.java:685)
2023-10-11 15:45:37,762 [ERROR] LogOutputStream:75 - [STDERR_REDIRECT] 	at org.eclipse.equinox.internal.p2.metadata.repository.MetadataRepositoryManager.loadRepository(MetadataRepositoryManager.java:110)
2023-10-11 15:45:37,762 [ERROR] LogOutputStream:75 - [STDERR_REDIRECT] 	at org.eclipse.equinox.internal.p2.metadata.repository.MetadataRepositoryManager.loadRepository(MetadataRepositoryManager.java:105)
2023-10-11 15:45:37,762 [ERROR] LogOutputStream:75 - [STDERR_REDIRECT] 	at org.eclipse.equinox.internal.p2.updatechecker.UpdateChecker.getAvailableRepositories(UpdateChecker.java:152)
2023-10-11 15:45:37,762 [ERROR] LogOutputStream:75 - [STDERR_REDIRECT] 	at org.eclipse.equinox.internal.p2.updatechecker.UpdateChecker.checkForUpdates(UpdateChecker.java:130)
2023-10-11 15:45:37,762 [ERROR] LogOutputStream:75 - [STDERR_REDIRECT] 	at org.eclipse.equinox.internal.p2.updatechecker.UpdateChecker$UpdateCheckThread.run(UpdateChecker.java:78)
2023-10-11 15:45:37,763 [INFO] LogOutputStream:77 - [STDOUT_REDIRECT] No repository found at https://sw-center.st.com/stm32cubeide/updatesite1.
2023-10-11 15:45:37,763 [INFO] LogOutputStream:77 - [STDOUT_REDIRECT] Exception in update check thread
2023-10-11 15:45:37,764 [ERROR] LogOutputStream:75 - [STDERR_REDIRECT] java.lang.IllegalStateException: Attempt to access stopped agent: org.eclipse.equinox.internal.p2.core.ProvisioningAgent@70342f4b
2023-10-11 15:45:37,764 [ERROR] LogOutputStream:75 - [STDERR_REDIRECT] 	at org.eclipse.equinox.internal.p2.core.ProvisioningAgent.checkRunning(ProvisioningAgent.java:86)
2023-10-11 15:45:37,764 [ERROR] LogOutputStream:75 - [STDERR_REDIRECT] 	at org.eclipse.equinox.internal.p2.core.ProvisioningAgent.getService(ProvisioningAgent.java:50)
2023-10-11 15:45:37,764 [ERROR] LogOutputStream:75 - [STDERR_REDIRECT] 	at org.eclipse.equinox.p2.core.IProvisioningAgent.getService(IProvisioningAgent.java:86)
2023-10-11 15:45:37,765 [ERROR] LogOutputStream:75 - [STDERR_REDIRECT] 	at org.eclipse.equinox.internal.p2.repository.helpers.AbstractRepositoryManager.getTransport(AbstractRepositoryManager.java:1201)
2023-10-11 15:45:37,765 [ERROR] LogOutputStream:75 - [STDERR_REDIRECT] 	at org.eclipse.equinox.internal.p2.repository.helpers.AbstractRepositoryManager.handleRemoteIndexFile(AbstractRepositoryManager.java:738)
2023-10-11 15:45:37,765 [ERROR] LogOutputStream:75 - [STDERR_REDIRECT] 	at org.eclipse.equinox.internal.p2.repository.helpers.AbstractRepositoryManager.loadIndexFile(AbstractRepositoryManager.java:732)
2023-10-11 15:45:37,766 [ERROR] LogOutputStream:75 - [STDERR_REDIRECT] 	at org.eclipse.equinox.internal.p2.repository.helpers.AbstractRepositoryManager.loadRepository(AbstractRepositoryManager.java:674)
2023-10-11 15:45:37,766 [ERROR] LogOutputStream:75 - [STDERR_REDIRECT] 	at org.eclipse.equinox.internal.p2.metadata.repository.MetadataRepositoryManager.loadRepository(MetadataRepositoryManager.java:110)
2023-10-11 15:45:37,766 [ERROR] LogOutputStream:75 - [STDERR_REDIRECT] 	at org.eclipse.equinox.internal.p2.metadata.repository.MetadataRepositoryManager.loadRepository(MetadataRepositoryManager.java:105)
2023-10-11 15:45:37,766 [ERROR] LogOutputStream:75 - [STDERR_REDIRECT] 	at org.eclipse.equinox.internal.p2.updatechecker.UpdateChecker.getAvailableRepositories(UpdateChecker.java:152)
2023-10-11 15:45:37,766 [ERROR] LogOutputStream:75 - [STDERR_REDIRECT] 	at org.eclipse.equinox.internal.p2.updatechecker.UpdateChecker.checkForUpdates(UpdateChecker.java:130)
2023-10-11 15:45:37,767 [ERROR] LogOutputStream:75 - [STDERR_REDIRECT] 	at org.eclipse.equinox.internal.p2.updatechecker.UpdateChecker$UpdateCheckThread.run(UpdateChecker.java:78)
