2023-10-06 15:38:35,963 [INFO] Activator:176 - 


2023-10-06 15:38:35,982 [INFO] Activator:177 - !SESSION log4j initialized
2023-10-06 15:38:46,325 [INFO] LogOutputStream:77 - [STDOUT_REDIRECT] 
2023-10-06 15:38:48,689 [INFO] ApplicationProperties:184 - Using Application install path: /opt/st/stm32cubeide_1.13.1/plugins/com.st.stm32cube.common.mx_6.9.1.202307191849
2023-10-06 15:38:48,740 [INFO] DbMcusXml:78 - Set database path to: /opt/st/stm32cubeide_1.13.1/plugins/com.st.stm32cube.common.mx_6.9.1.202307191849//db//mcu/
2023-10-06 15:38:48,741 [INFO] ApiDb:274 - Set plugin database path to: /opt/st/stm32cubeide_1.13.1/plugins/com.st.stm32cube.common.mx_6.9.1.202307191849//db//plugins/boardmanager/
2023-10-06 15:38:48,742 [WARN] ApiDb:259 - Overriding images path with different value:  => /opt/st/stm32cubeide_1.13.1/plugins/com.st.stm32cube.common.mx_6.9.1.202307191849//db//plugins/mcufinder/images/
2023-10-06 15:38:48,786 [INFO] ApiDb:250 - Set database path to: /home/sumit/.stmcufinder/plugins/mcufinder//mcu/
2023-10-06 15:38:48,789 [INFO] DbMcusAds:125 - Set database path to: /home/sumit/.stmcufinder/plugins/mcufinder//mcu/
2023-10-06 15:38:48,793 [INFO] CrossReferenceDbSqlite:203 - Set database path to: /home/sumit/.stmcufinder/plugins/mcufinder//mcu/cs/
2023-10-06 15:38:49,041 [INFO] RulesReader:64 - Compatibility file has been processed (293 Rules)
2023-10-06 15:38:49,266 [INFO] DbMcusXml:78 - Set database path to: /opt/st/stm32cubeide_1.13.1/plugins/com.st.stm32cube.common.mx_6.9.1.202307191849//db//mcu/
2023-10-06 15:38:49,266 [INFO] ApiDb:274 - Set plugin database path to: /opt/st/stm32cubeide_1.13.1/plugins/com.st.stm32cube.common.mx_6.9.1.202307191849//db//plugins/boardmanager/
2023-10-06 15:38:49,267 [INFO] ApiDb:261 - Set plugin images path to: /opt/st/stm32cubeide_1.13.1/plugins/com.st.stm32cube.common.mx_6.9.1.202307191849//db//plugins/mcufinder/images/
2023-10-06 15:38:49,267 [WARN] DbFile:41 - Overriding database path with different value: /home/sumit/.stmcufinder/plugins/mcufinder/ => /home/sumit/.stmcufinder/plugins/mcufinder
2023-10-06 15:38:49,267 [INFO] ApiDb:250 - Set database path to: /home/sumit/.stmcufinder/plugins/mcufinder//mcu/
2023-10-06 15:38:49,268 [WARN] DbFile:41 - Overriding database path with different value: /home/sumit/.stmcufinder/plugins/mcufinder/ => /home/sumit/.stmcufinder/plugins/mcufinder
2023-10-06 15:38:49,268 [INFO] DbMcusAds:125 - Set database path to: /home/sumit/.stmcufinder/plugins/mcufinder//mcu/
2023-10-06 15:38:49,268 [WARN] DbFile:41 - Overriding database path with different value: /home/sumit/.stmcufinder/plugins/mcufinder/ => /home/sumit/.stmcufinder/plugins/mcufinder
2023-10-06 15:38:49,268 [WARN] DbFile:41 - Overriding database path with different value: /home/sumit/.stmcufinder/plugins/mcufinder/ => /home/sumit/.stmcufinder/plugins/mcufinder
2023-10-06 15:38:49,269 [INFO] CrossReferenceDbSqlite:203 - Set database path to: /home/sumit/.stmcufinder/plugins/mcufinder//mcu/cs/
2023-10-06 15:38:49,446 [INFO] MainPanel:262 - HeapMemory: 268435456
2023-10-06 15:38:49,729 [INFO] DbMcusXml:78 - Set database path to: /opt/st/stm32cubeide_1.13.1/plugins/com.st.stm32cube.common.mx_6.9.1.202307191849//db//mcu/
2023-10-06 15:38:49,729 [INFO] ApiDb:274 - Set plugin database path to: /opt/st/stm32cubeide_1.13.1/plugins/com.st.stm32cube.common.mx_6.9.1.202307191849//db//plugins/boardmanager/
2023-10-06 15:38:49,729 [INFO] ApiDb:261 - Set plugin images path to: /opt/st/stm32cubeide_1.13.1/plugins/com.st.stm32cube.common.mx_6.9.1.202307191849//db//plugins/mcufinder/images/
2023-10-06 15:38:49,748 [WARN] DbFile:41 - Overriding database path with different value: /home/sumit/.stmcufinder/plugins/mcufinder/ => /home/sumit/.stmcufinder/plugins/mcufinder
2023-10-06 15:38:49,748 [INFO] ApiDb:250 - Set database path to: /home/sumit/.stmcufinder/plugins/mcufinder//mcu/
2023-10-06 15:38:49,749 [WARN] DbFile:41 - Overriding database path with different value: /home/sumit/.stmcufinder/plugins/mcufinder/ => /home/sumit/.stmcufinder/plugins/mcufinder
2023-10-06 15:38:49,749 [INFO] DbMcusAds:125 - Set database path to: /home/sumit/.stmcufinder/plugins/mcufinder//mcu/
2023-10-06 15:38:49,749 [WARN] DbFile:41 - Overriding database path with different value: /home/sumit/.stmcufinder/plugins/mcufinder/ => /home/sumit/.stmcufinder/plugins/mcufinder
2023-10-06 15:38:49,749 [WARN] DbFile:41 - Overriding database path with different value: /home/sumit/.stmcufinder/plugins/mcufinder/ => /home/sumit/.stmcufinder/plugins/mcufinder
2023-10-06 15:38:49,749 [INFO] CrossReferenceDbSqlite:203 - Set database path to: /home/sumit/.stmcufinder/plugins/mcufinder//mcu/cs/
2023-10-06 15:38:49,769 [INFO] ApplicationProperties:184 - Using Application install path: /opt/st/stm32cubeide_1.13.1/plugins/com.st.stm32cube.common.mx_6.9.1.202307191849
2023-10-06 15:38:49,771 [INFO] PluginManage:196 - Search for loadable plugins [exclusion list=, ]
2023-10-06 15:38:49,787 [INFO] PluginManage:310 - Check plugin analytics
2023-10-06 15:38:50,089 [INFO] AnalyticsPlugin:253 - Accepted Software Licenses: 
2023-10-06 15:38:50,089 [INFO] AnalyticsPlugin:255 - Accepted CMSIS Pack Licenses: 
2023-10-06 15:38:50,089 [INFO] AnalyticsPlugin:257 - Accepted Firmware Licenses: 
2023-10-06 15:38:50,092 [INFO] PluginManage:359 - Loaded plugin analytics (category:tool,tabindex:-1)
2023-10-06 15:38:50,093 [INFO] PluginManage:310 - Check plugin cadmodel
2023-10-06 15:38:50,300 [INFO] CADModel:105 - Init CAD model plugin
2023-10-06 15:38:50,300 [INFO] PluginManage:359 - Loaded plugin cadmodel (category:power,tabindex:5)
2023-10-06 15:38:50,300 [INFO] PluginManage:310 - Check plugin clock
2023-10-06 15:38:50,346 [INFO] PluginManage:359 - Loaded plugin clock (category:base,tabindex:2)
2023-10-06 15:38:50,347 [INFO] PluginManage:310 - Check plugin ddr
2023-10-06 15:38:50,364 [INFO] PluginManage:359 - Loaded plugin ddr (category:tool,tabindex:6)
2023-10-06 15:38:50,364 [INFO] PluginManage:310 - Check plugin filemanager
2023-10-06 15:38:50,597 [INFO] PluginManage:359 - Loaded plugin filemanager (category:base,tabindex:10)
2023-10-06 15:38:50,597 [INFO] PluginManage:310 - Check plugin ipmanager
2023-10-06 15:38:50,603 [INFO] PluginManage:359 - Loaded plugin ipmanager (category:base,tabindex:5)
2023-10-06 15:38:50,604 [INFO] PluginManage:310 - Check plugin lpbam
2023-10-06 15:38:50,614 [INFO] PluginManage:359 - Loaded plugin lpbam (category:base,tabindex:0)
2023-10-06 15:38:50,614 [INFO] PluginManage:310 - Check plugin memorymap
2023-10-06 15:38:50,655 [INFO] PluginManage:359 - Loaded plugin memorymap (category:base,tabindex:4)
2023-10-06 15:38:50,656 [INFO] PluginManage:310 - Check plugin pinoutandconfiguration
2023-10-06 15:38:50,666 [INFO] PluginManage:359 - Loaded plugin pinoutandconfiguration (category:base,tabindex:1)
2023-10-06 15:38:50,667 [INFO] PluginManage:310 - Check plugin pinoutconfig
2023-10-06 15:38:50,798 [WARN] SupportedApi:132 - Cannot load RTOS API schema: s4s-elt-must-match.1: The content of 'definitions' must match (annotation?, (simpleType | complexType)?, (unique | key | keyref)*)). A problem was found starting at: attribute.
2023-10-06 15:38:50,993 [INFO] PluginManage:359 - Loaded plugin pinoutconfig (category:base,tabindex:0)
2023-10-06 15:38:50,994 [INFO] PluginManage:310 - Check plugin power
2023-10-06 15:38:51,124 [INFO] PluginManage:359 - Loaded plugin power (category:power,tabindex:4)
2023-10-06 15:38:51,124 [INFO] PluginManage:310 - Check plugin projectmanager
2023-10-06 15:38:51,152 [INFO] PluginManage:359 - Loaded plugin projectmanager (category:projectmanager,tabindex:3)
2023-10-06 15:38:51,152 [INFO] PluginManage:310 - Check plugin thirdparty
2023-10-06 15:38:51,501 [INFO] PluginManage:359 - Loaded plugin thirdparty (category:base,tabindex:-1)
2023-10-06 15:38:51,501 [INFO] PluginManage:310 - Check plugin tools
2023-10-06 15:38:51,501 [WARN] IntegrityCheckThread:84 - waiting for thirdparty lock release [integrity check]
2023-10-06 15:38:51,502 [INFO] IntegrityCheckThread:86 - entering critical section [integrity check]
2023-10-06 15:38:51,502 [INFO] ThirdPartyUpdaterWithRetryManager:70 - Updater plugin not ready yet. [1/15]
2023-10-06 15:38:51,521 [INFO] PluginManage:359 - Loaded plugin tools (category:base,tabindex:7)
2023-10-06 15:38:51,521 [INFO] PluginManage:310 - Check plugin tutovideos
2023-10-06 15:38:51,802 [INFO] PluginManage:359 - Loaded plugin tutovideos (category:base,tabindex:-1)
2023-10-06 15:38:51,802 [INFO] PluginManage:310 - Check plugin updater
2023-10-06 15:38:51,874 [INFO] PluginManage:359 - Loaded plugin updater (category:base,tabindex:12)
2023-10-06 15:38:51,874 [INFO] PluginManage:310 - Check plugin userauth
2023-10-06 15:38:51,881 [INFO] UserAuth:113 - Init User Auth plugin
2023-10-06 15:38:51,881 [INFO] PluginManage:359 - Loaded plugin userauth (category:base,tabindex:14)
2023-10-06 15:38:51,882 [INFO] PluginManage:283 - PluginManage : Loaded plugins [17]
2023-10-06 15:38:52,373 [INFO] PinOutPanel:1499 - setPackage(No Configuration,No Configuration)
2023-10-06 15:38:52,802 [INFO] CADModel:165 - CPN selected for project level
2023-10-06 15:38:52,803 [INFO] CADModel:114 - Register for checkConnection events
2023-10-06 15:38:53,087 [INFO] IPUIPlugin:80 - create IPUIPlugin
2023-10-06 15:38:53,101 [INFO] PluginManager:220 - loadIPPluginJar : add nvic
2023-10-06 15:38:53,143 [INFO] IPUIPlugin:80 - create IPUIPlugin
2023-10-06 15:38:53,143 [INFO] PluginManager:220 - loadIPPluginJar : add stm32_wpan
2023-10-06 15:38:53,156 [INFO] IPUIPlugin:80 - create IPUIPlugin
2023-10-06 15:38:53,156 [INFO] PluginManager:220 - loadIPPluginJar : add i2c
2023-10-06 15:38:53,161 [INFO] IPUIPlugin:80 - create IPUIPlugin
2023-10-06 15:38:53,161 [INFO] PluginManager:220 - loadIPPluginJar : add hash
2023-10-06 15:38:53,164 [INFO] IPUIPlugin:80 - create IPUIPlugin
2023-10-06 15:38:53,165 [INFO] PluginManager:220 - loadIPPluginJar : add tsc
2023-10-06 15:38:53,169 [INFO] IPUIPlugin:80 - create IPUIPlugin
2023-10-06 15:38:53,170 [INFO] PluginManager:220 - loadIPPluginJar : add can
2023-10-06 15:38:53,174 [INFO] IPUIPlugin:80 - create IPUIPlugin
2023-10-06 15:38:53,174 [INFO] PluginManager:220 - loadIPPluginJar : add pdm2pcm
2023-10-06 15:38:53,198 [INFO] IPUIPlugin:80 - create IPUIPlugin
2023-10-06 15:38:53,198 [INFO] PluginManager:220 - loadIPPluginJar : add dma
2023-10-06 15:38:53,203 [INFO] IPUIPlugin:80 - create IPUIPlugin
2023-10-06 15:38:53,204 [INFO] PluginManager:220 - loadIPPluginJar : add sai
2023-10-06 15:38:53,207 [INFO] IPUIPlugin:80 - create IPUIPlugin
2023-10-06 15:38:53,208 [INFO] PluginManager:220 - loadIPPluginJar : add spi
2023-10-06 15:38:53,212 [INFO] IPUIPlugin:80 - create IPUIPlugin
2023-10-06 15:38:53,212 [INFO] PluginManager:220 - loadIPPluginJar : add usart
2023-10-06 15:38:53,220 [INFO] IPUIPlugin:80 - create IPUIPlugin
2023-10-06 15:38:53,220 [INFO] PluginManager:220 - loadIPPluginJar : add fmc
2023-10-06 15:38:53,226 [INFO] IPUIPlugin:80 - create IPUIPlugin
2023-10-06 15:38:53,226 [INFO] PluginManager:220 - loadIPPluginJar : add resmgrutility
2023-10-06 15:38:53,227 [INFO] IPUIPlugin:80 - create IPUIPlugin
2023-10-06 15:38:53,228 [INFO] PluginManager:220 - loadIPPluginJar : add quadspi
2023-10-06 15:38:53,230 [INFO] IPUIPlugin:80 - create IPUIPlugin
2023-10-06 15:38:53,230 [INFO] PluginManager:220 - loadIPPluginJar : add comp
2023-10-06 15:38:53,233 [INFO] IPUIPlugin:80 - create IPUIPlugin
2023-10-06 15:38:53,233 [INFO] PluginManager:220 - loadIPPluginJar : add gfxmmu
2023-10-06 15:38:53,236 [INFO] IPUIPlugin:80 - create IPUIPlugin
2023-10-06 15:38:53,236 [INFO] PluginManager:220 - loadIPPluginJar : add dma3
2023-10-06 15:38:53,263 [INFO] IPUIPlugin:80 - create IPUIPlugin
2023-10-06 15:38:53,264 [INFO] PluginManager:220 - loadIPPluginJar : add freertos
2023-10-06 15:38:53,266 [INFO] IPUIPlugin:80 - create IPUIPlugin
2023-10-06 15:38:53,266 [INFO] PluginManager:220 - loadIPPluginJar : add ltdc
2023-10-06 15:38:53,269 [INFO] IPUIPlugin:80 - create IPUIPlugin
2023-10-06 15:38:53,270 [INFO] PluginManager:220 - loadIPPluginJar : add dfsdm
2023-10-06 15:38:53,271 [INFO] IPUIPlugin:80 - create IPUIPlugin
2023-10-06 15:38:53,272 [INFO] PluginManager:220 - loadIPPluginJar : add genericplugin
2023-10-06 15:38:53,275 [INFO] IPUIPlugin:80 - create IPUIPlugin
2023-10-06 15:38:53,275 [INFO] PluginManager:220 - loadIPPluginJar : add openamp
2023-10-06 15:38:53,279 [INFO] IPUIPlugin:80 - create IPUIPlugin
2023-10-06 15:38:53,279 [INFO] PluginManager:220 - loadIPPluginJar : add cryp
2023-10-06 15:38:53,284 [INFO] IPUIPlugin:80 - create IPUIPlugin
2023-10-06 15:38:53,284 [INFO] PluginManager:220 - loadIPPluginJar : add gtzc
2023-10-06 15:38:53,291 [INFO] IPUIPlugin:80 - create IPUIPlugin
2023-10-06 15:38:53,291 [INFO] PluginManager:220 - loadIPPluginJar : add adc
2023-10-06 15:38:53,295 [INFO] IPUIPlugin:80 - create IPUIPlugin
2023-10-06 15:38:53,295 [INFO] PluginManager:220 - loadIPPluginJar : add touchsensing
2023-10-06 15:38:53,299 [INFO] IPUIPlugin:80 - create IPUIPlugin
2023-10-06 15:38:53,299 [INFO] PluginManager:220 - loadIPPluginJar : add usbx
2023-10-06 15:38:53,303 [INFO] IPUIPlugin:80 - create IPUIPlugin
2023-10-06 15:38:53,303 [INFO] PluginManager:220 - loadIPPluginJar : add ipddr
2023-10-06 15:38:53,310 [INFO] IPUIPlugin:80 - create IPUIPlugin
2023-10-06 15:38:53,310 [INFO] PluginManager:220 - loadIPPluginJar : add gpio
2023-10-06 15:38:53,313 [INFO] IPUIPlugin:80 - create IPUIPlugin
2023-10-06 15:38:53,313 [INFO] PluginManager:220 - loadIPPluginJar : add lorawan
2023-10-06 15:38:53,319 [INFO] IPUIPlugin:80 - create IPUIPlugin
2023-10-06 15:38:53,319 [INFO] PluginManager:220 - loadIPPluginJar : add gic
2023-10-06 15:38:53,321 [INFO] IPUIPlugin:80 - create IPUIPlugin
2023-10-06 15:38:53,322 [INFO] PluginManager:220 - loadIPPluginJar : add tim
2023-10-06 15:38:53,325 [INFO] IPUIPlugin:80 - create IPUIPlugin
2023-10-06 15:38:53,325 [INFO] PluginManager:220 - loadIPPluginJar : add i3c
2023-10-06 15:38:53,366 [INFO] IPUIPlugin:80 - create IPUIPlugin
2023-10-06 15:38:53,371 [INFO] PluginManager:220 - loadIPPluginJar : add plateformsettings
2023-10-06 15:38:53,398 [INFO] IPUIPlugin:80 - create IPUIPlugin
2023-10-06 15:38:53,398 [INFO] PluginManager:220 - loadIPPluginJar : add linkedlist
2023-10-06 15:38:53,401 [INFO] IPUIPlugin:80 - create IPUIPlugin
2023-10-06 15:38:53,401 [INFO] PluginManager:220 - loadIPPluginJar : add tracer_emb
2023-10-06 15:38:53,404 [INFO] IPUIPlugin:80 - create IPUIPlugin
2023-10-06 15:38:53,404 [INFO] PluginManager:220 - loadIPPluginJar : add ts
2023-10-06 15:38:53,407 [INFO] IPUIPlugin:80 - create IPUIPlugin
2023-10-06 15:38:53,408 [INFO] PluginManager:220 - loadIPPluginJar : add ucpd
2023-10-06 15:38:53,411 [INFO] IPUIPlugin:80 - create IPUIPlugin
2023-10-06 15:38:53,411 [INFO] PluginManager:220 - loadIPPluginJar : add i2s
2023-10-06 15:38:53,429 [INFO] IPUIPlugin:80 - create IPUIPlugin
2023-10-06 15:38:53,429 [INFO] PluginManager:220 - loadIPPluginJar : add mdma
2023-10-06 15:38:53,433 [INFO] IPUIPlugin:80 - create IPUIPlugin
2023-10-06 15:38:53,433 [INFO] PluginManager:220 - loadIPPluginJar : add opamp
2023-10-06 15:38:53,435 [INFO] IPUIPlugin:80 - create IPUIPlugin
2023-10-06 15:38:53,435 [INFO] PluginManager:220 - loadIPPluginJar : add fatfs
2023-10-06 15:38:53,438 [INFO] IPUIPlugin:80 - create IPUIPlugin
2023-10-06 15:38:53,439 [INFO] PluginManager:220 - loadIPPluginJar : add aes
2023-10-06 15:38:53,581 [INFO] CADModel:165 - CPN selected for project level
2023-10-06 15:38:53,581 [INFO] CADModel:114 - Register for checkConnection events
2023-10-06 15:38:53,581 [FATAL] Updater:308 - Updater called before beeing initialized
2023-10-06 15:38:53,582 [ERROR] CADModel:125 - Updater not yet initialized, retry later 
2023-10-06 15:38:53,968 [INFO] CADModel:165 - CPN selected for project level
2023-10-06 15:38:53,968 [INFO] CADModel:114 - Register for checkConnection events
2023-10-06 15:38:53,968 [FATAL] Updater:308 - Updater called before beeing initialized
2023-10-06 15:38:53,968 [ERROR] CADModel:125 - Updater not yet initialized, retry later 
2023-10-06 15:38:53,971 [FATAL] Updater:308 - Updater called before beeing initialized
2023-10-06 15:38:54,082 [FATAL] Updater:308 - Updater called before beeing initialized
2023-10-06 15:38:54,109 [INFO] DbMcusAds:53 - JSON generation date=Tue Mar 07 14:20:55 IST 2023 (1678179055114)
2023-10-06 15:38:54,109 [FATAL] Updater:308 - Updater called before beeing initialized
2023-10-06 15:38:54,248 [WARN] DetailPanel:346 - Failed to get advertising image, set to default
2023-10-06 15:38:54,359 [FATAL] Updater:308 - Updater called before beeing initialized
2023-10-06 15:38:54,361 [FATAL] Updater:308 - Updater called before beeing initialized
2023-10-06 15:38:54,361 [FATAL] Updater:308 - Updater called before beeing initialized
2023-10-06 15:38:54,361 [WARN] DetailPanel:346 - Failed to get advertising image, set to default
2023-10-06 15:38:54,362 [FATAL] Updater:308 - Updater called before beeing initialized
2023-10-06 15:38:54,457 [ERROR] Updater:1120 - MainUpdater not yet initialized. External WinMGr cannot be set.
2023-10-06 15:38:54,473 [INFO] Updater:1056 - Updater Version found : 6.9.1
2023-10-06 15:38:54,503 [INFO] ThirdPartyUpdaterWithRetryManager:70 - Updater plugin not ready yet. [2/15]
2023-10-06 15:38:54,511 [INFO] ApplicationProperties:184 - Using Application install path: /opt/st/stm32cubeide_1.13.1/plugins/com.st.stm32cube.common.mx_6.9.1.202307191849
2023-10-06 15:38:54,951 [INFO] MainUpdater:2868 - connection check result : 10
2023-10-06 15:38:54,952 [INFO] MainUpdater:285 - Updater Check For Update Now.
2023-10-06 15:38:54,953 [INFO] MicroXplorer:498 - Change Database Version : DB.6.0.91
2023-10-06 15:38:54,964 [INFO] McuFinderGlobals:63 - Set McuFinder mode to 2 (CubeIDE integrated)
2023-10-06 15:38:55,393 [INFO] CheckServerUpdateThread:120 - End of CheckServer Thread
2023-10-06 15:38:57,829 [WARN] PackLoader:240 - Cannot read IP mode file for STMicroelectronics.X-CUBE-SMBUS.2.1.0
2023-10-06 15:38:57,907 [WARN] PackLoader:240 - Cannot read IP mode file for STMicroelectronics.X-CUBE-AZRTOS-F7.1.1.0
2023-10-06 15:38:57,944 [WARN] PackLoader:240 - Cannot read IP mode file for STMicroelectronics.FP-SNS-MOTENV1.4.3.2
2023-10-06 15:38:57,967 [WARN] PackLoader:240 - Cannot read IP mode file for STMicroelectronics.FP-SNS-FLIGHT1.5.0.2
2023-10-06 15:38:57,978 [WARN] PackLoader:240 - Cannot read IP mode file for STMicroelectronics.X-CUBE-DISPLAY.3.0.0
2023-10-06 15:38:58,005 [WARN] PackLoader:240 - Cannot read IP mode file for STMicroelectronics.X-CUBE-BLE1.7.0.0
2023-10-06 15:38:58,037 [WARN] PackLoader:240 - Cannot read IP mode file for emotas.I-CUBE-CANOPEN.1.3.0
2023-10-06 15:38:58,042 [WARN] PackLoader:240 - Cannot read IP mode file for STMicroelectronics.X-CUBE-TOUCHGFX.4.22.0
2023-10-06 15:38:58,067 [WARN] PackLoader:240 - Cannot read IP mode file for STMicroelectronics.X-CUBE-TOUCHGFX.4.22.1
2023-10-06 15:38:58,080 [WARN] PackLoader:240 - Cannot read IP mode file for STMicroelectronics.FP-SNS-SMARTAG2.1.2.0
2023-10-06 15:38:58,107 [INFO] LogOutputStream:77 - [STDOUT_REDIRECT] 1 : Invalid condition id : UX_CORESTACK_Condition cause : null
2023-10-06 15:38:58,108 [INFO] LogOutputStream:77 - [STDOUT_REDIRECT] 1 : Invalid condition id : UX_CORESTACK_Condition cause : null
2023-10-06 15:38:58,108 [INFO] LogOutputStream:77 - [STDOUT_REDIRECT] 1 : Invalid condition id : UX_CORESTACK_Condition cause : null
2023-10-06 15:38:58,108 [INFO] LogOutputStream:77 - [STDOUT_REDIRECT] 1 : Invalid condition id : UX_CORESTACK_Condition cause : null
2023-10-06 15:38:58,109 [INFO] LogOutputStream:77 - [STDOUT_REDIRECT] 1 : Invalid condition id : UX_CORESTACK_Condition cause : null
2023-10-06 15:38:58,113 [WARN] PackLoader:240 - Cannot read IP mode file for STMicroelectronics.X-CUBE-AZRTOS-WL.2.0.0
2023-10-06 15:38:58,122 [WARN] PackLoader:240 - Cannot read IP mode file for WES.I-CUBE-Cesium.1.3.0
2023-10-06 15:38:58,191 [WARN] PackLoader:240 - Cannot read IP mode file for STMicroelectronics.X-CUBE-BLE2.3.3.0
2023-10-06 15:38:58,204 [WARN] PackLoader:240 - Cannot read IP mode file for STMicroelectronics.X-CUBE-ALGOBUILD.1.3.0
2023-10-06 15:38:58,339 [WARN] PackLoader:240 - Cannot read IP mode file for STMicroelectronics.X-CUBE-AZRTOS-G0.1.1.0
2023-10-06 15:38:58,351 [WARN] PackLoader:240 - Cannot read IP mode file for STMicroelectronics.X-CUBE-NFC4.3.0.0
2023-10-06 15:38:58,393 [WARN] PackLoader:240 - Cannot read IP mode file for STMicroelectronics.FP-ATR-SIGFOX1.3.2.0
2023-10-06 15:38:58,492 [WARN] PackLoader:240 - Cannot read IP mode file for SEGGER.I-CUBE-embOS.1.3.1
2023-10-06 15:38:58,546 [WARN] PackLoader:240 - Cannot read IP mode file for STMicroelectronics.X-CUBE-GNSS1.6.0.0
2023-10-06 15:38:58,587 [WARN] PackLoader:240 - Cannot read IP mode file for STMicroelectronics.X-CUBE-AZRTOS-F4.1.1.0
2023-10-06 15:38:58,628 [WARN] PackLoader:240 - Cannot read IP mode file for wolfSSL.I-CUBE-wolfSSL.5.6.3
2023-10-06 15:38:58,661 [WARN] PackLoader:240 - Cannot read IP mode file for STMicroelectronics.X-CUBE-AZRTOS-L5.2.0.0
2023-10-06 15:38:58,748 [WARN] PackLoader:240 - Cannot read IP mode file for STMicroelectronics.X-CUBE-MEMS1.9.6.0
2023-10-06 15:38:59,025 [WARN] PackLoader:240 - Cannot read IP mode file for ITTIA_DB.I-CUBE-ITTIADB.8.8.0
2023-10-06 15:38:59,032 [WARN] PackLoader:240 - Cannot read IP mode file for STMicroelectronics.X-CUBE-BLEMGR.2.0.0
2023-10-06 15:38:59,057 [WARN] ConditionMgr:438 - getConditionDescription Invalid condition id : UX DEVICE CLASS RTOS Condition cause : null
2023-10-06 15:38:59,058 [WARN] ConditionMgr:438 - getConditionDescription Invalid condition id : UX DEVICE CLASS RTOS Condition cause : null
2023-10-06 15:38:59,061 [WARN] PackLoader:240 - Cannot read IP mode file for STMicroelectronics.X-CUBE-AZRTOS-H7.3.1.0
2023-10-06 15:38:59,063 [WARN] ConditionMgr:1039 - genDependencies : Invalid condition id : UX DEVICE CLASS RTOS Condition cause : null
2023-10-06 15:38:59,063 [WARN] ConditionMgr:1039 - genDependencies : Invalid condition id : UX DEVICE CLASS RTOS Condition cause : null
2023-10-06 15:38:59,064 [WARN] ConditionMgr:1039 - genDependencies : Invalid condition id : UX DEVICE CLASS RTOS Condition cause : null
2023-10-06 15:38:59,064 [WARN] ConditionMgr:1039 - genDependencies : Invalid condition id : UX DEVICE CLASS RTOS Condition cause : null
2023-10-06 15:38:59,065 [WARN] ConditionMgr:1039 - genDependencies : Invalid condition id : UX DEVICE CLASS RTOS Condition cause : null
2023-10-06 15:38:59,083 [WARN] PackLoader:240 - Cannot read IP mode file for STMicroelectronics.X-CUBE-NFC7.1.0.1
2023-10-06 15:38:59,106 [WARN] PackLoader:240 - Cannot read IP mode file for STMicroelectronics.X-CUBE-NFC6.3.0.0
2023-10-06 15:38:59,128 [WARN] PackLoader:240 - Cannot read IP mode file for STMicroelectronics.X-CUBE-EEPRMA1.4.1.0
2023-10-06 15:38:59,147 [WARN] PackLoader:240 - Cannot read IP mode file for STMicroelectronics.X-CUBE-AI.8.1.0
2023-10-06 15:38:59,176 [WARN] ConditionMgr:438 - getConditionDescription Invalid condition id : LAN8742 Phy interface Condition cause : null
2023-10-06 15:38:59,177 [WARN] PackLoader:240 - Cannot read IP mode file for STMicroelectronics.X-CUBE-AZRTOS-L4.2.0.0
2023-10-06 15:38:59,184 [WARN] ConditionMgr:1039 - genDependencies : Invalid condition id : LAN8742 Phy interface Condition cause : null
2023-10-06 15:38:59,185 [WARN] ConditionMgr:1039 - genDependencies : Invalid condition id : LAN8742 Phy interface Condition cause : null
2023-10-06 15:38:59,187 [WARN] ConditionMgr:1039 - genDependencies : Invalid condition id : LAN8742 Phy interface Condition cause : null
2023-10-06 15:38:59,200 [WARN] PackLoader:240 - Cannot read IP mode file for STMicroelectronics.X-CUBE-SFXS2LP1.4.0.0
2023-10-06 15:38:59,208 [WARN] PackLoader:240 - Cannot read IP mode file for STMicroelectronics.X-CUBE-ISPU.1.1.0
2023-10-06 15:38:59,233 [WARN] ConditionMgr:438 - getConditionDescription Invalid condition id : UX DEVICE CLASS RTOS Condition cause : null
2023-10-06 15:38:59,234 [WARN] ConditionMgr:438 - getConditionDescription Invalid condition id : UX DEVICE CLASS RTOS Condition cause : null
2023-10-06 15:38:59,237 [WARN] PackLoader:240 - Cannot read IP mode file for STMicroelectronics.X-CUBE-AZRTOS-WB.2.0.0
2023-10-06 15:38:59,238 [WARN] ConditionMgr:1039 - genDependencies : Invalid condition id : UX DEVICE CLASS RTOS Condition cause : null
2023-10-06 15:38:59,238 [WARN] ConditionMgr:1039 - genDependencies : Invalid condition id : UX DEVICE CLASS RTOS Condition cause : null
2023-10-06 15:38:59,244 [WARN] ConditionMgr:1039 - genDependencies : Invalid condition id : UX DEVICE CLASS RTOS Condition cause : null
2023-10-06 15:38:59,244 [WARN] ConditionMgr:1039 - genDependencies : Invalid condition id : UX DEVICE CLASS RTOS Condition cause : null
2023-10-06 15:38:59,245 [WARN] ConditionMgr:1039 - genDependencies : Invalid condition id : UX DEVICE CLASS RTOS Condition cause : null
2023-10-06 15:38:59,261 [WARN] PackLoader:240 - Cannot read IP mode file for STMicroelectronics.X-CUBE-SUBG2.5.0.0
2023-10-06 15:38:59,287 [WARN] PackLoader:240 - Cannot read IP mode file for STMicroelectronics.X-CUBE-TOF1.3.3.1
2023-10-06 15:38:59,325 [WARN] PackLoader:240 - Cannot read IP mode file for STMicroelectronics.X-CUBE-AZRTOS-G4.2.0.0
2023-10-06 15:38:59,341 [WARN] PackLoader:240 - Cannot read IP mode file for STMicroelectronics.X-CUBE-FREERTOS.1.1.0
2023-10-06 15:38:59,362 [WARN] PackLoader:240 - Cannot read IP mode file for portGmbH.I-Cube-SoM-uGOAL.1.1.0
2023-10-06 15:38:59,376 [WARN] PackLoader:240 - Cannot read IP mode file for STMicroelectronics.X-CUBE-ALS.1.0.1
2023-10-06 15:38:59,380 [WARN] PackLoader:240 - Cannot read IP mode file for STMicroelectronics.FP-ATR-ASTRA1.2.0.0
2023-10-06 15:38:59,381 [INFO] ThirdParty:978 - Integrity check success = true
2023-10-06 15:38:59,382 [INFO] IntegrityCheckThread:100 - exiting critical section [integrity check]
2023-10-06 15:38:59,382 [INFO] IntegrityCheckThread:103 - End integrity checks thread
