2023-10-13 11:32:09,528 [INFO] LogOutputStream:77 - [STDOUT_REDIRECT] 
2023-10-13 11:56:47,027 [INFO] Activator:176 - 


2023-10-13 11:56:47,030 [INFO] Activator:177 - !SESSION log4j initialized
2023-10-13 11:56:56,113 [INFO] LogOutputStream:77 - [STDOUT_REDIRECT] 
2023-10-13 11:56:58,095 [INFO] ApplicationProperties:184 - Using Application install path: /opt/st/stm32cubeide_1.13.1/plugins/com.st.stm32cube.common.mx_6.9.1.202307191849
2023-10-13 11:56:58,134 [INFO] DbMcusXml:78 - Set database path to: /opt/st/stm32cubeide_1.13.1/plugins/com.st.stm32cube.common.mx_6.9.1.202307191849//db//mcu/
2023-10-13 11:56:58,135 [INFO] ApiDb:274 - Set plugin database path to: /opt/st/stm32cubeide_1.13.1/plugins/com.st.stm32cube.common.mx_6.9.1.202307191849//db//plugins/boardmanager/
2023-10-13 11:56:58,135 [WARN] ApiDb:259 - Overriding images path with different value:  => /opt/st/stm32cubeide_1.13.1/plugins/com.st.stm32cube.common.mx_6.9.1.202307191849//db//plugins/mcufinder/images/
2023-10-13 11:56:58,170 [INFO] ApiDb:250 - Set database path to: /home/sumit/.stmcufinder/plugins/mcufinder//mcu/
2023-10-13 11:56:58,172 [INFO] DbMcusAds:125 - Set database path to: /home/sumit/.stmcufinder/plugins/mcufinder//mcu/
2023-10-13 11:56:58,176 [INFO] CrossReferenceDbSqlite:203 - Set database path to: /home/sumit/.stmcufinder/plugins/mcufinder//mcu/cs/
2023-10-13 11:56:58,457 [INFO] RulesReader:64 - Compatibility file has been processed (293 Rules)
2023-10-13 11:56:58,629 [INFO] DbMcusXml:78 - Set database path to: /opt/st/stm32cubeide_1.13.1/plugins/com.st.stm32cube.common.mx_6.9.1.202307191849//db//mcu/
2023-10-13 11:56:58,629 [INFO] ApiDb:274 - Set plugin database path to: /opt/st/stm32cubeide_1.13.1/plugins/com.st.stm32cube.common.mx_6.9.1.202307191849//db//plugins/boardmanager/
2023-10-13 11:56:58,629 [INFO] ApiDb:261 - Set plugin images path to: /opt/st/stm32cubeide_1.13.1/plugins/com.st.stm32cube.common.mx_6.9.1.202307191849//db//plugins/mcufinder/images/
2023-10-13 11:56:58,630 [WARN] DbFile:41 - Overriding database path with different value: /home/sumit/.stmcufinder/plugins/mcufinder/ => /home/sumit/.stmcufinder/plugins/mcufinder
2023-10-13 11:56:58,630 [INFO] ApiDb:250 - Set database path to: /home/sumit/.stmcufinder/plugins/mcufinder//mcu/
2023-10-13 11:56:58,630 [WARN] DbFile:41 - Overriding database path with different value: /home/sumit/.stmcufinder/plugins/mcufinder/ => /home/sumit/.stmcufinder/plugins/mcufinder
2023-10-13 11:56:58,630 [INFO] DbMcusAds:125 - Set database path to: /home/sumit/.stmcufinder/plugins/mcufinder//mcu/
2023-10-13 11:56:58,630 [WARN] DbFile:41 - Overriding database path with different value: /home/sumit/.stmcufinder/plugins/mcufinder/ => /home/sumit/.stmcufinder/plugins/mcufinder
2023-10-13 11:56:58,630 [WARN] DbFile:41 - Overriding database path with different value: /home/sumit/.stmcufinder/plugins/mcufinder/ => /home/sumit/.stmcufinder/plugins/mcufinder
2023-10-13 11:56:58,630 [INFO] CrossReferenceDbSqlite:203 - Set database path to: /home/sumit/.stmcufinder/plugins/mcufinder//mcu/cs/
2023-10-13 11:56:58,821 [INFO] MainPanel:262 - HeapMemory: 268435456
2023-10-13 11:56:59,153 [INFO] DbMcusXml:78 - Set database path to: /opt/st/stm32cubeide_1.13.1/plugins/com.st.stm32cube.common.mx_6.9.1.202307191849//db//mcu/
2023-10-13 11:56:59,153 [INFO] ApiDb:274 - Set plugin database path to: /opt/st/stm32cubeide_1.13.1/plugins/com.st.stm32cube.common.mx_6.9.1.202307191849//db//plugins/boardmanager/
2023-10-13 11:56:59,154 [INFO] ApiDb:261 - Set plugin images path to: /opt/st/stm32cubeide_1.13.1/plugins/com.st.stm32cube.common.mx_6.9.1.202307191849//db//plugins/mcufinder/images/
2023-10-13 11:56:59,170 [WARN] DbFile:41 - Overriding database path with different value: /home/sumit/.stmcufinder/plugins/mcufinder/ => /home/sumit/.stmcufinder/plugins/mcufinder
2023-10-13 11:56:59,170 [INFO] ApiDb:250 - Set database path to: /home/sumit/.stmcufinder/plugins/mcufinder//mcu/
2023-10-13 11:56:59,171 [WARN] DbFile:41 - Overriding database path with different value: /home/sumit/.stmcufinder/plugins/mcufinder/ => /home/sumit/.stmcufinder/plugins/mcufinder
2023-10-13 11:56:59,171 [INFO] DbMcusAds:125 - Set database path to: /home/sumit/.stmcufinder/plugins/mcufinder//mcu/
2023-10-13 11:56:59,172 [WARN] DbFile:41 - Overriding database path with different value: /home/sumit/.stmcufinder/plugins/mcufinder/ => /home/sumit/.stmcufinder/plugins/mcufinder
2023-10-13 11:56:59,172 [WARN] DbFile:41 - Overriding database path with different value: /home/sumit/.stmcufinder/plugins/mcufinder/ => /home/sumit/.stmcufinder/plugins/mcufinder
2023-10-13 11:56:59,173 [INFO] CrossReferenceDbSqlite:203 - Set database path to: /home/sumit/.stmcufinder/plugins/mcufinder//mcu/cs/
2023-10-13 11:56:59,248 [INFO] ApplicationProperties:184 - Using Application install path: /opt/st/stm32cubeide_1.13.1/plugins/com.st.stm32cube.common.mx_6.9.1.202307191849
2023-10-13 11:56:59,252 [INFO] PluginManage:196 - Search for loadable plugins [exclusion list=, ]
2023-10-13 11:56:59,268 [INFO] PluginManage:310 - Check plugin analytics
2023-10-13 11:56:59,637 [INFO] AnalyticsPlugin:253 - Accepted Software Licenses: 
2023-10-13 11:56:59,638 [INFO] AnalyticsPlugin:255 - Accepted CMSIS Pack Licenses: 
2023-10-13 11:56:59,639 [INFO] AnalyticsPlugin:257 - Accepted Firmware Licenses: 
2023-10-13 11:56:59,644 [INFO] PluginManage:359 - Loaded plugin analytics (category:tool,tabindex:-1)
2023-10-13 11:56:59,645 [INFO] PluginManage:310 - Check plugin cadmodel
2023-10-13 11:57:00,060 [INFO] CADModel:105 - Init CAD model plugin
2023-10-13 11:57:00,061 [INFO] PluginManage:359 - Loaded plugin cadmodel (category:power,tabindex:5)
2023-10-13 11:57:00,062 [INFO] PluginManage:310 - Check plugin clock
2023-10-13 11:57:00,111 [INFO] PluginManage:359 - Loaded plugin clock (category:base,tabindex:2)
2023-10-13 11:57:00,111 [INFO] PluginManage:310 - Check plugin ddr
2023-10-13 11:57:00,126 [INFO] PluginManage:359 - Loaded plugin ddr (category:tool,tabindex:6)
2023-10-13 11:57:00,126 [INFO] PluginManage:310 - Check plugin filemanager
2023-10-13 11:57:00,453 [INFO] PluginManage:359 - Loaded plugin filemanager (category:base,tabindex:10)
2023-10-13 11:57:00,453 [INFO] PluginManage:310 - Check plugin ipmanager
2023-10-13 11:57:00,460 [INFO] PluginManage:359 - Loaded plugin ipmanager (category:base,tabindex:5)
2023-10-13 11:57:00,461 [INFO] PluginManage:310 - Check plugin lpbam
2023-10-13 11:57:00,500 [INFO] PluginManage:359 - Loaded plugin lpbam (category:base,tabindex:0)
2023-10-13 11:57:00,500 [INFO] PluginManage:310 - Check plugin memorymap
2023-10-13 11:57:00,567 [INFO] PluginManage:359 - Loaded plugin memorymap (category:base,tabindex:4)
2023-10-13 11:57:00,568 [INFO] PluginManage:310 - Check plugin pinoutandconfiguration
2023-10-13 11:57:00,602 [INFO] PluginManage:359 - Loaded plugin pinoutandconfiguration (category:base,tabindex:1)
2023-10-13 11:57:00,602 [INFO] PluginManage:310 - Check plugin pinoutconfig
2023-10-13 11:57:00,876 [WARN] SupportedApi:132 - Cannot load RTOS API schema: s4s-elt-must-match.1: The content of 'definitions' must match (annotation?, (simpleType | complexType)?, (unique | key | keyref)*)). A problem was found starting at: attribute.
2023-10-13 11:57:01,430 [INFO] PluginManage:359 - Loaded plugin pinoutconfig (category:base,tabindex:0)
2023-10-13 11:57:01,430 [INFO] PluginManage:310 - Check plugin power
2023-10-13 11:57:01,495 [INFO] PluginManage:359 - Loaded plugin power (category:power,tabindex:4)
2023-10-13 11:57:01,495 [INFO] PluginManage:310 - Check plugin projectmanager
2023-10-13 11:57:01,526 [INFO] PluginManage:359 - Loaded plugin projectmanager (category:projectmanager,tabindex:3)
2023-10-13 11:57:01,527 [INFO] PluginManage:310 - Check plugin thirdparty
2023-10-13 11:57:02,054 [INFO] PluginManage:359 - Loaded plugin thirdparty (category:base,tabindex:-1)
2023-10-13 11:57:02,053 [WARN] IntegrityCheckThread:84 - waiting for thirdparty lock release [integrity check]
2023-10-13 11:57:02,054 [INFO] IntegrityCheckThread:86 - entering critical section [integrity check]
2023-10-13 11:57:02,054 [INFO] PluginManage:310 - Check plugin tools
2023-10-13 11:57:02,055 [INFO] ThirdPartyUpdaterWithRetryManager:70 - Updater plugin not ready yet. [1/15]
2023-10-13 11:57:02,077 [INFO] PluginManage:359 - Loaded plugin tools (category:base,tabindex:7)
2023-10-13 11:57:02,078 [INFO] PluginManage:310 - Check plugin tutovideos
2023-10-13 11:57:02,513 [INFO] PluginManage:359 - Loaded plugin tutovideos (category:base,tabindex:-1)
2023-10-13 11:57:02,514 [INFO] PluginManage:310 - Check plugin updater
2023-10-13 11:57:02,564 [INFO] PluginManage:359 - Loaded plugin updater (category:base,tabindex:12)
2023-10-13 11:57:02,564 [INFO] PluginManage:310 - Check plugin userauth
2023-10-13 11:57:02,598 [INFO] UserAuth:113 - Init User Auth plugin
2023-10-13 11:57:02,598 [INFO] PluginManage:359 - Loaded plugin userauth (category:base,tabindex:14)
2023-10-13 11:57:02,599 [INFO] PluginManage:283 - PluginManage : Loaded plugins [17]
2023-10-13 11:57:03,592 [INFO] PinOutPanel:1499 - setPackage(No Configuration,No Configuration)
2023-10-13 11:57:04,442 [INFO] CADModel:165 - CPN selected for project level
2023-10-13 11:57:04,442 [INFO] CADModel:114 - Register for checkConnection events
2023-10-13 11:57:04,456 [INFO] IPUIPlugin:80 - create IPUIPlugin
2023-10-13 11:57:04,467 [INFO] PluginManager:220 - loadIPPluginJar : add nvic
2023-10-13 11:57:04,516 [INFO] IPUIPlugin:80 - create IPUIPlugin
2023-10-13 11:57:04,516 [INFO] PluginManager:220 - loadIPPluginJar : add stm32_wpan
2023-10-13 11:57:04,529 [INFO] IPUIPlugin:80 - create IPUIPlugin
2023-10-13 11:57:04,529 [INFO] PluginManager:220 - loadIPPluginJar : add i2c
2023-10-13 11:57:04,541 [INFO] IPUIPlugin:80 - create IPUIPlugin
2023-10-13 11:57:04,541 [INFO] PluginManager:220 - loadIPPluginJar : add hash
2023-10-13 11:57:04,544 [INFO] IPUIPlugin:80 - create IPUIPlugin
2023-10-13 11:57:04,545 [INFO] PluginManager:220 - loadIPPluginJar : add tsc
2023-10-13 11:57:04,549 [INFO] IPUIPlugin:80 - create IPUIPlugin
2023-10-13 11:57:04,550 [INFO] PluginManager:220 - loadIPPluginJar : add can
2023-10-13 11:57:04,561 [INFO] IPUIPlugin:80 - create IPUIPlugin
2023-10-13 11:57:04,561 [INFO] PluginManager:220 - loadIPPluginJar : add pdm2pcm
2023-10-13 11:57:04,572 [INFO] IPUIPlugin:80 - create IPUIPlugin
2023-10-13 11:57:04,572 [INFO] PluginManager:220 - loadIPPluginJar : add dma
2023-10-13 11:57:04,579 [INFO] IPUIPlugin:80 - create IPUIPlugin
2023-10-13 11:57:04,579 [INFO] PluginManager:220 - loadIPPluginJar : add sai
2023-10-13 11:57:04,586 [INFO] IPUIPlugin:80 - create IPUIPlugin
2023-10-13 11:57:04,586 [INFO] PluginManager:220 - loadIPPluginJar : add spi
2023-10-13 11:57:04,592 [INFO] IPUIPlugin:80 - create IPUIPlugin
2023-10-13 11:57:04,592 [INFO] PluginManager:220 - loadIPPluginJar : add usart
2023-10-13 11:57:04,604 [INFO] IPUIPlugin:80 - create IPUIPlugin
2023-10-13 11:57:04,604 [INFO] PluginManager:220 - loadIPPluginJar : add fmc
2023-10-13 11:57:04,615 [INFO] IPUIPlugin:80 - create IPUIPlugin
2023-10-13 11:57:04,615 [INFO] PluginManager:220 - loadIPPluginJar : add resmgrutility
2023-10-13 11:57:04,619 [INFO] IPUIPlugin:80 - create IPUIPlugin
2023-10-13 11:57:04,619 [INFO] PluginManager:220 - loadIPPluginJar : add quadspi
2023-10-13 11:57:04,623 [INFO] IPUIPlugin:80 - create IPUIPlugin
2023-10-13 11:57:04,623 [INFO] PluginManager:220 - loadIPPluginJar : add comp
2023-10-13 11:57:04,631 [INFO] IPUIPlugin:80 - create IPUIPlugin
2023-10-13 11:57:04,631 [INFO] PluginManager:220 - loadIPPluginJar : add gfxmmu
2023-10-13 11:57:04,637 [INFO] IPUIPlugin:80 - create IPUIPlugin
2023-10-13 11:57:04,640 [INFO] PluginManager:220 - loadIPPluginJar : add dma3
2023-10-13 11:57:04,671 [INFO] IPUIPlugin:80 - create IPUIPlugin
2023-10-13 11:57:04,671 [INFO] PluginManager:220 - loadIPPluginJar : add freertos
2023-10-13 11:57:04,675 [INFO] IPUIPlugin:80 - create IPUIPlugin
2023-10-13 11:57:04,675 [INFO] PluginManager:220 - loadIPPluginJar : add ltdc
2023-10-13 11:57:04,680 [INFO] IPUIPlugin:80 - create IPUIPlugin
2023-10-13 11:57:04,681 [INFO] PluginManager:220 - loadIPPluginJar : add dfsdm
2023-10-13 11:57:04,691 [INFO] IPUIPlugin:80 - create IPUIPlugin
2023-10-13 11:57:04,691 [INFO] PluginManager:220 - loadIPPluginJar : add genericplugin
2023-10-13 11:57:04,760 [INFO] IPUIPlugin:80 - create IPUIPlugin
2023-10-13 11:57:04,761 [INFO] PluginManager:220 - loadIPPluginJar : add openamp
2023-10-13 11:57:04,777 [INFO] IPUIPlugin:80 - create IPUIPlugin
2023-10-13 11:57:04,778 [INFO] PluginManager:220 - loadIPPluginJar : add cryp
2023-10-13 11:57:04,785 [INFO] IPUIPlugin:80 - create IPUIPlugin
2023-10-13 11:57:04,786 [INFO] PluginManager:220 - loadIPPluginJar : add gtzc
2023-10-13 11:57:04,820 [INFO] IPUIPlugin:80 - create IPUIPlugin
2023-10-13 11:57:04,820 [INFO] PluginManager:220 - loadIPPluginJar : add adc
2023-10-13 11:57:04,826 [INFO] IPUIPlugin:80 - create IPUIPlugin
2023-10-13 11:57:04,827 [INFO] PluginManager:220 - loadIPPluginJar : add touchsensing
2023-10-13 11:57:04,833 [INFO] IPUIPlugin:80 - create IPUIPlugin
2023-10-13 11:57:04,833 [INFO] PluginManager:220 - loadIPPluginJar : add usbx
2023-10-13 11:57:04,838 [INFO] IPUIPlugin:80 - create IPUIPlugin
2023-10-13 11:57:04,839 [INFO] PluginManager:220 - loadIPPluginJar : add ipddr
2023-10-13 11:57:04,845 [INFO] IPUIPlugin:80 - create IPUIPlugin
2023-10-13 11:57:04,845 [INFO] PluginManager:220 - loadIPPluginJar : add gpio
2023-10-13 11:57:04,865 [INFO] IPUIPlugin:80 - create IPUIPlugin
2023-10-13 11:57:04,866 [INFO] PluginManager:220 - loadIPPluginJar : add lorawan
2023-10-13 11:57:04,881 [INFO] IPUIPlugin:80 - create IPUIPlugin
2023-10-13 11:57:04,882 [INFO] PluginManager:220 - loadIPPluginJar : add gic
2023-10-13 11:57:04,886 [INFO] IPUIPlugin:80 - create IPUIPlugin
2023-10-13 11:57:04,886 [INFO] PluginManager:220 - loadIPPluginJar : add tim
2023-10-13 11:57:04,891 [INFO] IPUIPlugin:80 - create IPUIPlugin
2023-10-13 11:57:04,892 [INFO] PluginManager:220 - loadIPPluginJar : add i3c
2023-10-13 11:57:04,978 [INFO] IPUIPlugin:80 - create IPUIPlugin
2023-10-13 11:57:04,988 [INFO] PluginManager:220 - loadIPPluginJar : add plateformsettings
2023-10-13 11:57:05,004 [INFO] IPUIPlugin:80 - create IPUIPlugin
2023-10-13 11:57:05,005 [INFO] PluginManager:220 - loadIPPluginJar : add linkedlist
2023-10-13 11:57:05,008 [INFO] IPUIPlugin:80 - create IPUIPlugin
2023-10-13 11:57:05,008 [INFO] PluginManager:220 - loadIPPluginJar : add tracer_emb
2023-10-13 11:57:05,012 [INFO] IPUIPlugin:80 - create IPUIPlugin
2023-10-13 11:57:05,013 [INFO] PluginManager:220 - loadIPPluginJar : add ts
2023-10-13 11:57:05,016 [INFO] IPUIPlugin:80 - create IPUIPlugin
2023-10-13 11:57:05,016 [INFO] PluginManager:220 - loadIPPluginJar : add ucpd
2023-10-13 11:57:05,023 [INFO] IPUIPlugin:80 - create IPUIPlugin
2023-10-13 11:57:05,023 [INFO] PluginManager:220 - loadIPPluginJar : add i2s
2023-10-13 11:57:05,057 [INFO] ThirdPartyUpdaterWithRetryManager:70 - Updater plugin not ready yet. [2/15]
2023-10-13 11:57:05,077 [INFO] IPUIPlugin:80 - create IPUIPlugin
2023-10-13 11:57:05,077 [INFO] PluginManager:220 - loadIPPluginJar : add mdma
2023-10-13 11:57:05,081 [INFO] IPUIPlugin:80 - create IPUIPlugin
2023-10-13 11:57:05,082 [INFO] PluginManager:220 - loadIPPluginJar : add opamp
2023-10-13 11:57:05,084 [INFO] IPUIPlugin:80 - create IPUIPlugin
2023-10-13 11:57:05,084 [INFO] PluginManager:220 - loadIPPluginJar : add fatfs
2023-10-13 11:57:05,088 [INFO] IPUIPlugin:80 - create IPUIPlugin
2023-10-13 11:57:05,088 [INFO] PluginManager:220 - loadIPPluginJar : add aes
2023-10-13 11:57:05,208 [INFO] CADModel:165 - CPN selected for project level
2023-10-13 11:57:05,208 [INFO] CADModel:114 - Register for checkConnection events
2023-10-13 11:57:05,209 [FATAL] Updater:308 - Updater called before beeing initialized
2023-10-13 11:57:05,209 [ERROR] CADModel:125 - Updater not yet initialized, retry later 
2023-10-13 11:57:05,716 [INFO] CADModel:165 - CPN selected for project level
2023-10-13 11:57:05,716 [INFO] CADModel:114 - Register for checkConnection events
2023-10-13 11:57:05,717 [FATAL] Updater:308 - Updater called before beeing initialized
2023-10-13 11:57:05,717 [ERROR] CADModel:125 - Updater not yet initialized, retry later 
2023-10-13 11:57:05,723 [FATAL] Updater:308 - Updater called before beeing initialized
2023-10-13 11:57:05,931 [FATAL] Updater:308 - Updater called before beeing initialized
2023-10-13 11:57:05,952 [INFO] DbMcusAds:53 - JSON generation date=Tue Mar 07 14:20:55 IST 2023 (1678179055114)
2023-10-13 11:57:05,953 [FATAL] Updater:308 - Updater called before beeing initialized
2023-10-13 11:57:06,140 [WARN] DetailPanel:346 - Failed to get advertising image, set to default
2023-10-13 11:57:06,299 [FATAL] Updater:308 - Updater called before beeing initialized
2023-10-13 11:57:06,302 [FATAL] Updater:308 - Updater called before beeing initialized
2023-10-13 11:57:06,302 [FATAL] Updater:308 - Updater called before beeing initialized
2023-10-13 11:57:06,303 [WARN] DetailPanel:346 - Failed to get advertising image, set to default
2023-10-13 11:57:06,304 [FATAL] Updater:308 - Updater called before beeing initialized
2023-10-13 11:57:06,425 [ERROR] Updater:1120 - MainUpdater not yet initialized. External WinMGr cannot be set.
2023-10-13 11:57:06,439 [INFO] Updater:1056 - Updater Version found : 6.9.1
2023-10-13 11:57:06,531 [INFO] ApplicationProperties:184 - Using Application install path: /opt/st/stm32cubeide_1.13.1/plugins/com.st.stm32cube.common.mx_6.9.1.202307191849
2023-10-13 11:57:06,845 [INFO] MainUpdater:2868 - connection check result : 10
2023-10-13 11:57:06,846 [INFO] MainUpdater:285 - Updater Check For Update Now.
2023-10-13 11:57:06,846 [INFO] MicroXplorer:498 - Change Database Version : DB.6.0.91
2023-10-13 11:57:06,856 [INFO] McuFinderGlobals:63 - Set McuFinder mode to 2 (CubeIDE integrated)
2023-10-13 11:57:07,167 [INFO] CheckServerUpdateThread:120 - End of CheckServer Thread
2023-10-13 11:57:09,524 [WARN] PackLoader:240 - Cannot read IP mode file for STMicroelectronics.X-CUBE-SMBUS.2.1.0
2023-10-13 11:57:09,628 [WARN] PackLoader:240 - Cannot read IP mode file for STMicroelectronics.X-CUBE-AZRTOS-F7.1.1.0
2023-10-13 11:57:09,670 [WARN] PackLoader:240 - Cannot read IP mode file for STMicroelectronics.FP-SNS-MOTENV1.4.3.2
2023-10-13 11:57:09,694 [WARN] PackLoader:240 - Cannot read IP mode file for STMicroelectronics.FP-SNS-FLIGHT1.5.0.2
2023-10-13 11:57:09,711 [WARN] PackLoader:240 - Cannot read IP mode file for STMicroelectronics.X-CUBE-DISPLAY.3.0.0
2023-10-13 11:57:09,747 [WARN] PackLoader:240 - Cannot read IP mode file for STMicroelectronics.X-CUBE-BLE1.7.0.0
2023-10-13 11:57:09,759 [WARN] PackLoader:240 - Cannot read IP mode file for emotas.I-CUBE-CANOPEN.1.3.0
2023-10-13 11:57:09,767 [WARN] PackLoader:240 - Cannot read IP mode file for STMicroelectronics.X-CUBE-TOUCHGFX.4.22.0
2023-10-13 11:57:09,791 [WARN] PackLoader:240 - Cannot read IP mode file for STMicroelectronics.X-CUBE-TOUCHGFX.4.22.1
2023-10-13 11:57:09,826 [WARN] PackLoader:240 - Cannot read IP mode file for STMicroelectronics.FP-SNS-SMARTAG2.1.2.0
2023-10-13 11:57:09,871 [INFO] LogOutputStream:77 - [STDOUT_REDIRECT] 1 : Invalid condition id : UX_CORESTACK_Condition cause : null
2023-10-13 11:57:09,873 [INFO] LogOutputStream:77 - [STDOUT_REDIRECT] 1 : Invalid condition id : UX_CORESTACK_Condition cause : null
2023-10-13 11:57:09,874 [INFO] LogOutputStream:77 - [STDOUT_REDIRECT] 1 : Invalid condition id : UX_CORESTACK_Condition cause : null
2023-10-13 11:57:09,874 [INFO] LogOutputStream:77 - [STDOUT_REDIRECT] 1 : Invalid condition id : UX_CORESTACK_Condition cause : null
2023-10-13 11:57:09,875 [INFO] LogOutputStream:77 - [STDOUT_REDIRECT] 1 : Invalid condition id : UX_CORESTACK_Condition cause : null
2023-10-13 11:57:09,886 [WARN] PackLoader:240 - Cannot read IP mode file for STMicroelectronics.X-CUBE-AZRTOS-WL.2.0.0
2023-10-13 11:57:09,918 [WARN] PackLoader:240 - Cannot read IP mode file for WES.I-CUBE-Cesium.1.3.0
2023-10-13 11:57:09,937 [WARN] PackLoader:240 - Cannot read IP mode file for STMicroelectronics.X-CUBE-BLE2.3.3.0
2023-10-13 11:57:09,950 [WARN] PackLoader:240 - Cannot read IP mode file for STMicroelectronics.X-CUBE-ALGOBUILD.1.3.0
2023-10-13 11:57:09,999 [WARN] PackLoader:240 - Cannot read IP mode file for STMicroelectronics.X-CUBE-AZRTOS-G0.1.1.0
2023-10-13 11:57:10,012 [WARN] PackLoader:240 - Cannot read IP mode file for STMicroelectronics.X-CUBE-NFC4.3.0.0
2023-10-13 11:57:10,022 [WARN] PackLoader:240 - Cannot read IP mode file for STMicroelectronics.FP-ATR-SIGFOX1.3.2.0
2023-10-13 11:57:10,111 [WARN] PackLoader:240 - Cannot read IP mode file for SEGGER.I-CUBE-embOS.1.3.1
2023-10-13 11:57:10,284 [WARN] PackLoader:240 - Cannot read IP mode file for STMicroelectronics.X-CUBE-GNSS1.6.0.0
2023-10-13 11:57:10,350 [WARN] PackLoader:240 - Cannot read IP mode file for STMicroelectronics.X-CUBE-AZRTOS-F4.1.1.0
2023-10-13 11:57:10,385 [WARN] PackLoader:240 - Cannot read IP mode file for wolfSSL.I-CUBE-wolfSSL.5.6.3
2023-10-13 11:57:10,485 [WARN] PackLoader:240 - Cannot read IP mode file for STMicroelectronics.X-CUBE-AZRTOS-L5.2.0.0
2023-10-13 11:57:10,636 [WARN] PackLoader:240 - Cannot read IP mode file for STMicroelectronics.X-CUBE-MEMS1.9.6.0
2023-10-13 11:57:11,223 [WARN] PackLoader:240 - Cannot read IP mode file for ITTIA_DB.I-CUBE-ITTIADB.8.8.0
2023-10-13 11:57:11,241 [WARN] PackLoader:240 - Cannot read IP mode file for STMicroelectronics.X-CUBE-BLEMGR.2.0.0
2023-10-13 11:57:11,298 [WARN] ConditionMgr:438 - getConditionDescription Invalid condition id : UX DEVICE CLASS RTOS Condition cause : null
2023-10-13 11:57:11,299 [WARN] ConditionMgr:438 - getConditionDescription Invalid condition id : UX DEVICE CLASS RTOS Condition cause : null
2023-10-13 11:57:11,305 [WARN] PackLoader:240 - Cannot read IP mode file for STMicroelectronics.X-CUBE-AZRTOS-H7.3.1.0
2023-10-13 11:57:11,308 [WARN] ConditionMgr:1039 - genDependencies : Invalid condition id : UX DEVICE CLASS RTOS Condition cause : null
2023-10-13 11:57:11,308 [WARN] ConditionMgr:1039 - genDependencies : Invalid condition id : UX DEVICE CLASS RTOS Condition cause : null
2023-10-13 11:57:11,310 [WARN] ConditionMgr:1039 - genDependencies : Invalid condition id : UX DEVICE CLASS RTOS Condition cause : null
2023-10-13 11:57:11,312 [WARN] ConditionMgr:1039 - genDependencies : Invalid condition id : UX DEVICE CLASS RTOS Condition cause : null
2023-10-13 11:57:11,312 [WARN] ConditionMgr:1039 - genDependencies : Invalid condition id : UX DEVICE CLASS RTOS Condition cause : null
2023-10-13 11:57:11,323 [WARN] PackLoader:240 - Cannot read IP mode file for STMicroelectronics.X-CUBE-NFC7.1.0.1
2023-10-13 11:57:11,344 [WARN] PackLoader:240 - Cannot read IP mode file for STMicroelectronics.X-CUBE-NFC6.3.0.0
2023-10-13 11:57:11,385 [WARN] PackLoader:240 - Cannot read IP mode file for STMicroelectronics.X-CUBE-EEPRMA1.4.1.0
2023-10-13 11:57:11,393 [WARN] PackLoader:240 - Cannot read IP mode file for STMicroelectronics.X-CUBE-AI.8.1.0
2023-10-13 11:57:11,439 [WARN] ConditionMgr:438 - getConditionDescription Invalid condition id : LAN8742 Phy interface Condition cause : null
2023-10-13 11:57:11,441 [WARN] PackLoader:240 - Cannot read IP mode file for STMicroelectronics.X-CUBE-AZRTOS-L4.2.0.0
2023-10-13 11:57:11,443 [WARN] ConditionMgr:1039 - genDependencies : Invalid condition id : LAN8742 Phy interface Condition cause : null
2023-10-13 11:57:11,444 [WARN] ConditionMgr:1039 - genDependencies : Invalid condition id : LAN8742 Phy interface Condition cause : null
2023-10-13 11:57:11,446 [WARN] ConditionMgr:1039 - genDependencies : Invalid condition id : LAN8742 Phy interface Condition cause : null
2023-10-13 11:57:11,475 [WARN] PackLoader:240 - Cannot read IP mode file for STMicroelectronics.X-CUBE-SFXS2LP1.4.0.0
2023-10-13 11:57:11,487 [WARN] PackLoader:240 - Cannot read IP mode file for STMicroelectronics.X-CUBE-ISPU.1.1.0
2023-10-13 11:57:11,515 [WARN] ConditionMgr:438 - getConditionDescription Invalid condition id : UX DEVICE CLASS RTOS Condition cause : null
2023-10-13 11:57:11,516 [WARN] ConditionMgr:438 - getConditionDescription Invalid condition id : UX DEVICE CLASS RTOS Condition cause : null
2023-10-13 11:57:11,521 [WARN] PackLoader:240 - Cannot read IP mode file for STMicroelectronics.X-CUBE-AZRTOS-WB.2.0.0
2023-10-13 11:57:11,522 [WARN] ConditionMgr:1039 - genDependencies : Invalid condition id : UX DEVICE CLASS RTOS Condition cause : null
2023-10-13 11:57:11,523 [WARN] ConditionMgr:1039 - genDependencies : Invalid condition id : UX DEVICE CLASS RTOS Condition cause : null
2023-10-13 11:57:11,524 [WARN] ConditionMgr:1039 - genDependencies : Invalid condition id : UX DEVICE CLASS RTOS Condition cause : null
2023-10-13 11:57:11,525 [WARN] ConditionMgr:1039 - genDependencies : Invalid condition id : UX DEVICE CLASS RTOS Condition cause : null
2023-10-13 11:57:11,525 [WARN] ConditionMgr:1039 - genDependencies : Invalid condition id : UX DEVICE CLASS RTOS Condition cause : null
2023-10-13 11:57:11,556 [WARN] PackLoader:240 - Cannot read IP mode file for STMicroelectronics.X-CUBE-SUBG2.5.0.0
2023-10-13 11:57:11,597 [WARN] PackLoader:240 - Cannot read IP mode file for STMicroelectronics.X-CUBE-TOF1.3.3.1
2023-10-13 11:57:11,658 [WARN] PackLoader:240 - Cannot read IP mode file for STMicroelectronics.X-CUBE-AZRTOS-G4.2.0.0
2023-10-13 11:57:11,702 [WARN] PackLoader:240 - Cannot read IP mode file for Infineon.AIROC-Wi-Fi-Bluetooth-STM32.1.5.1
2023-10-13 11:57:11,721 [WARN] PackLoader:240 - Cannot read IP mode file for STMicroelectronics.X-CUBE-FREERTOS.1.1.0
2023-10-13 11:57:11,729 [WARN] PackLoader:240 - Cannot read IP mode file for portGmbH.I-Cube-SoM-uGOAL.1.1.0
2023-10-13 11:57:11,753 [WARN] PackLoader:240 - Cannot read IP mode file for STMicroelectronics.X-CUBE-ALS.1.0.1
2023-10-13 11:57:11,941 [WARN] PackLoader:240 - Cannot read IP mode file for STMicroelectronics.FP-ATR-ASTRA1.2.0.0
2023-10-13 11:57:11,943 [INFO] ThirdParty:978 - Integrity check success = true
2023-10-13 11:57:11,943 [INFO] IntegrityCheckThread:100 - exiting critical section [integrity check]
2023-10-13 11:57:11,943 [INFO] IntegrityCheckThread:103 - End integrity checks thread
2023-10-13 11:57:27,951 [ERROR] LogOutputStream:75 - [STDERR_REDIRECT] SLF4J: Failed to load class "org.slf4j.impl.StaticLoggerBinder".
2023-10-13 11:57:27,952 [ERROR] LogOutputStream:75 - [STDERR_REDIRECT] SLF4J: Defaulting to no-operation (NOP) logger implementation
2023-10-13 11:57:27,953 [ERROR] LogOutputStream:75 - [STDERR_REDIRECT] SLF4J: See http://www.slf4j.org/codes.html#StaticLoggerBinder for further details.
2023-10-13 11:59:54,933 [INFO] McuFinderGlobals:63 - Set McuFinder mode to 2 (CubeIDE integrated)
2023-10-13 11:59:54,939 [INFO] MainUpdater:2868 - connection check result : 10
2023-10-13 11:59:54,940 [INFO] MainUpdater:2868 - connection check result : 10
2023-10-13 11:59:55,499 [INFO] MicroXplorer:468 - Change Database Path : 
2023-10-13 11:59:55,500 [INFO] MicroXplorer:498 - Change Database Version : DB.6.0.91
2023-10-13 11:59:55,507 [WARN] ThirdParty:871 - waiting for thirdparty lock release [close project]
2023-10-13 11:59:55,507 [INFO] ThirdParty:873 - entering critical section [close project]
2023-10-13 11:59:55,509 [INFO] ThirdParty:883 - exiting critical section [close project]
2023-10-13 11:59:55,514 [INFO] PinOutPanel:1499 - setPackage(No Configuration,No Configuration)
2023-10-13 11:59:55,524 [INFO] UtilMem:75 - Begin LoadConfig() Used Memory: 654346032 Bytes (922746880)
2023-10-13 11:59:55,525 [INFO] MicroXplorer:468 - Change Database Path : 
2023-10-13 11:59:55,526 [INFO] MicroXplorer:498 - Change Database Version : DB.6.0.91
2023-10-13 11:59:55,526 [INFO] OpenFileManager:308 - Change cursor
2023-10-13 11:59:55,611 [INFO] Mcu:1946 - Initializing MCU STM32F334C(4-6-8)Tx STM32F334C8Tx STM32F334C8T6
2023-10-13 11:59:58,367 [INFO] Context:659 - Trying to add GPIOservice into a context  which must be forbidden
2023-10-13 12:00:00,505 [INFO] RtosManager:555 - Registered RTOS mode: class=CMSIS, group=RTOS, mode=CMSIS_V1, owner=FREERTOS
2023-10-13 12:00:00,505 [INFO] RtosManager:555 - Registered RTOS mode: class=CMSIS, group=RTOS2, mode=CMSIS_V2, owner=FREERTOS
2023-10-13 12:00:00,505 [INFO] RtosManager:555 - Registered RTOS mode: class=RTOS, group=Core, mode=CMSIS_V1, owner=FREERTOS
2023-10-13 12:00:00,505 [INFO] RtosManager:555 - Registered RTOS mode: class=RTOS, group=Core, mode=CMSIS_V2, owner=FREERTOS
2023-10-13 12:00:00,506 [WARN] ModelIntegratedComponent:184 - Missing modes for component STMicroelectronics:FreeRTOS:0.0.1:STMicroelectronics:RTOS:FreeRTOS:Core:::10.2.0:
2023-10-13 12:00:00,539 [WARN] ModelIntegratedComponent:63 - No mode defined for component null
2023-10-13 12:00:00,539 [WARN] ModelIntegratedComponent:63 - No mode defined for component null
2023-10-13 12:00:00,539 [WARN] ModelIntegratedComponent:63 - No mode defined for component null
2023-10-13 12:00:00,539 [WARN] ModelIntegratedComponent:63 - No mode defined for component null
2023-10-13 12:00:00,539 [WARN] ModelIntegratedComponent:63 - No mode defined for component null
2023-10-13 12:00:00,539 [WARN] ModelIntegratedComponent:63 - No mode defined for component null
2023-10-13 12:00:00,540 [WARN] ModelIntegratedComponent:63 - No mode defined for component null
2023-10-13 12:00:00,540 [WARN] ModelIntegratedComponent:63 - No mode defined for component null
2023-10-13 12:00:00,540 [WARN] ModelIntegratedComponent:63 - No mode defined for component null
2023-10-13 12:00:00,540 [WARN] ModelIntegratedComponent:63 - No mode defined for component null
2023-10-13 12:00:00,540 [WARN] ModelIntegratedComponent:63 - No mode defined for component null
2023-10-13 12:00:00,540 [WARN] ModelIntegratedComponent:63 - No mode defined for component null
2023-10-13 12:00:00,540 [WARN] ModelIntegratedComponent:63 - No mode defined for component null
2023-10-13 12:00:00,540 [WARN] ModelIntegratedComponent:63 - No mode defined for component null
2023-10-13 12:00:00,540 [WARN] ModelIntegratedComponent:63 - No mode defined for component null
2023-10-13 12:00:00,541 [WARN] ModelIntegratedComponent:63 - No mode defined for component null
2023-10-13 12:00:00,541 [WARN] ModelIntegratedComponent:63 - No mode defined for component null
2023-10-13 12:00:00,541 [WARN] ModelIntegratedComponent:63 - No mode defined for component null
2023-10-13 12:00:00,541 [WARN] ModelIntegratedComponent:63 - No mode defined for component null
2023-10-13 12:00:00,541 [WARN] ModelIntegratedComponent:63 - No mode defined for component null
2023-10-13 12:00:00,541 [WARN] ModelIntegratedComponent:63 - No mode defined for component null
2023-10-13 12:00:00,541 [WARN] ModelIntegratedComponent:63 - No mode defined for component null
2023-10-13 12:00:00,541 [WARN] ModelIntegratedComponent:63 - No mode defined for component null
2023-10-13 12:00:00,541 [WARN] ModelIntegratedComponent:63 - No mode defined for component null
2023-10-13 12:00:00,542 [WARN] ModelIntegratedComponent:63 - No mode defined for component null
2023-10-13 12:00:00,542 [WARN] ModelIntegratedComponent:63 - No mode defined for component null
2023-10-13 12:00:00,542 [WARN] ModelIntegratedComponent:63 - No mode defined for component null
2023-10-13 12:00:00,542 [WARN] ModelIntegratedComponent:63 - No mode defined for component null
2023-10-13 12:00:00,542 [WARN] ModelIntegratedComponent:63 - No mode defined for component null
2023-10-13 12:00:00,542 [WARN] ModelIntegratedComponent:63 - No mode defined for component null
2023-10-13 12:00:00,542 [WARN] ModelIntegratedComponent:63 - No mode defined for component null
2023-10-13 12:00:00,542 [WARN] ModelIntegratedComponent:63 - No mode defined for component null
2023-10-13 12:00:00,542 [WARN] ModelIntegratedComponent:63 - No mode defined for component null
2023-10-13 12:00:00,577 [INFO] ThirdPartyModel:298 - Start build external matchings
2023-10-13 12:00:01,218 [INFO] ThirdPartyModel:316 - End build external matchings
2023-10-13 12:00:01,475 [INFO] UtilMem:75 - End LoadConfig() Used Memory: 690819336 Bytes (929038336)
2023-10-13 12:00:01,632 [INFO] ApiDb:581 - Connected to CubeFinder SQLite database (/home/sumit/.stmcufinder/plugins/mcufinder/mcu/cube-finder-db.db)
2023-10-13 12:00:01,901 [INFO] ApiDb:668 - CubeFinder database Data Model version=2.1
2023-10-13 12:00:01,902 [INFO] ApiDb:669 - CubeFinder database Configuration version=3.0.37
2023-10-13 12:00:01,903 [INFO] ApiDb:670 - CubeFinder database generation date=2023-08-09 (1691586011)
2023-10-13 12:00:01,903 [INFO] ApiDb:671 - CubeFinder database FW Pack versions=[FP-ATR-ASTRA1_V2.0.0, FP-SNS-FLIGHT1_V5.0.1, FP-SNS-FLIGHT1_V5.0.2, FP-SNS-MOTENV1_V4.3.1, FP-SNS-MOTENV1_V4.3.2, STM32Cube_FW_C0_V1.1.0, STM32Cube_FW_F4_V1.27.1, STM32Cube_FW_F7_V1.17.0, STM32Cube_FW_G0_V1.6.1, STM32Cube_FW_G4_V1.5.1, STM32Cube_FW_H5_V0.5.1, STM32Cube_FW_H5_V1.1.0, STM32Cube_FW_H7_V1.11.0, STM32Cube_FW_L0_V1.12.2, STM32Cube_FW_L5_V1.5.0, STM32Cube_FW_U5_V1.3.0, STM32Cube_FW_U5_V1.3.0RC4, STM32Cube_FW_WBA_V1.0.0RC1, STM32Cube_FW_WBA_V1.1.0, STM32Cube_FW_WBA_V1.1.0RC1, STM32Cube_FW_WB_V1.15.0RC1, STM32Cube_FW_WB_V1.16.0, STM32Cube_FW_WB_V1.16.0RC2, STM32Cube_FW_WB_V1.17.0, STM32Cube_FW_WL_V1.3.0, X-CUBE-ALGOBUILD_V1.3.0, X-CUBE-ALS_V1.0.1, X-CUBE-AZRTOS-F4_V1.1.0, X-CUBE-AZRTOS-F7_V1.1.0, X-CUBE-AZRTOS-G0_V1.1.0, X-CUBE-AZRTOS-G4_V2.0.0, X-CUBE-AZRTOS-H7_V3.1.0, X-CUBE-AZRTOS-L4_V1.0.0, X-CUBE-AZRTOS-L4_V2.0.0, X-CUBE-AZRTOS-L5_V1.1.0, X-CUBE-AZRTOS-WB_V1.1.0, X-CUBE-AZRTOS-WL_V2.0.0, X-CUBE-BLE1_V7.0.0, X-CUBE-BLE2_V3.3.0, X-CUBE-BLEMGR_V2.0.0, X-CUBE-EEPRMA1_V4.1.0, X-CUBE-FREERTOS_V1.1.0, X-CUBE-GNSS1_V6.0.0, X-CUBE-MEMS1_V9.1.0, X-CUBE-MEMS1_V9.4.0, X-CUBE-MEMS1_V9.6.0, X-CUBE-NFC4_V3.0.0, X-CUBE-NFC7_V1.0.0, X-CUBE-SFXS2LP1_V4.0.0, X-CUBE-SUBG2_V5.0.0, X-CUBE-TOF1_V3.3.1]
2023-10-13 12:00:04,698 [INFO] ApiDb:240 - Found 323 in-development CPN: [B-G473E-ZEST1S, B-WB1M-WPAN1, B-WL5M-SUBG1, NUCLEO-C031C6, NUCLEO-H503RB, NUCLEO-H563ZI, NUCLEO-U545RE-Q, NUCLEO-U5A5ZJ-Q, NUCLEO-WBA52CG, STEVAL-PROTEUS1, STEVAL-SMARTAG2, STEVAL-STWINBX1, STM320518-EVAL, STM32C0116-DK, STM32C011D6Y3TR, STM32C011D6Y6TR, STM32C011F4P3, STM32C011F4P6, STM32C011F4U3, STM32C011F4U6TR, STM32C011F6P3, STM32C011F6P6, STM32C011F6U3, STM32C011F6U6TR, STM32C011J4M3, STM32C011J4M6, STM32C011J6M3, STM32C011J6M6, STM32C0316-DK, STM32C031C4T3, STM32C031C4T6, STM32C031C4U3, STM32C031C4U6, STM32C031C6T3, STM32C031C6T6, STM32C031C6U3, STM32C031C6U6, STM32C031F4P3, STM32C031F4P6, STM32C031F6P3, STM32C031F6P6, STM32C031G4U3, STM32C031G4U6, STM32C031G6U3, STM32C031G6U6, STM32C031K4T3, STM32C031K4T6, STM32C031K4U3, STM32C031K4U6, STM32C031K6T3, STM32C031K6T6, STM32C031K6U3, STM32C031K6U6, STM32G071K8TXN, STM32G071K8UXN, STM32G081GBU6N, STM32G081KBT6N, STM32G081KBUXN, STM32G0B1CCT6N, STM32G0B1KCT6, STM32G0B1NEY6TR, STM32G0B1RCT6N, STM32G0C1CCT6, STM32G0C1CCT6N, STM32G0C1CCU6N, STM32G0C1CET6N, STM32G0C1CEU6N, STM32G0C1KCT6, STM32G0C1NEY6TR, STM32G0C1RCI6N, STM32G0C1RCT6N, STM32G0C1REI6N, STM32G0C1RET6N, STM32G0C1VCI6, STM32G0C1VEI6, STM32G471CCT6, STM32G471CCU6, STM32G471CET3, STM32G471CET6, STM32G471CEU3, STM32G471CEU6, STM32G471MCT6, STM32G471MET3, STM32G471MET6, STM32G471MEY6TR, STM32G471QCT6, STM32G471QET3, STM32G471RCT6, STM32G471RET3, STM32G471RET6, STM32G471VCH6, STM32G471VCI6, STM32G471VCT6, STM32G471VEH3, STM32G471VEH6, STM32G471VEI3, STM32G471VEI6, STM32G471VET3, STM32G471VET6, STM32G474CCT6, STM32H503CBT6, STM32H503CBU6, STM32H503EBY6TR, STM32H503KBU6, STM32H503RBT6, STM32H562AGI6, STM32H562AII6, STM32H562IGK6, STM32H562IGT6, STM32H562IIK6, STM32H562IIT6, STM32H562RGT6, STM32H562RGV6, STM32H562RIT6, STM32H562RIV6, STM32H562VGT6, STM32H562VIT6, STM32H562ZGT6, STM32H562ZIT6, STM32H563AGI6, STM32H563AII3Q, STM32H563AII6, STM32H563IGK6, STM32H563IGT6, STM32H563IIK3Q, STM32H563IIK6, STM32H563IIT3Q, STM32H563IIT6, STM32H563MIY3QTR, STM32H563RGT6, STM32H563RGV6, STM32H563RIT6, STM32H563RIV6, STM32H563VGT6, STM32H563VIT3Q, STM32H563VIT6, STM32H563ZGT6, STM32H563ZIT3Q, STM32H563ZIT6, STM32H573AII3Q, STM32H573AII6, STM32H573I-DK, STM32H573IIK3Q, STM32H573IIK6, STM32H573IIT3Q, STM32H573IIT6, STM32H573MIY3QTR, STM32H573RIT6, STM32H573RIV6, STM32H573VIT3Q, STM32H573VIT6, STM32H573ZIT3Q, STM32H573ZIT6, STM32L4R5QGI6STR, STM32MP131AAE3, STM32MP131AAF3, STM32MP131AAG3, STM32MP131CAE3, STM32MP131CAF3, STM32MP131CAG3, STM32MP131DAE7, STM32MP131DAF7, STM32MP131DAG7, STM32MP131FAE7, STM32MP131FAF7, STM32MP131FAG7, STM32MP133AAE3, STM32MP133AAF3, STM32MP133AAG3, STM32MP133CAE3, STM32MP133CAF3, STM32MP133CAG3, STM32MP133DAE7, STM32MP133DAF7, STM32MP133DAG7, STM32MP133FAE7, STM32MP133FAF7, STM32MP133FAG7, STM32MP135AAE3, STM32MP135AAF3, STM32MP135AAG3, STM32MP135CAE3, STM32MP135CAF3, STM32MP135CAG3, STM32MP135DAE7, STM32MP135DAF7, STM32MP135DAG7, STM32MP135F-DK, STM32MP135FAE7, STM32MP135FAF7, STM32MP135FAF7T, STM32MP135FAF7U, STM32MP135FAG7, STM32U535CBT6, STM32U535CBT6Q, STM32U535CBU6, STM32U535CBU6Q, STM32U535CCT6, STM32U535CCT6Q, STM32U535CCU6, STM32U535CCU6Q, STM32U535CET6, STM32U535CET6Q, STM32U535CEU6, STM32U535CEU6Q, STM32U535JEY6QTR, STM32U535NCY6QTR, STM32U535NEY6QTR, STM32U535RBI6, STM32U535RBI6Q, STM32U535RBT6, STM32U535RBT6Q, STM32U535RCI6, STM32U535RCI6Q, STM32U535RCT6, STM32U535RCT6Q, STM32U535REI6, STM32U535REI6Q, STM32U535RET6, STM32U535RET6Q, STM32U535VCI6, STM32U535VCI6Q, STM32U535VCT6, STM32U535VCT6Q, STM32U535VEI6, STM32U535VEI6Q, STM32U535VET6, STM32U535VET6Q, STM32U545CET6, STM32U545CET6Q, STM32U545CEU6, STM32U545CEU6Q, STM32U545JEY6QTR, STM32U545NEY6QTR, STM32U545REI6, STM32U545REI6Q, STM32U545RET6, STM32U545RET6Q, STM32U545VEI6, STM32U545VEI6Q, STM32U545VET6, STM32U545VET6Q, STM32U595AIH6, STM32U595AIH6Q, STM32U595AJH6, STM32U595AJH6Q, STM32U595QII6, STM32U595QII6Q, STM32U595QJI6, STM32U595QJI6Q, STM32U595RIT6, STM32U595RIT6Q, STM32U595RJT6, STM32U595RJT6Q, STM32U595VIT6, STM32U595VIT6Q, STM32U595VJT6, STM32U595VJT6Q, STM32U595ZIT6, STM32U595ZIT6Q, STM32U595ZIY6QTR, STM32U595ZJT6, STM32U595ZJT6Q, STM32U595ZJY6QTR, STM32U599BJY6QTR, STM32U599NIH6Q, STM32U599NJH6Q, STM32U599VIT6Q, STM32U599VJT6, STM32U599VJT6Q, STM32U599ZIT6Q, STM32U599ZIY6QTR, STM32U599ZJT6Q, STM32U599ZJY6QTR, STM32U5A5AJH6, STM32U5A5AJH6Q, STM32U5A5QJI6, STM32U5A5QJI6Q, STM32U5A5RJT6, STM32U5A5RJT6Q, STM32U5A5VJT6, STM32U5A5VJT6Q, STM32U5A5ZJT6, STM32U5A5ZJT6Q, STM32U5A5ZJY6QTR, STM32U5A9BJY6QTR, STM32U5A9J-DK, STM32U5A9NJH6Q, STM32U5A9VJT6Q, STM32U5A9ZJT6Q, STM32U5A9ZJY6QTR, STM32U5F7VIT6, STM32U5F7VIT6Q, STM32U5F7VJT6, STM32U5F7VJT6Q, STM32U5F9BJY6QTR, STM32U5F9NJH6Q, STM32U5F9VIT6Q, STM32U5F9VJT6Q, STM32U5F9ZIJ6QTR, STM32U5F9ZIT6Q, STM32U5F9ZJJ6QTR, STM32U5F9ZJT6Q, STM32U5G7VJT6, STM32U5G7VJT6Q, STM32U5G9BJY6QTR, STM32U5G9J-DK1, STM32U5G9J-DK2, STM32U5G9NJH6Q, STM32U5G9VJT6Q, STM32U5G9ZJJ6QTR, STM32U5G9ZJT6Q, STM32WB1MMCH6, STM32WBA52CEU6, STM32WBA52CEU6T, STM32WBA52CGU6, STM32WBA52CGU6T, STM32WBA52KEU6, STM32WBA52KEU6T, STM32WBA52KGU6, STM32WBA52KGU6T, STM32WL5MOCH6, STM32WL5MOCH6TR]
2023-10-13 12:00:04,704 [INFO] DbMcus:217 - Found 3848 MCUs, 3848 are supported
2023-10-13 12:00:04,704 [INFO] ApiDb:423 - Load user favorites file /home/sumit/.stm32cubeide/favorites.mcus.txt: 0 item(s)
2023-10-13 12:00:04,704 [INFO] ApiDb:427 - User favorites MCUs=[]
2023-10-13 12:00:04,704 [INFO] DbMcus:223 - Set 0 / 0 favorites MCUs
2023-10-13 12:00:05,182 [WARN] ThirdParty:833 - waiting for thirdparty lock release [change project]
2023-10-13 12:00:05,182 [INFO] ThirdParty:835 - entering critical section [change project]
2023-10-13 12:00:05,182 [INFO] ThirdParty:1030 - CMSIS Pack Vendor :STMicroelectronics X-CUBE-ISPU 1.1.0
2023-10-13 12:00:05,182 [INFO] ThirdParty:1030 - CMSIS Pack Vendor :STMicroelectronics USBPD 4.1
2023-10-13 12:00:05,182 [INFO] ThirdParty:1030 - CMSIS Pack Vendor :STMicroelectronics X-CUBE-GNSS1 6.0.0
2023-10-13 12:00:05,182 [INFO] ThirdParty:1030 - CMSIS Pack Vendor :STMicroelectronics USB_HOST 2.0.0
2023-10-13 12:00:05,182 [INFO] ThirdParty:1030 - CMSIS Pack Vendor :STMicroelectronics X-CUBE-AZRTOS-F4 1.1.0
2023-10-13 12:00:05,183 [INFO] ThirdParty:1030 - CMSIS Pack Vendor :STMicroelectronics LIBJPEG 8.0.0
2023-10-13 12:00:05,183 [INFO] ThirdParty:1030 - CMSIS Pack Vendor :wolfSSL I-CUBE-wolfSSL 5.6.3
2023-10-13 12:00:05,183 [INFO] ThirdParty:1030 - CMSIS Pack Vendor :STMicroelectronics X-CUBE-SMBUS 2.1.0
2023-10-13 12:00:05,183 [INFO] ThirdParty:1030 - CMSIS Pack Vendor :STMicroelectronics USB_DEVICE 3.0.0
2023-10-13 12:00:05,183 [INFO] ThirdParty:1030 - CMSIS Pack Vendor :STMicroelectronics X-CUBE-AZRTOS-WB 2.0.0
2023-10-13 12:00:05,183 [INFO] ThirdParty:1030 - CMSIS Pack Vendor :STMicroelectronics X-CUBE-AZRTOS-F7 1.1.0
2023-10-13 12:00:05,183 [INFO] ThirdParty:1030 - CMSIS Pack Vendor :STMicroelectronics X-CUBE-AZRTOS-L5 2.0.0
2023-10-13 12:00:05,183 [INFO] ThirdParty:1030 - CMSIS Pack Vendor :STMicroelectronics USB_DEVICE 2.0.0
2023-10-13 12:00:05,183 [INFO] ThirdParty:1030 - CMSIS Pack Vendor :STMicroelectronics X-CUBE-MEMS1 9.6.0
2023-10-13 12:00:05,183 [INFO] ThirdParty:1030 - CMSIS Pack Vendor :ITTIA_DB I-CUBE-ITTIADB 8.8.0
2023-10-13 12:00:05,183 [INFO] ThirdParty:1030 - CMSIS Pack Vendor :STMicroelectronics FP-SNS-MOTENV1 4.3.2
2023-10-13 12:00:05,183 [INFO] ThirdParty:1030 - CMSIS Pack Vendor :STMicroelectronics X-CUBE-ALGOBUILD 1.3.0
2023-10-13 12:00:05,183 [INFO] ThirdParty:1030 - CMSIS Pack Vendor :STMicroelectronics FreeRTOS 0.0.1
2023-10-13 12:00:05,183 [INFO] ThirdParty:1030 - CMSIS Pack Vendor :STMicroelectronics X-CUBE-AZRTOS-G0 1.1.0
2023-10-13 12:00:05,183 [INFO] ThirdParty:1030 - CMSIS Pack Vendor :STMicroelectronics X-CUBE-BLEMGR 2.0.0
2023-10-13 12:00:05,183 [INFO] ThirdParty:1030 - CMSIS Pack Vendor :STMicroelectronics X-CUBE-NFC4 3.0.0
2023-10-13 12:00:05,183 [INFO] ThirdParty:1030 - CMSIS Pack Vendor :STMicroelectronics X-CUBE-SUBG2 5.0.0
2023-10-13 12:00:05,184 [INFO] ThirdParty:1030 - CMSIS Pack Vendor :STMicroelectronics STM32_WPAN 1.0.0
2023-10-13 12:00:05,184 [INFO] ThirdParty:1030 - CMSIS Pack Vendor :STMicroelectronics lwIP 2.0.3
2023-10-13 12:00:05,184 [INFO] ThirdParty:1030 - CMSIS Pack Vendor :STMicroelectronics FP-SNS-FLIGHT1 5.0.2
2023-10-13 12:00:05,184 [INFO] ThirdParty:1030 - CMSIS Pack Vendor :STMicroelectronics USB_HOST 1.0.0
2023-10-13 12:00:05,184 [INFO] ThirdParty:1030 - CMSIS Pack Vendor :STMicroelectronics X-CUBE-TOF1 3.3.1
2023-10-13 12:00:05,184 [INFO] ThirdParty:1030 - CMSIS Pack Vendor :STMicroelectronics X-CUBE-AZRTOS-G4 2.0.0
2023-10-13 12:00:05,184 [INFO] ThirdParty:1030 - CMSIS Pack Vendor :STMicroelectronics PDM2PCM 3.1.0
2023-10-13 12:00:05,184 [INFO] ThirdParty:1030 - CMSIS Pack Vendor :STMicroelectronics X-CUBE-AZRTOS-H7 3.1.0
2023-10-13 12:00:05,184 [INFO] ThirdParty:1030 - CMSIS Pack Vendor :Infineon AIROC-Wi-Fi-Bluetooth-STM32 1.5.1
2023-10-13 12:00:05,184 [INFO] ThirdParty:1030 - CMSIS Pack Vendor :STMicroelectronics PDM2PCM 3.3.0
2023-10-13 12:00:05,184 [INFO] ThirdParty:1030 - CMSIS Pack Vendor :STMicroelectronics X-CUBE-DISPLAY 3.0.0
2023-10-13 12:00:05,184 [INFO] ThirdParty:1030 - CMSIS Pack Vendor :STMicroelectronics X-CUBE-BLE1 7.0.0
2023-10-13 12:00:05,184 [INFO] ThirdParty:1030 - CMSIS Pack Vendor :STMicroelectronics FP-ATR-SIGFOX1 3.2.0
2023-10-13 12:00:05,184 [INFO] ThirdParty:1030 - CMSIS Pack Vendor :STMicroelectronics HAL Drivers 0.0.0
2023-10-13 12:00:05,184 [INFO] ThirdParty:1030 - CMSIS Pack Vendor :STMicroelectronics MBEDTLS 2.16.2
2023-10-13 12:00:05,185 [INFO] ThirdParty:1030 - CMSIS Pack Vendor :emotas I-CUBE-CANOPEN 1.3.0
2023-10-13 12:00:05,185 [INFO] ThirdParty:1030 - CMSIS Pack Vendor :STMicroelectronics X-CUBE-FREERTOS 1.1.0
2023-10-13 12:00:05,185 [INFO] ThirdParty:1030 - CMSIS Pack Vendor :STMicroelectronics X-CUBE-TOUCHGFX 4.22.0
2023-10-13 12:00:05,185 [INFO] ThirdParty:1030 - CMSIS Pack Vendor :STMicroelectronics X-CUBE-NFC7 1.0.1
2023-10-13 12:00:05,185 [INFO] ThirdParty:1030 - CMSIS Pack Vendor :STMicroelectronics MBEDTLS 2.14.1
2023-10-13 12:00:05,185 [INFO] ThirdParty:1030 - CMSIS Pack Vendor :STMicroelectronics X-CUBE-TOUCHGFX 4.22.1
2023-10-13 12:00:05,185 [INFO] ThirdParty:1030 - CMSIS Pack Vendor :STMicroelectronics X-CUBE-NFC6 3.0.0
2023-10-13 12:00:05,185 [INFO] ThirdParty:1030 - CMSIS Pack Vendor :STMicroelectronics X-CUBE-EEPRMA1 4.1.0
2023-10-13 12:00:05,185 [INFO] ThirdParty:1030 - CMSIS Pack Vendor :portGmbH I-Cube-SoM-uGOAL 1.1.0
2023-10-13 12:00:05,185 [INFO] ThirdParty:1030 - CMSIS Pack Vendor :STMicroelectronics X-CUBE-ALS 1.0.1
2023-10-13 12:00:05,185 [INFO] ThirdParty:1030 - CMSIS Pack Vendor :STMicroelectronics ThreadX 1.0.0
2023-10-13 12:00:05,185 [INFO] ThirdParty:1030 - CMSIS Pack Vendor :STMicroelectronics FP-SNS-SMARTAG2 1.2.0
2023-10-13 12:00:05,185 [INFO] ThirdParty:1030 - CMSIS Pack Vendor :STMicroelectronics X-CUBE-AZRTOS-WL 2.0.0
2023-10-13 12:00:05,185 [INFO] ThirdParty:1030 - CMSIS Pack Vendor :SEGGER I-CUBE-embOS 1.3.1
2023-10-13 12:00:05,185 [INFO] ThirdParty:1030 - CMSIS Pack Vendor :STMicroelectronics USB_DEVICE 1.0.0
2023-10-13 12:00:05,185 [INFO] ThirdParty:1030 - CMSIS Pack Vendor :STMicroelectronics X-CUBE-AI 8.1.0
2023-10-13 12:00:05,186 [INFO] ThirdParty:1030 - CMSIS Pack Vendor :STMicroelectronics X-CUBE-AZRTOS-L4 2.0.0
2023-10-13 12:00:05,186 [INFO] ThirdParty:1030 - CMSIS Pack Vendor :STMicroelectronics ThreadX 0.0.2
2023-10-13 12:00:05,186 [INFO] ThirdParty:1030 - CMSIS Pack Vendor :WES I-CUBE-Cesium 1.3.0
2023-10-13 12:00:05,186 [INFO] ThirdParty:1030 - CMSIS Pack Vendor :STMicroelectronics FP-ATR-ASTRA1 2.0.0
2023-10-13 12:00:05,186 [INFO] ThirdParty:1030 - CMSIS Pack Vendor :STMicroelectronics lwIP 2.1.2
2023-10-13 12:00:05,186 [INFO] ThirdParty:1030 - CMSIS Pack Vendor :STMicroelectronics X-CUBE-SFXS2LP1 4.0.0
2023-10-13 12:00:05,186 [INFO] ThirdParty:1030 - CMSIS Pack Vendor :STMicroelectronics X-CUBE-BLE2 3.3.0
2023-10-13 12:00:05,186 [INFO] ThirdParty:1030 - CMSIS Pack Vendor :STMicroelectronics PDM2PCM 3.2.0
2023-10-13 12:00:05,186 [INFO] ThirdParty:841 - exiting critical section [change project]
2023-10-13 12:00:05,869 [INFO] PinOutPanel:1499 - setPackage(No Configuration,No Configuration)
2023-10-13 12:00:05,871 [INFO] PinOutPanel:1499 - setPackage(STM32F334C8Tx,LQFP48)
2023-10-13 12:00:06,952 [INFO] UtilMem:75 - Before build in PCC Used Memory: 687698088 Bytes (969932800)
2023-10-13 12:00:08,683 [INFO] UtilMem:75 - After build in PCC Used Memory: 525729792 Bytes (969932800)
2023-10-13 12:00:08,728 [INFO] IPUIPlugin:80 - create IPUIPlugin
2023-10-13 12:00:08,728 [INFO] IPUIPlugin:80 - create IPUIPlugin
2023-10-13 12:00:08,728 [INFO] IPUIPlugin:80 - create IPUIPlugin
2023-10-13 12:00:08,728 [INFO] IPUIPlugin:80 - create IPUIPlugin
2023-10-13 12:00:08,729 [INFO] IPUIPlugin:80 - create IPUIPlugin
2023-10-13 12:00:08,729 [INFO] IPUIPlugin:80 - create IPUIPlugin
2023-10-13 12:00:08,729 [INFO] IPUIPlugin:80 - create IPUIPlugin
2023-10-13 12:00:08,729 [INFO] IPUIPlugin:80 - create IPUIPlugin
2023-10-13 12:00:08,729 [INFO] IPUIPlugin:80 - create IPUIPlugin
2023-10-13 12:00:08,729 [INFO] IPUIPlugin:80 - create IPUIPlugin
2023-10-13 12:00:08,730 [INFO] IPUIPlugin:80 - create IPUIPlugin
2023-10-13 12:00:08,730 [INFO] IPUIPlugin:80 - create IPUIPlugin
2023-10-13 12:00:08,730 [INFO] IPUIPlugin:80 - create IPUIPlugin
2023-10-13 12:00:08,730 [INFO] IPUIPlugin:80 - create IPUIPlugin
2023-10-13 12:00:08,730 [INFO] IPUIPlugin:80 - create IPUIPlugin
2023-10-13 12:00:08,731 [INFO] IPUIPlugin:80 - create IPUIPlugin
2023-10-13 12:00:08,731 [INFO] IPUIPlugin:80 - create IPUIPlugin
2023-10-13 12:00:08,731 [INFO] IPUIPlugin:80 - create IPUIPlugin
2023-10-13 12:00:08,731 [INFO] IPUIPlugin:80 - create IPUIPlugin
2023-10-13 12:00:08,732 [INFO] IPUIPlugin:80 - create IPUIPlugin
2023-10-13 12:00:08,732 [INFO] IPUIPlugin:80 - create IPUIPlugin
2023-10-13 12:00:08,732 [INFO] IPUIPlugin:80 - create IPUIPlugin
2023-10-13 12:00:08,732 [INFO] IPUIPlugin:80 - create IPUIPlugin
2023-10-13 12:00:08,732 [INFO] IPUIPlugin:80 - create IPUIPlugin
2023-10-13 12:00:08,733 [INFO] IPUIPlugin:80 - create IPUIPlugin
2023-10-13 12:00:08,733 [INFO] IPUIPlugin:80 - create IPUIPlugin
2023-10-13 12:00:08,733 [INFO] IPUIPlugin:80 - create IPUIPlugin
2023-10-13 12:00:08,733 [INFO] IPUIPlugin:80 - create IPUIPlugin
2023-10-13 12:00:08,734 [INFO] IPUIPlugin:80 - create IPUIPlugin
2023-10-13 12:00:08,734 [INFO] IPUIPlugin:80 - create IPUIPlugin
2023-10-13 12:00:08,734 [INFO] IPUIPlugin:80 - create IPUIPlugin
2023-10-13 12:00:08,734 [INFO] IPUIPlugin:80 - create IPUIPlugin
2023-10-13 12:00:08,734 [INFO] IPUIPlugin:80 - create IPUIPlugin
2023-10-13 12:00:08,734 [INFO] IPUIPlugin:80 - create IPUIPlugin
2023-10-13 12:00:08,735 [INFO] IPUIPlugin:80 - create IPUIPlugin
2023-10-13 12:00:08,735 [INFO] IPUIPlugin:80 - create IPUIPlugin
2023-10-13 12:00:08,735 [INFO] IPUIPlugin:80 - create IPUIPlugin
2023-10-13 12:00:08,990 [INFO] CADModel:165 - CPN selected for project levelSTM32F334C8T6
2023-10-13 12:00:08,990 [INFO] CADModel:114 - Register for checkConnection events
2023-10-13 12:00:09,036 [INFO] OpenFileManager:328 - Restore cursor
2023-10-13 12:03:35,913 [INFO] NvicIntPanel:101 - NVIC parent = com.st.microxplorer.plugins.ip.nvic.MultiNvicIntPanel[,0,0,499x333,layout=javax.swing.BoxLayout,alignmentX=0.0,alignmentY=0.0,border=,flags=9,maximumSize=,minimumSize=,preferredSize=]
